[0.683s] Invoking command in '/home/ver/Ros/ver_ws/build/ver_basic': PYTHONPATH=/home/ver/Ros/ver_ws/build/ver_basic/prefix_override:/usr/lib/python3/dist-packages/colcon_core/task/python/colcon_distutils_commands:/home/ver/Ros/ver_ws/install/ver_basic/lib/python3.12/site-packages:${PYTHONPATH} /usr/bin/python3 -W ignore:setup.py install is deprecated -W ignore:easy_install command is deprecated setup.py develop --editable --build-directory /home/ver/Ros/ver_ws/build/ver_basic/build --no-deps symlink_data
[0.883s] running develop
[0.989s] running egg_info
[0.999s] writing ver_basic.egg-info/PKG-INFO
[1.000s] writing dependency_links to ver_basic.egg-info/dependency_links.txt
[1.000s] writing entry points to ver_basic.egg-info/entry_points.txt
[1.000s] writing requirements to ver_basic.egg-info/requires.txt
[1.000s] writing top-level names to ver_basic.egg-info/top_level.txt
[1.021s] reading manifest file 'ver_basic.egg-info/SOURCES.txt'
[1.022s] writing manifest file 'ver_basic.egg-info/SOURCES.txt'
[1.036s] running build_ext
[1.036s] Creating /home/ver/Ros/ver_ws/install/ver_basic/lib/python3.12/site-packages/ver-basic.egg-link (link to .)
[1.036s] Installing action_client script to /home/ver/Ros/ver_ws/install/ver_basic/lib/ver_basic
[1.036s] Installing action_server script to /home/ver/Ros/ver_ws/install/ver_basic/lib/ver_basic
[1.037s] Installing class_pub script to /home/ver/Ros/ver_ws/install/ver_basic/lib/ver_basic
[1.037s] Installing class_sub script to /home/ver/Ros/ver_ws/install/ver_basic/lib/ver_basic
[1.037s] Installing header_pub script to /home/ver/Ros/ver_ws/install/ver_basic/lib/ver_basic
[1.037s] Installing m2_sub script to /home/ver/Ros/ver_ws/install/ver_basic/lib/ver_basic
[1.037s] Installing move_turtle_ns script to /home/ver/Ros/ver_ws/install/ver_basic/lib/ver_basic
[1.037s] Installing mpub script to /home/ver/Ros/ver_ws/install/ver_basic/lib/ver_basic
[1.037s] Installing msub script to /home/ver/Ros/ver_ws/install/ver_basic/lib/ver_basic
[1.037s] Installing mt_sub script to /home/ver/Ros/ver_ws/install/ver_basic/lib/ver_basic
[1.037s] Installing mv_turtle script to /home/ver/Ros/ver_ws/install/ver_basic/lib/ver_basic
[1.038s] Installing my_param script to /home/ver/Ros/ver_ws/install/ver_basic/lib/ver_basic
[1.038s] Installing param_async script to /home/ver/Ros/ver_ws/install/ver_basic/lib/ver_basic
[1.038s] Installing qos_test_pub script to /home/ver/Ros/ver_ws/install/ver_basic/lib/ver_basic
[1.038s] Installing qos_test_sub script to /home/ver/Ros/ver_ws/install/ver_basic/lib/ver_basic
[1.038s] Installing service_client script to /home/ver/Ros/ver_ws/install/ver_basic/lib/ver_basic
[1.038s] Installing service_server script to /home/ver/Ros/ver_ws/install/ver_basic/lib/ver_basic
[1.038s] Installing service_thread_server script to /home/ver/Ros/ver_ws/install/ver_basic/lib/ver_basic
[1.038s] Installing simple_pub script to /home/ver/Ros/ver_ws/install/ver_basic/lib/ver_basic
[1.038s] Installing tpub script to /home/ver/Ros/ver_ws/install/ver_basic/lib/ver_basic
[1.038s] Installing user_int_pub script to /home/ver/Ros/ver_ws/install/ver_basic/lib/ver_basic
[1.038s] 
[1.038s] Installed /home/ver/Ros/ver_ws/build/ver_basic
[1.038s] running symlink_data
[1.064s] Invoked command in '/home/ver/Ros/ver_ws/build/ver_basic' returned '0': PYTHONPATH=/home/ver/Ros/ver_ws/build/ver_basic/prefix_override:/usr/lib/python3/dist-packages/colcon_core/task/python/colcon_distutils_commands:/home/ver/Ros/ver_ws/install/ver_basic/lib/python3.12/site-packages:${PYTHONPATH} /usr/bin/python3 -W ignore:setup.py install is deprecated -W ignore:easy_install command is deprecated setup.py develop --editable --build-directory /home/ver/Ros/ver_ws/build/ver_basic/build --no-deps symlink_data
