[0.113s] DEBUG:colcon:Command line arguments: ['/usr/bin/colcon', 'build', '--symlink-install']
[0.113s] DEBUG:colcon:Parsed command line arguments: Namespace(log_base=None, log_level=None, verb_name='build', build_base='build', install_base='install', merge_install=False, symlink_install=True, test_result_base=None, continue_on_error=False, executor='parallel', parallel_workers=16, event_handlers=None, ignore_user_meta=False, metas=['./colcon.meta'], base_paths=['.'], packages_ignore=None, packages_ignore_regex=None, paths=None, packages_up_to=None, packages_up_to_regex=None, packages_above=None, packages_above_and_dependencies=None, packages_above_depth=None, packages_select_by_dep=None, packages_skip_by_dep=None, packages_skip_up_to=None, packages_select_build_failed=False, packages_skip_build_finished=False, packages_select_test_failures=False, packages_skip_test_passed=False, packages_select=None, packages_skip=None, packages_select_regex=None, packages_skip_regex=None, packages_start=None, packages_end=None, allow_overriding=[], cmake_args=None, cmake_target=None, cmake_target_skip_unavailable=False, cmake_clean_cache=False, cmake_clean_first=False, cmake_force_configure=False, ament_cmake_args=None, catkin_cmake_args=None, catkin_skip_building_tests=False, mixin_files=None, mixin=None, verb_parser=<colcon_mixin.mixin.mixin_argument.MixinArgumentDecorator object at 0x7812f0c7e060>, verb_extension=<colcon_core.verb.build.BuildVerb object at 0x7812f0da6810>, main=<bound method BuildVerb.main of <colcon_core.verb.build.BuildVerb object at 0x7812f0da6810>>, mixin_verb=('build',))
[0.138s] Level 1:colcon.colcon_core.package_discovery:discover_packages(colcon_meta) check parameters
[0.138s] Level 1:colcon.colcon_core.package_discovery:discover_packages(recursive) check parameters
[0.138s] Level 1:colcon.colcon_core.package_discovery:discover_packages(ignore) check parameters
[0.138s] Level 1:colcon.colcon_core.package_discovery:discover_packages(path) check parameters
[0.138s] Level 1:colcon.colcon_core.package_discovery:discover_packages(colcon_meta) discover
[0.138s] Level 1:colcon.colcon_core.package_discovery:discover_packages(recursive) discover
[0.138s] INFO:colcon.colcon_core.package_discovery:Crawling recursively for packages in '/home/ver/Ros/ver_ws'
[0.138s] Level 1:colcon.colcon_core.package_identification:_identify(.) by extensions ['ignore', 'ignore_ament_install']
[0.138s] Level 1:colcon.colcon_core.package_identification:_identify(.) by extension 'ignore'
[0.138s] Level 1:colcon.colcon_core.package_identification:_identify(.) by extension 'ignore_ament_install'
[0.138s] Level 1:colcon.colcon_core.package_identification:_identify(.) by extensions ['colcon_pkg']
[0.138s] Level 1:colcon.colcon_core.package_identification:_identify(.) by extension 'colcon_pkg'
[0.138s] Level 1:colcon.colcon_core.package_identification:_identify(.) by extensions ['colcon_meta']
[0.138s] Level 1:colcon.colcon_core.package_identification:_identify(.) by extension 'colcon_meta'
[0.138s] Level 1:colcon.colcon_core.package_identification:_identify(.) by extensions ['ros']
[0.138s] Level 1:colcon.colcon_core.package_identification:_identify(.) by extension 'ros'
[0.158s] Level 1:colcon.colcon_core.package_identification:_identify(.) by extensions ['cmake', 'python']
[0.158s] Level 1:colcon.colcon_core.package_identification:_identify(.) by extension 'cmake'
[0.159s] Level 1:colcon.colcon_core.package_identification:_identify(.) by extension 'python'
[0.159s] Level 1:colcon.colcon_core.package_identification:_identify(.) by extensions ['python_setup_py']
[0.159s] Level 1:colcon.colcon_core.package_identification:_identify(.) by extension 'python_setup_py'
[0.159s] Level 1:colcon.colcon_core.package_identification:_identify(build) by extensions ['ignore', 'ignore_ament_install']
[0.159s] Level 1:colcon.colcon_core.package_identification:_identify(build) by extension 'ignore'
[0.159s] Level 1:colcon.colcon_core.package_identification:_identify(build) ignored
[0.159s] Level 1:colcon.colcon_core.package_identification:_identify(install) by extensions ['ignore', 'ignore_ament_install']
[0.159s] Level 1:colcon.colcon_core.package_identification:_identify(install) by extension 'ignore'
[0.159s] Level 1:colcon.colcon_core.package_identification:_identify(install) ignored
[0.159s] Level 1:colcon.colcon_core.package_identification:_identify(log) by extensions ['ignore', 'ignore_ament_install']
[0.159s] Level 1:colcon.colcon_core.package_identification:_identify(log) by extension 'ignore'
[0.159s] Level 1:colcon.colcon_core.package_identification:_identify(log) ignored
[0.159s] Level 1:colcon.colcon_core.package_identification:_identify(src) by extensions ['ignore', 'ignore_ament_install']
[0.159s] Level 1:colcon.colcon_core.package_identification:_identify(src) by extension 'ignore'
[0.159s] Level 1:colcon.colcon_core.package_identification:_identify(src) by extension 'ignore_ament_install'
[0.159s] Level 1:colcon.colcon_core.package_identification:_identify(src) by extensions ['colcon_pkg']
[0.159s] Level 1:colcon.colcon_core.package_identification:_identify(src) by extension 'colcon_pkg'
[0.159s] Level 1:colcon.colcon_core.package_identification:_identify(src) by extensions ['colcon_meta']
[0.159s] Level 1:colcon.colcon_core.package_identification:_identify(src) by extension 'colcon_meta'
[0.159s] Level 1:colcon.colcon_core.package_identification:_identify(src) by extensions ['ros']
[0.159s] Level 1:colcon.colcon_core.package_identification:_identify(src) by extension 'ros'
[0.159s] Level 1:colcon.colcon_core.package_identification:_identify(src) by extensions ['cmake', 'python']
[0.159s] Level 1:colcon.colcon_core.package_identification:_identify(src) by extension 'cmake'
[0.159s] Level 1:colcon.colcon_core.package_identification:_identify(src) by extension 'python'
[0.159s] Level 1:colcon.colcon_core.package_identification:_identify(src) by extensions ['python_setup_py']
[0.159s] Level 1:colcon.colcon_core.package_identification:_identify(src) by extension 'python_setup_py'
[0.159s] Level 1:colcon.colcon_core.package_identification:_identify(src/build) by extensions ['ignore', 'ignore_ament_install']
[0.159s] Level 1:colcon.colcon_core.package_identification:_identify(src/build) by extension 'ignore'
[0.159s] Level 1:colcon.colcon_core.package_identification:_identify(src/build) by extension 'ignore_ament_install'
[0.159s] Level 1:colcon.colcon_core.package_identification:_identify(src/build) by extensions ['colcon_pkg']
[0.159s] Level 1:colcon.colcon_core.package_identification:_identify(src/build) by extension 'colcon_pkg'
[0.159s] Level 1:colcon.colcon_core.package_identification:_identify(src/build) by extensions ['colcon_meta']
[0.159s] Level 1:colcon.colcon_core.package_identification:_identify(src/build) by extension 'colcon_meta'
[0.159s] Level 1:colcon.colcon_core.package_identification:_identify(src/build) by extensions ['ros']
[0.159s] Level 1:colcon.colcon_core.package_identification:_identify(src/build) by extension 'ros'
[0.159s] Level 1:colcon.colcon_core.package_identification:_identify(src/build) by extensions ['cmake', 'python']
[0.159s] Level 1:colcon.colcon_core.package_identification:_identify(src/build) by extension 'cmake'
[0.159s] Level 1:colcon.colcon_core.package_identification:_identify(src/build) by extension 'python'
[0.160s] Level 1:colcon.colcon_core.package_identification:_identify(src/build) by extensions ['python_setup_py']
[0.160s] Level 1:colcon.colcon_core.package_identification:_identify(src/build) by extension 'python_setup_py'
[0.160s] Level 1:colcon.colcon_core.package_identification:_identify(src/user_interface) by extensions ['ignore', 'ignore_ament_install']
[0.160s] Level 1:colcon.colcon_core.package_identification:_identify(src/user_interface) by extension 'ignore'
[0.160s] Level 1:colcon.colcon_core.package_identification:_identify(src/user_interface) by extension 'ignore_ament_install'
[0.160s] Level 1:colcon.colcon_core.package_identification:_identify(src/user_interface) by extensions ['colcon_pkg']
[0.160s] Level 1:colcon.colcon_core.package_identification:_identify(src/user_interface) by extension 'colcon_pkg'
[0.160s] Level 1:colcon.colcon_core.package_identification:_identify(src/user_interface) by extensions ['colcon_meta']
[0.160s] Level 1:colcon.colcon_core.package_identification:_identify(src/user_interface) by extension 'colcon_meta'
[0.160s] Level 1:colcon.colcon_core.package_identification:_identify(src/user_interface) by extensions ['ros']
[0.160s] Level 1:colcon.colcon_core.package_identification:_identify(src/user_interface) by extension 'ros'
[0.161s] DEBUG:colcon.colcon_core.package_identification:Package 'src/user_interface' with type 'ros.ament_cmake' and name 'user_interface'
[0.161s] Level 1:colcon.colcon_core.package_identification:_identify(src/ver_basic) by extensions ['ignore', 'ignore_ament_install']
[0.161s] Level 1:colcon.colcon_core.package_identification:_identify(src/ver_basic) by extension 'ignore'
[0.161s] Level 1:colcon.colcon_core.package_identification:_identify(src/ver_basic) by extension 'ignore_ament_install'
[0.161s] Level 1:colcon.colcon_core.package_identification:_identify(src/ver_basic) by extensions ['colcon_pkg']
[0.161s] Level 1:colcon.colcon_core.package_identification:_identify(src/ver_basic) by extension 'colcon_pkg'
[0.161s] Level 1:colcon.colcon_core.package_identification:_identify(src/ver_basic) by extensions ['colcon_meta']
[0.161s] Level 1:colcon.colcon_core.package_identification:_identify(src/ver_basic) by extension 'colcon_meta'
[0.161s] Level 1:colcon.colcon_core.package_identification:_identify(src/ver_basic) by extensions ['ros']
[0.161s] Level 1:colcon.colcon_core.package_identification:_identify(src/ver_basic) by extension 'ros'
[0.162s] DEBUG:colcon.colcon_core.package_identification:Package 'src/ver_basic' with type 'ros.ament_python' and name 'ver_basic'
[0.162s] Level 1:colcon.colcon_core.package_discovery:discover_packages(recursive) using defaults
[0.162s] Level 1:colcon.colcon_core.package_discovery:discover_packages(ignore) discover
[0.162s] Level 1:colcon.colcon_core.package_discovery:discover_packages(ignore) using defaults
[0.162s] Level 1:colcon.colcon_core.package_discovery:discover_packages(path) discover
[0.162s] Level 1:colcon.colcon_core.package_discovery:discover_packages(path) using defaults
[0.173s] Level 1:colcon.colcon_core.package_discovery:discover_packages(prefix_path) check parameters
[0.173s] Level 1:colcon.colcon_core.package_discovery:discover_packages(prefix_path) discover
[0.174s] WARNING:colcon.colcon_ros.prefix_path.ament:The path '/home/ver/Ros/ver_ws/install/ver_basic' in the environment variable AMENT_PREFIX_PATH doesn't exist
[0.174s] WARNING:colcon.colcon_ros.prefix_path.ament:The path '/home/ver/Ros/ver_ws/install/user_interface' in the environment variable AMENT_PREFIX_PATH doesn't exist
[0.174s] WARNING:colcon.colcon_ros.prefix_path.catkin:The path '/home/ver/Ros/ver_ws/install/user_interface' in the environment variable CMAKE_PREFIX_PATH doesn't exist
[0.174s] DEBUG:colcon.colcon_installed_package_information.package_discovery:Found 0 installed packages in /home/ver/Ros/ver_ws/install
[0.175s] DEBUG:colcon.colcon_installed_package_information.package_discovery:Found 287 installed packages in /opt/ros/jazzy
[0.175s] Level 1:colcon.colcon_core.package_discovery:discover_packages(prefix_path) using defaults
[0.198s] Level 5:colcon.colcon_core.verb:set package 'user_interface' build argument 'cmake_args' from command line to 'None'
[0.198s] Level 5:colcon.colcon_core.verb:set package 'user_interface' build argument 'cmake_target' from command line to 'None'
[0.198s] Level 5:colcon.colcon_core.verb:set package 'user_interface' build argument 'cmake_target_skip_unavailable' from command line to 'False'
[0.198s] Level 5:colcon.colcon_core.verb:set package 'user_interface' build argument 'cmake_clean_cache' from command line to 'False'
[0.198s] Level 5:colcon.colcon_core.verb:set package 'user_interface' build argument 'cmake_clean_first' from command line to 'False'
[0.198s] Level 5:colcon.colcon_core.verb:set package 'user_interface' build argument 'cmake_force_configure' from command line to 'False'
[0.199s] Level 5:colcon.colcon_core.verb:set package 'user_interface' build argument 'ament_cmake_args' from command line to 'None'
[0.199s] Level 5:colcon.colcon_core.verb:set package 'user_interface' build argument 'catkin_cmake_args' from command line to 'None'
[0.199s] Level 5:colcon.colcon_core.verb:set package 'user_interface' build argument 'catkin_skip_building_tests' from command line to 'False'
[0.199s] DEBUG:colcon.colcon_core.verb:Building package 'user_interface' with the following arguments: {'ament_cmake_args': None, 'build_base': '/home/ver/Ros/ver_ws/build/user_interface', 'catkin_cmake_args': None, 'catkin_skip_building_tests': False, 'cmake_args': None, 'cmake_clean_cache': False, 'cmake_clean_first': False, 'cmake_force_configure': False, 'cmake_target': None, 'cmake_target_skip_unavailable': False, 'install_base': '/home/ver/Ros/ver_ws/install/user_interface', 'merge_install': False, 'path': '/home/ver/Ros/ver_ws/src/user_interface', 'symlink_install': True, 'test_result_base': None}
[0.199s] Level 5:colcon.colcon_core.verb:set package 'ver_basic' build argument 'cmake_args' from command line to 'None'
[0.199s] Level 5:colcon.colcon_core.verb:set package 'ver_basic' build argument 'cmake_target' from command line to 'None'
[0.199s] Level 5:colcon.colcon_core.verb:set package 'ver_basic' build argument 'cmake_target_skip_unavailable' from command line to 'False'
[0.199s] Level 5:colcon.colcon_core.verb:set package 'ver_basic' build argument 'cmake_clean_cache' from command line to 'False'
[0.199s] Level 5:colcon.colcon_core.verb:set package 'ver_basic' build argument 'cmake_clean_first' from command line to 'False'
[0.199s] Level 5:colcon.colcon_core.verb:set package 'ver_basic' build argument 'cmake_force_configure' from command line to 'False'
[0.199s] Level 5:colcon.colcon_core.verb:set package 'ver_basic' build argument 'ament_cmake_args' from command line to 'None'
[0.199s] Level 5:colcon.colcon_core.verb:set package 'ver_basic' build argument 'catkin_cmake_args' from command line to 'None'
[0.199s] Level 5:colcon.colcon_core.verb:set package 'ver_basic' build argument 'catkin_skip_building_tests' from command line to 'False'
[0.199s] DEBUG:colcon.colcon_core.verb:Building package 'ver_basic' with the following arguments: {'ament_cmake_args': None, 'build_base': '/home/ver/Ros/ver_ws/build/ver_basic', 'catkin_cmake_args': None, 'catkin_skip_building_tests': False, 'cmake_args': None, 'cmake_clean_cache': False, 'cmake_clean_first': False, 'cmake_force_configure': False, 'cmake_target': None, 'cmake_target_skip_unavailable': False, 'install_base': '/home/ver/Ros/ver_ws/install/ver_basic', 'merge_install': False, 'path': '/home/ver/Ros/ver_ws/src/ver_basic', 'symlink_install': True, 'test_result_base': None}
[0.199s] INFO:colcon.colcon_core.executor:Executing jobs using 'parallel' executor
[0.200s] DEBUG:colcon.colcon_parallel_executor.executor.parallel:run_until_complete
[0.200s] INFO:colcon.colcon_ros.task.ament_cmake.build:Building ROS package in '/home/ver/Ros/ver_ws/src/user_interface' with build type 'ament_cmake'
[0.200s] INFO:colcon.colcon_cmake.task.cmake.build:Building CMake package in '/home/ver/Ros/ver_ws/src/user_interface'
[0.201s] INFO:colcon.colcon_core.plugin_system:Skipping extension 'colcon_core.shell.bat': Not used on non-Windows systems
[0.201s] INFO:colcon.colcon_core.shell:Skip shell extension 'powershell' for command environment: Not usable outside of PowerShell
[0.201s] DEBUG:colcon.colcon_core.shell:Skip shell extension 'dsv' for command environment
[0.203s] INFO:colcon.colcon_ros.task.ament_python.build:Building ROS package in '/home/ver/Ros/ver_ws/src/ver_basic' with build type 'ament_python'
[0.204s] Level 1:colcon.colcon_core.shell:create_environment_hook('ver_basic', 'ament_prefix_path')
[0.204s] INFO:colcon.colcon_core.shell:Creating environment hook '/home/ver/Ros/ver_ws/install/ver_basic/share/ver_basic/hook/ament_prefix_path.ps1'
[0.206s] INFO:colcon.colcon_core.shell:Creating environment descriptor '/home/ver/Ros/ver_ws/install/ver_basic/share/ver_basic/hook/ament_prefix_path.dsv'
[0.206s] INFO:colcon.colcon_core.shell:Creating environment hook '/home/ver/Ros/ver_ws/install/ver_basic/share/ver_basic/hook/ament_prefix_path.sh'
[0.207s] INFO:colcon.colcon_core.shell:Skip shell extension 'powershell' for command environment: Not usable outside of PowerShell
[0.207s] DEBUG:colcon.colcon_core.shell:Skip shell extension 'dsv' for command environment
[0.214s] DEBUG:colcon.colcon_core.event_handler.log_command:Invoking command in '/home/ver/Ros/ver_ws/build/user_interface': CMAKE_PREFIX_PATH=${CMAKE_PREFIX_PATH}:/home/ver/Ros/ver_ws/install/ver_basic:/opt/ros/jazzy /usr/bin/cmake /home/ver/Ros/ver_ws/src/user_interface -DAMENT_CMAKE_SYMLINK_INSTALL=1 -DCMAKE_INSTALL_PREFIX=/home/ver/Ros/ver_ws/install/user_interface
[0.353s] INFO:colcon.colcon_core.task.python.build:Building Python package in '/home/ver/Ros/ver_ws/src/ver_basic'
[0.353s] INFO:colcon.colcon_core.shell:Skip shell extension 'powershell' for command environment: Not usable outside of PowerShell
[0.353s] DEBUG:colcon.colcon_core.shell:Skip shell extension 'dsv' for command environment
[0.700s] DEBUG:colcon.colcon_core.task.python.build:Available setuptools commands: bdist_dumb, install, test, upload_docs, build_ext, check, saveopts, egg_info, upload, build_clib, init_catalog, build_scripts, compile_catalog, install_lib, update_catalog, develop, clean, setopt, install_headers, install_scripts, register, install_egg_info, symlink_data, easy_install, bdist_egg, editable_wheel, extract_messages, install_data, bdist_rpm, rotate, build_py, bdist, build, sdist, dist_info, alias
[0.907s] DEBUG:colcon.colcon_core.task.python.build:Available setuptools 'develop' options: --index-url, --uninstall, --allow-hosts, --multi-version, --local-snapshots-ok, --record, --exclude-scripts, --always-unzip, --install-dir, --no-user-cfg, --force-installation-into-system-dir, --dry-run, --editable, --egg-path, --optimize, --help, --no-deps, --prefix, --install-layout, --script-dir, --upgrade, --always-copy, --zip-ok, --site-dirs, --find-links, --user, --version, --verbose, --quiet, --no-find-links, --build-directory
[0.909s] DEBUG:colcon.colcon_core.event_handler.log_command:Invoking command in '/home/ver/Ros/ver_ws/build/ver_basic': PYTHONPATH=/home/ver/Ros/ver_ws/build/ver_basic/prefix_override:/usr/lib/python3/dist-packages/colcon_core/task/python/colcon_distutils_commands:/home/ver/Ros/ver_ws/install/ver_basic/lib/python3.12/site-packages:${PYTHONPATH} /usr/bin/python3 -W ignore:setup.py install is deprecated -W ignore:easy_install command is deprecated setup.py develop --editable --build-directory /home/ver/Ros/ver_ws/build/ver_basic/build --no-deps symlink_data
[1.283s] Level 1:colcon.colcon_core.shell:create_environment_hook('ver_basic', 'pythonpath_develop')
[1.284s] INFO:colcon.colcon_core.shell:Creating environment hook '/home/ver/Ros/ver_ws/build/ver_basic/share/ver_basic/hook/pythonpath_develop.ps1'
[1.284s] DEBUG:colcon.colcon_core.event_handler.log_command:Invoked command in '/home/ver/Ros/ver_ws/build/ver_basic' returned '0': PYTHONPATH=/home/ver/Ros/ver_ws/build/ver_basic/prefix_override:/usr/lib/python3/dist-packages/colcon_core/task/python/colcon_distutils_commands:/home/ver/Ros/ver_ws/install/ver_basic/lib/python3.12/site-packages:${PYTHONPATH} /usr/bin/python3 -W ignore:setup.py install is deprecated -W ignore:easy_install command is deprecated setup.py develop --editable --build-directory /home/ver/Ros/ver_ws/build/ver_basic/build --no-deps symlink_data
[1.285s] INFO:colcon.colcon_core.shell:Creating environment descriptor '/home/ver/Ros/ver_ws/build/ver_basic/share/ver_basic/hook/pythonpath_develop.dsv'
[1.285s] INFO:colcon.colcon_core.shell:Creating environment hook '/home/ver/Ros/ver_ws/build/ver_basic/share/ver_basic/hook/pythonpath_develop.sh'
[1.286s] Level 1:colcon.colcon_core.environment:checking '/home/ver/Ros/ver_ws/install/ver_basic' for CMake module files
[1.286s] Level 1:colcon.colcon_core.environment:checking '/home/ver/Ros/ver_ws/install/ver_basic' for CMake config files
[1.287s] Level 1:colcon.colcon_core.environment:checking '/home/ver/Ros/ver_ws/install/ver_basic/lib'
[1.287s] Level 1:colcon.colcon_core.environment:checking '/home/ver/Ros/ver_ws/install/ver_basic/bin'
[1.287s] Level 1:colcon.colcon_core.environment:checking '/home/ver/Ros/ver_ws/install/ver_basic/lib/pkgconfig/ver_basic.pc'
[1.287s] Level 1:colcon.colcon_core.environment:checking '/home/ver/Ros/ver_ws/install/ver_basic/lib/python3.12/site-packages'
[1.287s] Level 1:colcon.colcon_core.shell:create_environment_hook('ver_basic', 'pythonpath')
[1.287s] INFO:colcon.colcon_core.shell:Creating environment hook '/home/ver/Ros/ver_ws/install/ver_basic/share/ver_basic/hook/pythonpath.ps1'
[1.287s] INFO:colcon.colcon_core.shell:Creating environment descriptor '/home/ver/Ros/ver_ws/install/ver_basic/share/ver_basic/hook/pythonpath.dsv'
[1.288s] INFO:colcon.colcon_core.shell:Creating environment hook '/home/ver/Ros/ver_ws/install/ver_basic/share/ver_basic/hook/pythonpath.sh'
[1.288s] Level 1:colcon.colcon_core.environment:checking '/home/ver/Ros/ver_ws/install/ver_basic/bin'
[1.288s] Level 1:colcon.colcon_core.environment:create_environment_scripts_only(ver_basic)
[1.288s] INFO:colcon.colcon_core.shell:Creating package script '/home/ver/Ros/ver_ws/install/ver_basic/share/ver_basic/package.ps1'
[1.289s] INFO:colcon.colcon_core.shell:Creating package descriptor '/home/ver/Ros/ver_ws/install/ver_basic/share/ver_basic/package.dsv'
[1.289s] INFO:colcon.colcon_core.shell:Creating package script '/home/ver/Ros/ver_ws/install/ver_basic/share/ver_basic/package.sh'
[1.289s] INFO:colcon.colcon_core.shell:Creating package script '/home/ver/Ros/ver_ws/install/ver_basic/share/ver_basic/package.bash'
[1.290s] INFO:colcon.colcon_core.shell:Creating package script '/home/ver/Ros/ver_ws/install/ver_basic/share/ver_basic/package.zsh'
[1.290s] Level 1:colcon.colcon_core.environment:create_file_with_runtime_dependencies(/home/ver/Ros/ver_ws/install/ver_basic/share/colcon-core/packages/ver_basic)
[3.229s] DEBUG:colcon.colcon_core.event_handler.log_command:Invoked command in '/home/ver/Ros/ver_ws/build/user_interface' returned '0': CMAKE_PREFIX_PATH=${CMAKE_PREFIX_PATH}:/home/ver/Ros/ver_ws/install/ver_basic:/opt/ros/jazzy /usr/bin/cmake /home/ver/Ros/ver_ws/src/user_interface -DAMENT_CMAKE_SYMLINK_INSTALL=1 -DCMAKE_INSTALL_PREFIX=/home/ver/Ros/ver_ws/install/user_interface
[3.230s] DEBUG:colcon.colcon_core.event_handler.log_command:Invoking command in '/home/ver/Ros/ver_ws/build/user_interface': CMAKE_PREFIX_PATH=${CMAKE_PREFIX_PATH}:/home/ver/Ros/ver_ws/install/ver_basic:/opt/ros/jazzy /usr/bin/cmake --build /home/ver/Ros/ver_ws/build/user_interface -- -j16 -l16
[6.716s] DEBUG:colcon.colcon_core.event_handler.log_command:Invoked command in '/home/ver/Ros/ver_ws/build/user_interface' returned '0': CMAKE_PREFIX_PATH=${CMAKE_PREFIX_PATH}:/home/ver/Ros/ver_ws/install/ver_basic:/opt/ros/jazzy /usr/bin/cmake --build /home/ver/Ros/ver_ws/build/user_interface -- -j16 -l16
[6.724s] DEBUG:colcon.colcon_core.event_handler.log_command:Invoking command in '/home/ver/Ros/ver_ws/build/user_interface': CMAKE_PREFIX_PATH=${CMAKE_PREFIX_PATH}:/home/ver/Ros/ver_ws/install/ver_basic:/opt/ros/jazzy /usr/bin/cmake --install /home/ver/Ros/ver_ws/build/user_interface
[7.372s] Level 1:colcon.colcon_core.environment:create_environment_scripts_only(user_interface)
[7.372s] Level 1:colcon.colcon_core.environment:checking '/home/ver/Ros/ver_ws/install/user_interface' for CMake module files
[7.373s] DEBUG:colcon.colcon_core.event_handler.log_command:Invoked command in '/home/ver/Ros/ver_ws/build/user_interface' returned '0': CMAKE_PREFIX_PATH=${CMAKE_PREFIX_PATH}:/home/ver/Ros/ver_ws/install/ver_basic:/opt/ros/jazzy /usr/bin/cmake --install /home/ver/Ros/ver_ws/build/user_interface
[7.373s] Level 1:colcon.colcon_core.environment:checking '/home/ver/Ros/ver_ws/install/user_interface' for CMake config files
[7.374s] Level 1:colcon.colcon_core.shell:create_environment_hook('user_interface', 'cmake_prefix_path')
[7.374s] INFO:colcon.colcon_core.shell:Creating environment hook '/home/ver/Ros/ver_ws/install/user_interface/share/user_interface/hook/cmake_prefix_path.ps1'
[7.374s] INFO:colcon.colcon_core.shell:Creating environment descriptor '/home/ver/Ros/ver_ws/install/user_interface/share/user_interface/hook/cmake_prefix_path.dsv'
[7.374s] INFO:colcon.colcon_core.shell:Creating environment hook '/home/ver/Ros/ver_ws/install/user_interface/share/user_interface/hook/cmake_prefix_path.sh'
[7.375s] Level 1:colcon.colcon_core.environment:checking '/home/ver/Ros/ver_ws/install/user_interface/lib'
[7.375s] Level 1:colcon.colcon_core.shell:create_environment_hook('user_interface', 'ld_library_path_lib')
[7.375s] INFO:colcon.colcon_core.shell:Creating environment hook '/home/ver/Ros/ver_ws/install/user_interface/share/user_interface/hook/ld_library_path_lib.ps1'
[7.375s] INFO:colcon.colcon_core.shell:Creating environment descriptor '/home/ver/Ros/ver_ws/install/user_interface/share/user_interface/hook/ld_library_path_lib.dsv'
[7.375s] INFO:colcon.colcon_core.shell:Creating environment hook '/home/ver/Ros/ver_ws/install/user_interface/share/user_interface/hook/ld_library_path_lib.sh'
[7.375s] Level 1:colcon.colcon_core.environment:checking '/home/ver/Ros/ver_ws/install/user_interface/bin'
[7.376s] Level 1:colcon.colcon_core.environment:checking '/home/ver/Ros/ver_ws/install/user_interface/lib/pkgconfig/user_interface.pc'
[7.376s] Level 1:colcon.colcon_core.environment:checking '/home/ver/Ros/ver_ws/install/user_interface/lib/python3.12/site-packages'
[7.376s] Level 1:colcon.colcon_core.shell:create_environment_hook('user_interface', 'pythonpath')
[7.376s] INFO:colcon.colcon_core.shell:Creating environment hook '/home/ver/Ros/ver_ws/install/user_interface/share/user_interface/hook/pythonpath.ps1'
[7.376s] INFO:colcon.colcon_core.shell:Creating environment descriptor '/home/ver/Ros/ver_ws/install/user_interface/share/user_interface/hook/pythonpath.dsv'
[7.376s] INFO:colcon.colcon_core.shell:Creating environment hook '/home/ver/Ros/ver_ws/install/user_interface/share/user_interface/hook/pythonpath.sh'
[7.377s] Level 1:colcon.colcon_core.environment:checking '/home/ver/Ros/ver_ws/install/user_interface/bin'
[7.377s] INFO:colcon.colcon_core.shell:Creating package script '/home/ver/Ros/ver_ws/install/user_interface/share/user_interface/package.ps1'
[7.377s] INFO:colcon.colcon_core.shell:Creating package descriptor '/home/ver/Ros/ver_ws/install/user_interface/share/user_interface/package.dsv'
[7.377s] INFO:colcon.colcon_core.shell:Creating package script '/home/ver/Ros/ver_ws/install/user_interface/share/user_interface/package.sh'
[7.378s] INFO:colcon.colcon_core.shell:Creating package script '/home/ver/Ros/ver_ws/install/user_interface/share/user_interface/package.bash'
[7.378s] INFO:colcon.colcon_core.shell:Creating package script '/home/ver/Ros/ver_ws/install/user_interface/share/user_interface/package.zsh'
[7.378s] Level 1:colcon.colcon_core.environment:create_file_with_runtime_dependencies(/home/ver/Ros/ver_ws/install/user_interface/share/colcon-core/packages/user_interface)
[7.378s] Level 1:colcon.colcon_core.environment:create_environment_scripts_only(user_interface)
[7.379s] Level 1:colcon.colcon_core.environment:checking '/home/ver/Ros/ver_ws/install/user_interface' for CMake module files
[7.379s] Level 1:colcon.colcon_core.environment:checking '/home/ver/Ros/ver_ws/install/user_interface' for CMake config files
[7.379s] Level 1:colcon.colcon_core.shell:create_environment_hook('user_interface', 'cmake_prefix_path')
[7.379s] INFO:colcon.colcon_core.shell:Creating environment hook '/home/ver/Ros/ver_ws/install/user_interface/share/user_interface/hook/cmake_prefix_path.ps1'
[7.380s] INFO:colcon.colcon_core.shell:Creating environment descriptor '/home/ver/Ros/ver_ws/install/user_interface/share/user_interface/hook/cmake_prefix_path.dsv'
[7.380s] INFO:colcon.colcon_core.shell:Creating environment hook '/home/ver/Ros/ver_ws/install/user_interface/share/user_interface/hook/cmake_prefix_path.sh'
[7.380s] Level 1:colcon.colcon_core.environment:checking '/home/ver/Ros/ver_ws/install/user_interface/lib'
[7.380s] Level 1:colcon.colcon_core.shell:create_environment_hook('user_interface', 'ld_library_path_lib')
[7.380s] INFO:colcon.colcon_core.shell:Creating environment hook '/home/ver/Ros/ver_ws/install/user_interface/share/user_interface/hook/ld_library_path_lib.ps1'
[7.381s] INFO:colcon.colcon_core.shell:Creating environment descriptor '/home/ver/Ros/ver_ws/install/user_interface/share/user_interface/hook/ld_library_path_lib.dsv'
[7.381s] INFO:colcon.colcon_core.shell:Creating environment hook '/home/ver/Ros/ver_ws/install/user_interface/share/user_interface/hook/ld_library_path_lib.sh'
[7.382s] Level 1:colcon.colcon_core.environment:checking '/home/ver/Ros/ver_ws/install/user_interface/bin'
[7.382s] Level 1:colcon.colcon_core.environment:checking '/home/ver/Ros/ver_ws/install/user_interface/lib/pkgconfig/user_interface.pc'
[7.382s] Level 1:colcon.colcon_core.environment:checking '/home/ver/Ros/ver_ws/install/user_interface/lib/python3.12/site-packages'
[7.382s] Level 1:colcon.colcon_core.shell:create_environment_hook('user_interface', 'pythonpath')
[7.382s] INFO:colcon.colcon_core.shell:Creating environment hook '/home/ver/Ros/ver_ws/install/user_interface/share/user_interface/hook/pythonpath.ps1'
[7.382s] INFO:colcon.colcon_core.shell:Creating environment descriptor '/home/ver/Ros/ver_ws/install/user_interface/share/user_interface/hook/pythonpath.dsv'
[7.383s] INFO:colcon.colcon_core.shell:Creating environment hook '/home/ver/Ros/ver_ws/install/user_interface/share/user_interface/hook/pythonpath.sh'
[7.383s] Level 1:colcon.colcon_core.environment:checking '/home/ver/Ros/ver_ws/install/user_interface/bin'
[7.384s] INFO:colcon.colcon_core.shell:Creating package script '/home/ver/Ros/ver_ws/install/user_interface/share/user_interface/package.ps1'
[7.384s] INFO:colcon.colcon_core.shell:Creating package descriptor '/home/ver/Ros/ver_ws/install/user_interface/share/user_interface/package.dsv'
[7.384s] INFO:colcon.colcon_core.shell:Creating package script '/home/ver/Ros/ver_ws/install/user_interface/share/user_interface/package.sh'
[7.385s] INFO:colcon.colcon_core.shell:Creating package script '/home/ver/Ros/ver_ws/install/user_interface/share/user_interface/package.bash'
[7.385s] INFO:colcon.colcon_core.shell:Creating package script '/home/ver/Ros/ver_ws/install/user_interface/share/user_interface/package.zsh'
[7.385s] Level 1:colcon.colcon_core.environment:create_file_with_runtime_dependencies(/home/ver/Ros/ver_ws/install/user_interface/share/colcon-core/packages/user_interface)
[7.385s] DEBUG:colcon.colcon_parallel_executor.executor.parallel:closing loop
[7.386s] DEBUG:colcon.colcon_parallel_executor.executor.parallel:loop closed
[7.386s] DEBUG:colcon.colcon_parallel_executor.executor.parallel:run_until_complete finished with '0'
[7.386s] DEBUG:colcon.colcon_core.event_reactor:joining thread
[7.406s] INFO:colcon.colcon_core.plugin_system:Skipping extension 'colcon_notification.desktop_notification.notify_send': Could not find 'notify-send'
[7.406s] INFO:colcon.colcon_core.plugin_system:Skipping extension 'colcon_notification.desktop_notification.terminal_notifier': Not used on non-Darwin systems
[7.406s] INFO:colcon.colcon_core.plugin_system:Skipping extension 'colcon_notification.desktop_notification.win32': Not used on non-Windows systems
[7.406s] INFO:colcon.colcon_notification.desktop_notification:Sending desktop notification using 'notify2'
[7.407s] DEBUG:colcon.colcon_notification.desktop_notification.notify2:Failed to initialize notify2: org.freedesktop.DBus.Error.ServiceUnknown: The name org.freedesktop.Notifications was not provided by any .service files
[7.407s] DEBUG:colcon.colcon_core.event_reactor:joined thread
[7.407s] INFO:colcon.colcon_core.shell:Creating prefix script '/home/ver/Ros/ver_ws/install/local_setup.ps1'
[7.408s] INFO:colcon.colcon_core.shell:Creating prefix util module '/home/ver/Ros/ver_ws/install/_local_setup_util_ps1.py'
[7.408s] INFO:colcon.colcon_core.shell:Creating prefix chain script '/home/ver/Ros/ver_ws/install/setup.ps1'
[7.409s] INFO:colcon.colcon_core.shell:Creating prefix script '/home/ver/Ros/ver_ws/install/local_setup.sh'
[7.409s] INFO:colcon.colcon_core.shell:Creating prefix util module '/home/ver/Ros/ver_ws/install/_local_setup_util_sh.py'
[7.409s] INFO:colcon.colcon_core.shell:Creating prefix chain script '/home/ver/Ros/ver_ws/install/setup.sh'
[7.410s] INFO:colcon.colcon_core.shell:Creating prefix script '/home/ver/Ros/ver_ws/install/local_setup.bash'
[7.410s] INFO:colcon.colcon_core.shell:Creating prefix chain script '/home/ver/Ros/ver_ws/install/setup.bash'
[7.411s] INFO:colcon.colcon_core.shell:Creating prefix script '/home/ver/Ros/ver_ws/install/local_setup.zsh'
[7.411s] INFO:colcon.colcon_core.shell:Creating prefix chain script '/home/ver/Ros/ver_ws/install/setup.zsh'
