[0.175s] DEBUG:colcon:Command line arguments: ['/usr/bin/colcon', 'build', '--packages-select', 'ver_basic', '--symlink-install']
[0.175s] DEBUG:colcon:Parsed command line arguments: Namespace(log_base=None, log_level=None, verb_name='build', build_base='build', install_base='install', merge_install=False, symlink_install=True, test_result_base=None, continue_on_error=False, executor='parallel', parallel_workers=16, event_handlers=None, ignore_user_meta=False, metas=['./colcon.meta'], base_paths=['.'], packages_ignore=None, packages_ignore_regex=None, paths=None, packages_up_to=None, packages_up_to_regex=None, packages_above=None, packages_above_and_dependencies=None, packages_above_depth=None, packages_select_by_dep=None, packages_skip_by_dep=None, packages_skip_up_to=None, packages_select_build_failed=False, packages_skip_build_finished=False, packages_select_test_failures=False, packages_skip_test_passed=False, packages_select=['ver_basic'], packages_skip=None, packages_select_regex=None, packages_skip_regex=None, packages_start=None, packages_end=None, allow_overriding=[], cmake_args=None, cmake_target=None, cmake_target_skip_unavailable=False, cmake_clean_cache=False, cmake_clean_first=False, cmake_force_configure=False, ament_cmake_args=None, catkin_cmake_args=None, catkin_skip_building_tests=False, mixin_files=None, mixin=None, verb_parser=<colcon_mixin.mixin.mixin_argument.MixinArgumentDecorator object at 0x70ffec249f40>, verb_extension=<colcon_core.verb.build.BuildVerb object at 0x70ffec3b2540>, main=<bound method BuildVerb.main of <colcon_core.verb.build.BuildVerb object at 0x70ffec3b2540>>, mixin_verb=('build',))
[0.220s] Level 1:colcon.colcon_core.package_discovery:discover_packages(colcon_meta) check parameters
[0.220s] Level 1:colcon.colcon_core.package_discovery:discover_packages(recursive) check parameters
[0.220s] Level 1:colcon.colcon_core.package_discovery:discover_packages(ignore) check parameters
[0.220s] Level 1:colcon.colcon_core.package_discovery:discover_packages(path) check parameters
[0.220s] Level 1:colcon.colcon_core.package_discovery:discover_packages(colcon_meta) discover
[0.220s] Level 1:colcon.colcon_core.package_discovery:discover_packages(recursive) discover
[0.220s] INFO:colcon.colcon_core.package_discovery:Crawling recursively for packages in '/home/ver/Ros/ver_ws'
[0.220s] Level 1:colcon.colcon_core.package_identification:_identify(.) by extensions ['ignore', 'ignore_ament_install']
[0.220s] Level 1:colcon.colcon_core.package_identification:_identify(.) by extension 'ignore'
[0.220s] Level 1:colcon.colcon_core.package_identification:_identify(.) by extension 'ignore_ament_install'
[0.220s] Level 1:colcon.colcon_core.package_identification:_identify(.) by extensions ['colcon_pkg']
[0.220s] Level 1:colcon.colcon_core.package_identification:_identify(.) by extension 'colcon_pkg'
[0.220s] Level 1:colcon.colcon_core.package_identification:_identify(.) by extensions ['colcon_meta']
[0.220s] Level 1:colcon.colcon_core.package_identification:_identify(.) by extension 'colcon_meta'
[0.221s] Level 1:colcon.colcon_core.package_identification:_identify(.) by extensions ['ros']
[0.221s] Level 1:colcon.colcon_core.package_identification:_identify(.) by extension 'ros'
[0.243s] Level 1:colcon.colcon_core.package_identification:_identify(.) by extensions ['cmake', 'python']
[0.243s] Level 1:colcon.colcon_core.package_identification:_identify(.) by extension 'cmake'
[0.243s] Level 1:colcon.colcon_core.package_identification:_identify(.) by extension 'python'
[0.243s] Level 1:colcon.colcon_core.package_identification:_identify(.) by extensions ['python_setup_py']
[0.243s] Level 1:colcon.colcon_core.package_identification:_identify(.) by extension 'python_setup_py'
[0.243s] Level 1:colcon.colcon_core.package_identification:_identify(build) by extensions ['ignore', 'ignore_ament_install']
[0.244s] Level 1:colcon.colcon_core.package_identification:_identify(build) by extension 'ignore'
[0.244s] Level 1:colcon.colcon_core.package_identification:_identify(build) ignored
[0.244s] Level 1:colcon.colcon_core.package_identification:_identify(install) by extensions ['ignore', 'ignore_ament_install']
[0.244s] Level 1:colcon.colcon_core.package_identification:_identify(install) by extension 'ignore'
[0.244s] Level 1:colcon.colcon_core.package_identification:_identify(install) ignored
[0.244s] Level 1:colcon.colcon_core.package_identification:_identify(log) by extensions ['ignore', 'ignore_ament_install']
[0.244s] Level 1:colcon.colcon_core.package_identification:_identify(log) by extension 'ignore'
[0.244s] Level 1:colcon.colcon_core.package_identification:_identify(log) ignored
[0.244s] Level 1:colcon.colcon_core.package_identification:_identify(src) by extensions ['ignore', 'ignore_ament_install']
[0.244s] Level 1:colcon.colcon_core.package_identification:_identify(src) by extension 'ignore'
[0.244s] Level 1:colcon.colcon_core.package_identification:_identify(src) by extension 'ignore_ament_install'
[0.244s] Level 1:colcon.colcon_core.package_identification:_identify(src) by extensions ['colcon_pkg']
[0.244s] Level 1:colcon.colcon_core.package_identification:_identify(src) by extension 'colcon_pkg'
[0.244s] Level 1:colcon.colcon_core.package_identification:_identify(src) by extensions ['colcon_meta']
[0.244s] Level 1:colcon.colcon_core.package_identification:_identify(src) by extension 'colcon_meta'
[0.244s] Level 1:colcon.colcon_core.package_identification:_identify(src) by extensions ['ros']
[0.245s] Level 1:colcon.colcon_core.package_identification:_identify(src) by extension 'ros'
[0.245s] Level 1:colcon.colcon_core.package_identification:_identify(src) by extensions ['cmake', 'python']
[0.245s] Level 1:colcon.colcon_core.package_identification:_identify(src) by extension 'cmake'
[0.245s] Level 1:colcon.colcon_core.package_identification:_identify(src) by extension 'python'
[0.245s] Level 1:colcon.colcon_core.package_identification:_identify(src) by extensions ['python_setup_py']
[0.245s] Level 1:colcon.colcon_core.package_identification:_identify(src) by extension 'python_setup_py'
[0.245s] Level 1:colcon.colcon_core.package_identification:_identify(src/build) by extensions ['ignore', 'ignore_ament_install']
[0.245s] Level 1:colcon.colcon_core.package_identification:_identify(src/build) by extension 'ignore'
[0.245s] Level 1:colcon.colcon_core.package_identification:_identify(src/build) by extension 'ignore_ament_install'
[0.245s] Level 1:colcon.colcon_core.package_identification:_identify(src/build) by extensions ['colcon_pkg']
[0.245s] Level 1:colcon.colcon_core.package_identification:_identify(src/build) by extension 'colcon_pkg'
[0.245s] Level 1:colcon.colcon_core.package_identification:_identify(src/build) by extensions ['colcon_meta']
[0.245s] Level 1:colcon.colcon_core.package_identification:_identify(src/build) by extension 'colcon_meta'
[0.245s] Level 1:colcon.colcon_core.package_identification:_identify(src/build) by extensions ['ros']
[0.245s] Level 1:colcon.colcon_core.package_identification:_identify(src/build) by extension 'ros'
[0.245s] Level 1:colcon.colcon_core.package_identification:_identify(src/build) by extensions ['cmake', 'python']
[0.245s] Level 1:colcon.colcon_core.package_identification:_identify(src/build) by extension 'cmake'
[0.245s] Level 1:colcon.colcon_core.package_identification:_identify(src/build) by extension 'python'
[0.245s] Level 1:colcon.colcon_core.package_identification:_identify(src/build) by extensions ['python_setup_py']
[0.245s] Level 1:colcon.colcon_core.package_identification:_identify(src/build) by extension 'python_setup_py'
[0.245s] Level 1:colcon.colcon_core.package_identification:_identify(src/user_interface) by extensions ['ignore', 'ignore_ament_install']
[0.245s] Level 1:colcon.colcon_core.package_identification:_identify(src/user_interface) by extension 'ignore'
[0.246s] Level 1:colcon.colcon_core.package_identification:_identify(src/user_interface) by extension 'ignore_ament_install'
[0.246s] Level 1:colcon.colcon_core.package_identification:_identify(src/user_interface) by extensions ['colcon_pkg']
[0.246s] Level 1:colcon.colcon_core.package_identification:_identify(src/user_interface) by extension 'colcon_pkg'
[0.246s] Level 1:colcon.colcon_core.package_identification:_identify(src/user_interface) by extensions ['colcon_meta']
[0.246s] Level 1:colcon.colcon_core.package_identification:_identify(src/user_interface) by extension 'colcon_meta'
[0.246s] Level 1:colcon.colcon_core.package_identification:_identify(src/user_interface) by extensions ['ros']
[0.246s] Level 1:colcon.colcon_core.package_identification:_identify(src/user_interface) by extension 'ros'
[0.249s] DEBUG:colcon.colcon_core.package_identification:Package 'src/user_interface' with type 'ros.ament_cmake' and name 'user_interface'
[0.249s] Level 1:colcon.colcon_core.package_identification:_identify(src/ver_basic) by extensions ['ignore', 'ignore_ament_install']
[0.249s] Level 1:colcon.colcon_core.package_identification:_identify(src/ver_basic) by extension 'ignore'
[0.249s] Level 1:colcon.colcon_core.package_identification:_identify(src/ver_basic) by extension 'ignore_ament_install'
[0.249s] Level 1:colcon.colcon_core.package_identification:_identify(src/ver_basic) by extensions ['colcon_pkg']
[0.249s] Level 1:colcon.colcon_core.package_identification:_identify(src/ver_basic) by extension 'colcon_pkg'
[0.249s] Level 1:colcon.colcon_core.package_identification:_identify(src/ver_basic) by extensions ['colcon_meta']
[0.249s] Level 1:colcon.colcon_core.package_identification:_identify(src/ver_basic) by extension 'colcon_meta'
[0.249s] Level 1:colcon.colcon_core.package_identification:_identify(src/ver_basic) by extensions ['ros']
[0.249s] Level 1:colcon.colcon_core.package_identification:_identify(src/ver_basic) by extension 'ros'
[0.250s] DEBUG:colcon.colcon_core.package_identification:Package 'src/ver_basic' with type 'ros.ament_python' and name 'ver_basic'
[0.250s] Level 1:colcon.colcon_core.package_discovery:discover_packages(recursive) using defaults
[0.250s] Level 1:colcon.colcon_core.package_discovery:discover_packages(ignore) discover
[0.250s] Level 1:colcon.colcon_core.package_discovery:discover_packages(ignore) using defaults
[0.250s] Level 1:colcon.colcon_core.package_discovery:discover_packages(path) discover
[0.250s] Level 1:colcon.colcon_core.package_discovery:discover_packages(path) using defaults
[0.271s] INFO:colcon.colcon_core.package_selection:Skipping not selected package 'user_interface' in 'src/user_interface'
[0.272s] Level 1:colcon.colcon_core.package_discovery:discover_packages(prefix_path) check parameters
[0.272s] Level 1:colcon.colcon_core.package_discovery:discover_packages(prefix_path) discover
[0.275s] DEBUG:colcon.colcon_installed_package_information.package_discovery:Found 2 installed packages in /home/ver/Ros/ver_ws/install
[0.276s] DEBUG:colcon.colcon_installed_package_information.package_discovery:Found 287 installed packages in /opt/ros/jazzy
[0.276s] Level 1:colcon.colcon_core.package_discovery:discover_packages(prefix_path) using defaults
[0.327s] Level 5:colcon.colcon_core.verb:set package 'ver_basic' build argument 'cmake_args' from command line to 'None'
[0.327s] Level 5:colcon.colcon_core.verb:set package 'ver_basic' build argument 'cmake_target' from command line to 'None'
[0.327s] Level 5:colcon.colcon_core.verb:set package 'ver_basic' build argument 'cmake_target_skip_unavailable' from command line to 'False'
[0.327s] Level 5:colcon.colcon_core.verb:set package 'ver_basic' build argument 'cmake_clean_cache' from command line to 'False'
[0.327s] Level 5:colcon.colcon_core.verb:set package 'ver_basic' build argument 'cmake_clean_first' from command line to 'False'
[0.327s] Level 5:colcon.colcon_core.verb:set package 'ver_basic' build argument 'cmake_force_configure' from command line to 'False'
[0.327s] Level 5:colcon.colcon_core.verb:set package 'ver_basic' build argument 'ament_cmake_args' from command line to 'None'
[0.327s] Level 5:colcon.colcon_core.verb:set package 'ver_basic' build argument 'catkin_cmake_args' from command line to 'None'
[0.327s] Level 5:colcon.colcon_core.verb:set package 'ver_basic' build argument 'catkin_skip_building_tests' from command line to 'False'
[0.327s] DEBUG:colcon.colcon_core.verb:Building package 'ver_basic' with the following arguments: {'ament_cmake_args': None, 'build_base': '/home/ver/Ros/ver_ws/build/ver_basic', 'catkin_cmake_args': None, 'catkin_skip_building_tests': False, 'cmake_args': None, 'cmake_clean_cache': False, 'cmake_clean_first': False, 'cmake_force_configure': False, 'cmake_target': None, 'cmake_target_skip_unavailable': False, 'install_base': '/home/ver/Ros/ver_ws/install/ver_basic', 'merge_install': False, 'path': '/home/ver/Ros/ver_ws/src/ver_basic', 'symlink_install': True, 'test_result_base': None}
[0.328s] INFO:colcon.colcon_core.executor:Executing jobs using 'parallel' executor
[0.328s] DEBUG:colcon.colcon_parallel_executor.executor.parallel:run_until_complete
[0.329s] INFO:colcon.colcon_ros.task.ament_python.build:Building ROS package in '/home/ver/Ros/ver_ws/src/ver_basic' with build type 'ament_python'
[0.329s] Level 1:colcon.colcon_core.shell:create_environment_hook('ver_basic', 'ament_prefix_path')
[0.332s] INFO:colcon.colcon_core.plugin_system:Skipping extension 'colcon_core.shell.bat': Not used on non-Windows systems
[0.333s] INFO:colcon.colcon_core.shell:Creating environment hook '/home/ver/Ros/ver_ws/install/ver_basic/share/ver_basic/hook/ament_prefix_path.ps1'
[0.335s] INFO:colcon.colcon_core.shell:Creating environment descriptor '/home/ver/Ros/ver_ws/install/ver_basic/share/ver_basic/hook/ament_prefix_path.dsv'
[0.335s] INFO:colcon.colcon_core.shell:Creating environment hook '/home/ver/Ros/ver_ws/install/ver_basic/share/ver_basic/hook/ament_prefix_path.sh'
[0.336s] INFO:colcon.colcon_core.shell:Skip shell extension 'powershell' for command environment: Not usable outside of PowerShell
[0.336s] DEBUG:colcon.colcon_core.shell:Skip shell extension 'dsv' for command environment
[0.477s] INFO:colcon.colcon_core.task.python.build:Building Python package in '/home/ver/Ros/ver_ws/src/ver_basic'
[0.477s] INFO:colcon.colcon_core.shell:Skip shell extension 'powershell' for command environment: Not usable outside of PowerShell
[0.477s] DEBUG:colcon.colcon_core.shell:Skip shell extension 'dsv' for command environment
[1.037s] DEBUG:colcon.colcon_core.task.python.build:Available setuptools commands: bdist_rpm, install_headers, bdist_egg, build_scripts, clean, install_lib, compile_catalog, dist_info, egg_info, develop, extract_messages, check, upload, update_catalog, alias, bdist_dumb, install_scripts, install_data, install_egg_info, register, test, init_catalog, bdist, build_clib, build_ext, editable_wheel, rotate, build_py, easy_install, upload_docs, build, install, setopt, saveopts, sdist, symlink_data
[1.231s] DEBUG:colcon.colcon_core.task.python.build:Available setuptools 'develop' options: --allow-hosts, --quiet, --install-dir, --always-unzip, --upgrade, --dry-run, --no-user-cfg, --user, --egg-path, --verbose, --no-deps, --local-snapshots-ok, --record, --find-links, --help, --zip-ok, --index-url, --editable, --prefix, --build-directory, --install-layout, --uninstall, --always-copy, --exclude-scripts, --site-dirs, --version, --multi-version, --optimize, --script-dir, --no-find-links, --force-installation-into-system-dir
[1.234s] DEBUG:colcon.colcon_core.event_handler.log_command:Invoking command in '/home/ver/Ros/ver_ws/build/ver_basic': PYTHONPATH=/home/ver/Ros/ver_ws/build/ver_basic/prefix_override:/usr/lib/python3/dist-packages/colcon_core/task/python/colcon_distutils_commands:/home/ver/Ros/ver_ws/install/ver_basic/lib/python3.12/site-packages:${PYTHONPATH} /usr/bin/python3 -W ignore:setup.py install is deprecated -W ignore:easy_install command is deprecated setup.py develop --editable --build-directory /home/ver/Ros/ver_ws/build/ver_basic/build --no-deps symlink_data
[1.604s] Level 1:colcon.colcon_core.shell:create_environment_hook('ver_basic', 'pythonpath_develop')
[1.605s] INFO:colcon.colcon_core.shell:Creating environment hook '/home/ver/Ros/ver_ws/build/ver_basic/share/ver_basic/hook/pythonpath_develop.ps1'
[1.605s] DEBUG:colcon.colcon_core.event_handler.log_command:Invoked command in '/home/ver/Ros/ver_ws/build/ver_basic' returned '0': PYTHONPATH=/home/ver/Ros/ver_ws/build/ver_basic/prefix_override:/usr/lib/python3/dist-packages/colcon_core/task/python/colcon_distutils_commands:/home/ver/Ros/ver_ws/install/ver_basic/lib/python3.12/site-packages:${PYTHONPATH} /usr/bin/python3 -W ignore:setup.py install is deprecated -W ignore:easy_install command is deprecated setup.py develop --editable --build-directory /home/ver/Ros/ver_ws/build/ver_basic/build --no-deps symlink_data
[1.605s] INFO:colcon.colcon_core.shell:Creating environment descriptor '/home/ver/Ros/ver_ws/build/ver_basic/share/ver_basic/hook/pythonpath_develop.dsv'
[1.606s] INFO:colcon.colcon_core.shell:Creating environment hook '/home/ver/Ros/ver_ws/build/ver_basic/share/ver_basic/hook/pythonpath_develop.sh'
[1.610s] Level 1:colcon.colcon_core.environment:checking '/home/ver/Ros/ver_ws/install/ver_basic' for CMake module files
[1.610s] Level 1:colcon.colcon_core.environment:checking '/home/ver/Ros/ver_ws/install/ver_basic' for CMake config files
[1.612s] Level 1:colcon.colcon_core.environment:checking '/home/ver/Ros/ver_ws/install/ver_basic/lib'
[1.612s] Level 1:colcon.colcon_core.environment:checking '/home/ver/Ros/ver_ws/install/ver_basic/bin'
[1.612s] Level 1:colcon.colcon_core.environment:checking '/home/ver/Ros/ver_ws/install/ver_basic/lib/pkgconfig/ver_basic.pc'
[1.612s] Level 1:colcon.colcon_core.environment:checking '/home/ver/Ros/ver_ws/install/ver_basic/lib/python3.12/site-packages'
[1.612s] Level 1:colcon.colcon_core.shell:create_environment_hook('ver_basic', 'pythonpath')
[1.612s] INFO:colcon.colcon_core.shell:Creating environment hook '/home/ver/Ros/ver_ws/install/ver_basic/share/ver_basic/hook/pythonpath.ps1'
[1.613s] INFO:colcon.colcon_core.shell:Creating environment descriptor '/home/ver/Ros/ver_ws/install/ver_basic/share/ver_basic/hook/pythonpath.dsv'
[1.613s] INFO:colcon.colcon_core.shell:Creating environment hook '/home/ver/Ros/ver_ws/install/ver_basic/share/ver_basic/hook/pythonpath.sh'
[1.613s] Level 1:colcon.colcon_core.environment:checking '/home/ver/Ros/ver_ws/install/ver_basic/bin'
[1.613s] Level 1:colcon.colcon_core.environment:create_environment_scripts_only(ver_basic)
[1.614s] INFO:colcon.colcon_core.shell:Creating package script '/home/ver/Ros/ver_ws/install/ver_basic/share/ver_basic/package.ps1'
[1.614s] INFO:colcon.colcon_core.shell:Creating package descriptor '/home/ver/Ros/ver_ws/install/ver_basic/share/ver_basic/package.dsv'
[1.615s] INFO:colcon.colcon_core.shell:Creating package script '/home/ver/Ros/ver_ws/install/ver_basic/share/ver_basic/package.sh'
[1.616s] INFO:colcon.colcon_core.shell:Creating package script '/home/ver/Ros/ver_ws/install/ver_basic/share/ver_basic/package.bash'
[1.616s] INFO:colcon.colcon_core.shell:Creating package script '/home/ver/Ros/ver_ws/install/ver_basic/share/ver_basic/package.zsh'
[1.617s] Level 1:colcon.colcon_core.environment:create_file_with_runtime_dependencies(/home/ver/Ros/ver_ws/install/ver_basic/share/colcon-core/packages/ver_basic)
[1.617s] DEBUG:colcon.colcon_parallel_executor.executor.parallel:closing loop
[1.617s] DEBUG:colcon.colcon_parallel_executor.executor.parallel:loop closed
[1.617s] DEBUG:colcon.colcon_parallel_executor.executor.parallel:run_until_complete finished with '0'
[1.618s] DEBUG:colcon.colcon_core.event_reactor:joining thread
[1.645s] INFO:colcon.colcon_core.plugin_system:Skipping extension 'colcon_notification.desktop_notification.notify_send': Could not find 'notify-send'
[1.645s] INFO:colcon.colcon_core.plugin_system:Skipping extension 'colcon_notification.desktop_notification.terminal_notifier': Not used on non-Darwin systems
[1.645s] INFO:colcon.colcon_core.plugin_system:Skipping extension 'colcon_notification.desktop_notification.win32': Not used on non-Windows systems
[1.645s] INFO:colcon.colcon_notification.desktop_notification:Sending desktop notification using 'notify2'
[1.646s] DEBUG:colcon.colcon_notification.desktop_notification.notify2:Failed to initialize notify2: org.freedesktop.DBus.Error.ServiceUnknown: The name org.freedesktop.Notifications was not provided by any .service files
[1.646s] DEBUG:colcon.colcon_core.event_reactor:joined thread
[1.647s] INFO:colcon.colcon_core.shell:Creating prefix script '/home/ver/Ros/ver_ws/install/local_setup.ps1'
[1.647s] INFO:colcon.colcon_core.shell:Creating prefix util module '/home/ver/Ros/ver_ws/install/_local_setup_util_ps1.py'
[1.648s] INFO:colcon.colcon_core.shell:Creating prefix chain script '/home/ver/Ros/ver_ws/install/setup.ps1'
[1.649s] INFO:colcon.colcon_core.shell:Creating prefix script '/home/ver/Ros/ver_ws/install/local_setup.sh'
[1.650s] INFO:colcon.colcon_core.shell:Creating prefix util module '/home/ver/Ros/ver_ws/install/_local_setup_util_sh.py'
[1.650s] INFO:colcon.colcon_core.shell:Creating prefix chain script '/home/ver/Ros/ver_ws/install/setup.sh'
[1.651s] INFO:colcon.colcon_core.shell:Creating prefix script '/home/ver/Ros/ver_ws/install/local_setup.bash'
[1.652s] INFO:colcon.colcon_core.shell:Creating prefix chain script '/home/ver/Ros/ver_ws/install/setup.bash'
[1.652s] INFO:colcon.colcon_core.shell:Creating prefix script '/home/ver/Ros/ver_ws/install/local_setup.zsh'
[1.653s] INFO:colcon.colcon_core.shell:Creating prefix chain script '/home/ver/Ros/ver_ws/install/setup.zsh'
