[0.207s] DEBUG:colcon:Command line arguments: ['/usr/bin/colcon', 'build', '--symlink-install']
[0.207s] DEBUG:colcon:Parsed command line arguments: Namespace(log_base=None, log_level=None, verb_name='build', build_base='build', install_base='install', merge_install=False, symlink_install=True, test_result_base=None, continue_on_error=False, executor='parallel', parallel_workers=16, event_handlers=None, ignore_user_meta=False, metas=['./colcon.meta'], base_paths=['.'], packages_ignore=None, packages_ignore_regex=None, paths=None, packages_up_to=None, packages_up_to_regex=None, packages_above=None, packages_above_and_dependencies=None, packages_above_depth=None, packages_select_by_dep=None, packages_skip_by_dep=None, packages_skip_up_to=None, packages_select_build_failed=False, packages_skip_build_finished=False, packages_select_test_failures=False, packages_skip_test_passed=False, packages_select=None, packages_skip=None, packages_select_regex=None, packages_skip_regex=None, packages_start=None, packages_end=None, allow_overriding=[], cmake_args=None, cmake_target=None, cmake_target_skip_unavailable=False, cmake_clean_cache=False, cmake_clean_first=False, cmake_force_configure=False, ament_cmake_args=None, catkin_cmake_args=None, catkin_skip_building_tests=False, mixin_files=None, mixin=None, verb_parser=<colcon_mixin.mixin.mixin_argument.MixinArgumentDecorator object at 0x78815fb32090>, verb_extension=<colcon_core.verb.build.BuildVerb object at 0x7881604cb140>, main=<bound method BuildVerb.main of <colcon_core.verb.build.BuildVerb object at 0x7881604cb140>>, mixin_verb=('build',))
[0.251s] Level 1:colcon.colcon_core.package_discovery:discover_packages(colcon_meta) check parameters
[0.252s] Level 1:colcon.colcon_core.package_discovery:discover_packages(recursive) check parameters
[0.252s] Level 1:colcon.colcon_core.package_discovery:discover_packages(ignore) check parameters
[0.252s] Level 1:colcon.colcon_core.package_discovery:discover_packages(path) check parameters
[0.252s] Level 1:colcon.colcon_core.package_discovery:discover_packages(colcon_meta) discover
[0.252s] Level 1:colcon.colcon_core.package_discovery:discover_packages(recursive) discover
[0.252s] INFO:colcon.colcon_core.package_discovery:Crawling recursively for packages in '/home/ver/Ros/ver_ws'
[0.252s] Level 1:colcon.colcon_core.package_identification:_identify(.) by extensions ['ignore', 'ignore_ament_install']
[0.252s] Level 1:colcon.colcon_core.package_identification:_identify(.) by extension 'ignore'
[0.252s] Level 1:colcon.colcon_core.package_identification:_identify(.) by extension 'ignore_ament_install'
[0.252s] Level 1:colcon.colcon_core.package_identification:_identify(.) by extensions ['colcon_pkg']
[0.252s] Level 1:colcon.colcon_core.package_identification:_identify(.) by extension 'colcon_pkg'
[0.252s] Level 1:colcon.colcon_core.package_identification:_identify(.) by extensions ['colcon_meta']
[0.252s] Level 1:colcon.colcon_core.package_identification:_identify(.) by extension 'colcon_meta'
[0.252s] Level 1:colcon.colcon_core.package_identification:_identify(.) by extensions ['ros']
[0.252s] Level 1:colcon.colcon_core.package_identification:_identify(.) by extension 'ros'
[0.279s] Level 1:colcon.colcon_core.package_identification:_identify(.) by extensions ['cmake', 'python']
[0.279s] Level 1:colcon.colcon_core.package_identification:_identify(.) by extension 'cmake'
[0.279s] Level 1:colcon.colcon_core.package_identification:_identify(.) by extension 'python'
[0.279s] Level 1:colcon.colcon_core.package_identification:_identify(.) by extensions ['python_setup_py']
[0.279s] Level 1:colcon.colcon_core.package_identification:_identify(.) by extension 'python_setup_py'
[0.279s] Level 1:colcon.colcon_core.package_identification:_identify(build) by extensions ['ignore', 'ignore_ament_install']
[0.279s] Level 1:colcon.colcon_core.package_identification:_identify(build) by extension 'ignore'
[0.279s] Level 1:colcon.colcon_core.package_identification:_identify(build) ignored
[0.280s] Level 1:colcon.colcon_core.package_identification:_identify(install) by extensions ['ignore', 'ignore_ament_install']
[0.280s] Level 1:colcon.colcon_core.package_identification:_identify(install) by extension 'ignore'
[0.280s] Level 1:colcon.colcon_core.package_identification:_identify(install) ignored
[0.280s] Level 1:colcon.colcon_core.package_identification:_identify(log) by extensions ['ignore', 'ignore_ament_install']
[0.280s] Level 1:colcon.colcon_core.package_identification:_identify(log) by extension 'ignore'
[0.280s] Level 1:colcon.colcon_core.package_identification:_identify(log) ignored
[0.280s] Level 1:colcon.colcon_core.package_identification:_identify(src) by extensions ['ignore', 'ignore_ament_install']
[0.280s] Level 1:colcon.colcon_core.package_identification:_identify(src) by extension 'ignore'
[0.280s] Level 1:colcon.colcon_core.package_identification:_identify(src) by extension 'ignore_ament_install'
[0.280s] Level 1:colcon.colcon_core.package_identification:_identify(src) by extensions ['colcon_pkg']
[0.280s] Level 1:colcon.colcon_core.package_identification:_identify(src) by extension 'colcon_pkg'
[0.280s] Level 1:colcon.colcon_core.package_identification:_identify(src) by extensions ['colcon_meta']
[0.280s] Level 1:colcon.colcon_core.package_identification:_identify(src) by extension 'colcon_meta'
[0.280s] Level 1:colcon.colcon_core.package_identification:_identify(src) by extensions ['ros']
[0.280s] Level 1:colcon.colcon_core.package_identification:_identify(src) by extension 'ros'
[0.280s] Level 1:colcon.colcon_core.package_identification:_identify(src) by extensions ['cmake', 'python']
[0.280s] Level 1:colcon.colcon_core.package_identification:_identify(src) by extension 'cmake'
[0.280s] Level 1:colcon.colcon_core.package_identification:_identify(src) by extension 'python'
[0.280s] Level 1:colcon.colcon_core.package_identification:_identify(src) by extensions ['python_setup_py']
[0.280s] Level 1:colcon.colcon_core.package_identification:_identify(src) by extension 'python_setup_py'
[0.281s] Level 1:colcon.colcon_core.package_identification:_identify(src/build) by extensions ['ignore', 'ignore_ament_install']
[0.281s] Level 1:colcon.colcon_core.package_identification:_identify(src/build) by extension 'ignore'
[0.281s] Level 1:colcon.colcon_core.package_identification:_identify(src/build) by extension 'ignore_ament_install'
[0.281s] Level 1:colcon.colcon_core.package_identification:_identify(src/build) by extensions ['colcon_pkg']
[0.281s] Level 1:colcon.colcon_core.package_identification:_identify(src/build) by extension 'colcon_pkg'
[0.281s] Level 1:colcon.colcon_core.package_identification:_identify(src/build) by extensions ['colcon_meta']
[0.281s] Level 1:colcon.colcon_core.package_identification:_identify(src/build) by extension 'colcon_meta'
[0.281s] Level 1:colcon.colcon_core.package_identification:_identify(src/build) by extensions ['ros']
[0.281s] Level 1:colcon.colcon_core.package_identification:_identify(src/build) by extension 'ros'
[0.281s] Level 1:colcon.colcon_core.package_identification:_identify(src/build) by extensions ['cmake', 'python']
[0.281s] Level 1:colcon.colcon_core.package_identification:_identify(src/build) by extension 'cmake'
[0.281s] Level 1:colcon.colcon_core.package_identification:_identify(src/build) by extension 'python'
[0.281s] Level 1:colcon.colcon_core.package_identification:_identify(src/build) by extensions ['python_setup_py']
[0.281s] Level 1:colcon.colcon_core.package_identification:_identify(src/build) by extension 'python_setup_py'
[0.281s] Level 1:colcon.colcon_core.package_identification:_identify(src/gong_manipulator_20206) by extensions ['ignore', 'ignore_ament_install']
[0.281s] Level 1:colcon.colcon_core.package_identification:_identify(src/gong_manipulator_20206) by extension 'ignore'
[0.281s] Level 1:colcon.colcon_core.package_identification:_identify(src/gong_manipulator_20206) by extension 'ignore_ament_install'
[0.281s] Level 1:colcon.colcon_core.package_identification:_identify(src/gong_manipulator_20206) by extensions ['colcon_pkg']
[0.281s] Level 1:colcon.colcon_core.package_identification:_identify(src/gong_manipulator_20206) by extension 'colcon_pkg'
[0.281s] Level 1:colcon.colcon_core.package_identification:_identify(src/gong_manipulator_20206) by extensions ['colcon_meta']
[0.281s] Level 1:colcon.colcon_core.package_identification:_identify(src/gong_manipulator_20206) by extension 'colcon_meta'
[0.281s] Level 1:colcon.colcon_core.package_identification:_identify(src/gong_manipulator_20206) by extensions ['ros']
[0.281s] Level 1:colcon.colcon_core.package_identification:_identify(src/gong_manipulator_20206) by extension 'ros'
[0.281s] Level 1:colcon.colcon_core.package_identification:_identify(src/gong_manipulator_20206) by extensions ['cmake', 'python']
[0.281s] Level 1:colcon.colcon_core.package_identification:_identify(src/gong_manipulator_20206) by extension 'cmake'
[0.281s] Level 1:colcon.colcon_core.package_identification:_identify(src/gong_manipulator_20206) by extension 'python'
[0.281s] Level 1:colcon.colcon_core.package_identification:_identify(src/gong_manipulator_20206) by extensions ['python_setup_py']
[0.281s] Level 1:colcon.colcon_core.package_identification:_identify(src/gong_manipulator_20206) by extension 'python_setup_py'
[0.281s] Level 1:colcon.colcon_core.package_identification:_identify(src/gong_manipulator_20206/doc) by extensions ['ignore', 'ignore_ament_install']
[0.281s] Level 1:colcon.colcon_core.package_identification:_identify(src/gong_manipulator_20206/doc) by extension 'ignore'
[0.281s] Level 1:colcon.colcon_core.package_identification:_identify(src/gong_manipulator_20206/doc) by extension 'ignore_ament_install'
[0.281s] Level 1:colcon.colcon_core.package_identification:_identify(src/gong_manipulator_20206/doc) by extensions ['colcon_pkg']
[0.281s] Level 1:colcon.colcon_core.package_identification:_identify(src/gong_manipulator_20206/doc) by extension 'colcon_pkg'
[0.281s] Level 1:colcon.colcon_core.package_identification:_identify(src/gong_manipulator_20206/doc) by extensions ['colcon_meta']
[0.281s] Level 1:colcon.colcon_core.package_identification:_identify(src/gong_manipulator_20206/doc) by extension 'colcon_meta'
[0.282s] Level 1:colcon.colcon_core.package_identification:_identify(src/gong_manipulator_20206/doc) by extensions ['ros']
[0.282s] Level 1:colcon.colcon_core.package_identification:_identify(src/gong_manipulator_20206/doc) by extension 'ros'
[0.282s] Level 1:colcon.colcon_core.package_identification:_identify(src/gong_manipulator_20206/doc) by extensions ['cmake', 'python']
[0.282s] Level 1:colcon.colcon_core.package_identification:_identify(src/gong_manipulator_20206/doc) by extension 'cmake'
[0.282s] Level 1:colcon.colcon_core.package_identification:_identify(src/gong_manipulator_20206/doc) by extension 'python'
[0.282s] Level 1:colcon.colcon_core.package_identification:_identify(src/gong_manipulator_20206/doc) by extensions ['python_setup_py']
[0.282s] Level 1:colcon.colcon_core.package_identification:_identify(src/gong_manipulator_20206/doc) by extension 'python_setup_py'
[0.282s] Level 1:colcon.colcon_core.package_identification:_identify(src/gong_manipulator_20206/doc/ppt) by extensions ['ignore', 'ignore_ament_install']
[0.282s] Level 1:colcon.colcon_core.package_identification:_identify(src/gong_manipulator_20206/doc/ppt) by extension 'ignore'
[0.282s] Level 1:colcon.colcon_core.package_identification:_identify(src/gong_manipulator_20206/doc/ppt) by extension 'ignore_ament_install'
[0.282s] Level 1:colcon.colcon_core.package_identification:_identify(src/gong_manipulator_20206/doc/ppt) by extensions ['colcon_pkg']
[0.282s] Level 1:colcon.colcon_core.package_identification:_identify(src/gong_manipulator_20206/doc/ppt) by extension 'colcon_pkg'
[0.282s] Level 1:colcon.colcon_core.package_identification:_identify(src/gong_manipulator_20206/doc/ppt) by extensions ['colcon_meta']
[0.282s] Level 1:colcon.colcon_core.package_identification:_identify(src/gong_manipulator_20206/doc/ppt) by extension 'colcon_meta'
[0.282s] Level 1:colcon.colcon_core.package_identification:_identify(src/gong_manipulator_20206/doc/ppt) by extensions ['ros']
[0.282s] Level 1:colcon.colcon_core.package_identification:_identify(src/gong_manipulator_20206/doc/ppt) by extension 'ros'
[0.282s] Level 1:colcon.colcon_core.package_identification:_identify(src/gong_manipulator_20206/doc/ppt) by extensions ['cmake', 'python']
[0.282s] Level 1:colcon.colcon_core.package_identification:_identify(src/gong_manipulator_20206/doc/ppt) by extension 'cmake'
[0.282s] Level 1:colcon.colcon_core.package_identification:_identify(src/gong_manipulator_20206/doc/ppt) by extension 'python'
[0.282s] Level 1:colcon.colcon_core.package_identification:_identify(src/gong_manipulator_20206/doc/ppt) by extensions ['python_setup_py']
[0.282s] Level 1:colcon.colcon_core.package_identification:_identify(src/gong_manipulator_20206/doc/ppt) by extension 'python_setup_py'
[0.282s] Level 1:colcon.colcon_core.package_identification:_identify(src/gong_manipulator_20206/gong_ws) by extensions ['ignore', 'ignore_ament_install']
[0.282s] Level 1:colcon.colcon_core.package_identification:_identify(src/gong_manipulator_20206/gong_ws) by extension 'ignore'
[0.282s] Level 1:colcon.colcon_core.package_identification:_identify(src/gong_manipulator_20206/gong_ws) by extension 'ignore_ament_install'
[0.282s] Level 1:colcon.colcon_core.package_identification:_identify(src/gong_manipulator_20206/gong_ws) by extensions ['colcon_pkg']
[0.282s] Level 1:colcon.colcon_core.package_identification:_identify(src/gong_manipulator_20206/gong_ws) by extension 'colcon_pkg'
[0.282s] Level 1:colcon.colcon_core.package_identification:_identify(src/gong_manipulator_20206/gong_ws) by extensions ['colcon_meta']
[0.282s] Level 1:colcon.colcon_core.package_identification:_identify(src/gong_manipulator_20206/gong_ws) by extension 'colcon_meta'
[0.282s] Level 1:colcon.colcon_core.package_identification:_identify(src/gong_manipulator_20206/gong_ws) by extensions ['ros']
[0.282s] Level 1:colcon.colcon_core.package_identification:_identify(src/gong_manipulator_20206/gong_ws) by extension 'ros'
[0.282s] Level 1:colcon.colcon_core.package_identification:_identify(src/gong_manipulator_20206/gong_ws) by extensions ['cmake', 'python']
[0.282s] Level 1:colcon.colcon_core.package_identification:_identify(src/gong_manipulator_20206/gong_ws) by extension 'cmake'
[0.282s] Level 1:colcon.colcon_core.package_identification:_identify(src/gong_manipulator_20206/gong_ws) by extension 'python'
[0.282s] Level 1:colcon.colcon_core.package_identification:_identify(src/gong_manipulator_20206/gong_ws) by extensions ['python_setup_py']
[0.282s] Level 1:colcon.colcon_core.package_identification:_identify(src/gong_manipulator_20206/gong_ws) by extension 'python_setup_py'
[0.282s] Level 1:colcon.colcon_core.package_identification:_identify(src/gong_manipulator_20206/gong_ws/src) by extensions ['ignore', 'ignore_ament_install']
[0.282s] Level 1:colcon.colcon_core.package_identification:_identify(src/gong_manipulator_20206/gong_ws/src) by extension 'ignore'
[0.282s] Level 1:colcon.colcon_core.package_identification:_identify(src/gong_manipulator_20206/gong_ws/src) by extension 'ignore_ament_install'
[0.282s] Level 1:colcon.colcon_core.package_identification:_identify(src/gong_manipulator_20206/gong_ws/src) by extensions ['colcon_pkg']
[0.282s] Level 1:colcon.colcon_core.package_identification:_identify(src/gong_manipulator_20206/gong_ws/src) by extension 'colcon_pkg'
[0.283s] Level 1:colcon.colcon_core.package_identification:_identify(src/gong_manipulator_20206/gong_ws/src) by extensions ['colcon_meta']
[0.283s] Level 1:colcon.colcon_core.package_identification:_identify(src/gong_manipulator_20206/gong_ws/src) by extension 'colcon_meta'
[0.283s] Level 1:colcon.colcon_core.package_identification:_identify(src/gong_manipulator_20206/gong_ws/src) by extensions ['ros']
[0.283s] Level 1:colcon.colcon_core.package_identification:_identify(src/gong_manipulator_20206/gong_ws/src) by extension 'ros'
[0.283s] Level 1:colcon.colcon_core.package_identification:_identify(src/gong_manipulator_20206/gong_ws/src) by extensions ['cmake', 'python']
[0.283s] Level 1:colcon.colcon_core.package_identification:_identify(src/gong_manipulator_20206/gong_ws/src) by extension 'cmake'
[0.283s] Level 1:colcon.colcon_core.package_identification:_identify(src/gong_manipulator_20206/gong_ws/src) by extension 'python'
[0.283s] Level 1:colcon.colcon_core.package_identification:_identify(src/gong_manipulator_20206/gong_ws/src) by extensions ['python_setup_py']
[0.283s] Level 1:colcon.colcon_core.package_identification:_identify(src/gong_manipulator_20206/gong_ws/src) by extension 'python_setup_py'
[0.283s] Level 1:colcon.colcon_core.package_identification:_identify(src/gong_manipulator_20206/gong_ws/src/gong_basic) by extensions ['ignore', 'ignore_ament_install']
[0.283s] Level 1:colcon.colcon_core.package_identification:_identify(src/gong_manipulator_20206/gong_ws/src/gong_basic) by extension 'ignore'
[0.283s] Level 1:colcon.colcon_core.package_identification:_identify(src/gong_manipulator_20206/gong_ws/src/gong_basic) by extension 'ignore_ament_install'
[0.283s] Level 1:colcon.colcon_core.package_identification:_identify(src/gong_manipulator_20206/gong_ws/src/gong_basic) by extensions ['colcon_pkg']
[0.283s] Level 1:colcon.colcon_core.package_identification:_identify(src/gong_manipulator_20206/gong_ws/src/gong_basic) by extension 'colcon_pkg'
[0.283s] Level 1:colcon.colcon_core.package_identification:_identify(src/gong_manipulator_20206/gong_ws/src/gong_basic) by extensions ['colcon_meta']
[0.283s] Level 1:colcon.colcon_core.package_identification:_identify(src/gong_manipulator_20206/gong_ws/src/gong_basic) by extension 'colcon_meta'
[0.283s] Level 1:colcon.colcon_core.package_identification:_identify(src/gong_manipulator_20206/gong_ws/src/gong_basic) by extensions ['ros']
[0.283s] Level 1:colcon.colcon_core.package_identification:_identify(src/gong_manipulator_20206/gong_ws/src/gong_basic) by extension 'ros'
[0.286s] DEBUG:colcon.colcon_core.package_identification:Package 'src/gong_manipulator_20206/gong_ws/src/gong_basic' with type 'ros.ament_python' and name 'gong_basic'
[0.286s] Level 1:colcon.colcon_core.package_identification:_identify(src/gong_manipulator_20206/gong_ws/src/tf2_basic) by extensions ['ignore', 'ignore_ament_install']
[0.286s] Level 1:colcon.colcon_core.package_identification:_identify(src/gong_manipulator_20206/gong_ws/src/tf2_basic) by extension 'ignore'
[0.287s] Level 1:colcon.colcon_core.package_identification:_identify(src/gong_manipulator_20206/gong_ws/src/tf2_basic) by extension 'ignore_ament_install'
[0.287s] Level 1:colcon.colcon_core.package_identification:_identify(src/gong_manipulator_20206/gong_ws/src/tf2_basic) by extensions ['colcon_pkg']
[0.287s] Level 1:colcon.colcon_core.package_identification:_identify(src/gong_manipulator_20206/gong_ws/src/tf2_basic) by extension 'colcon_pkg'
[0.287s] Level 1:colcon.colcon_core.package_identification:_identify(src/gong_manipulator_20206/gong_ws/src/tf2_basic) by extensions ['colcon_meta']
[0.287s] Level 1:colcon.colcon_core.package_identification:_identify(src/gong_manipulator_20206/gong_ws/src/tf2_basic) by extension 'colcon_meta'
[0.287s] Level 1:colcon.colcon_core.package_identification:_identify(src/gong_manipulator_20206/gong_ws/src/tf2_basic) by extensions ['ros']
[0.287s] Level 1:colcon.colcon_core.package_identification:_identify(src/gong_manipulator_20206/gong_ws/src/tf2_basic) by extension 'ros'
[0.288s] DEBUG:colcon.colcon_core.package_identification:Package 'src/gong_manipulator_20206/gong_ws/src/tf2_basic' with type 'ros.ament_python' and name 'tf2_basic'
[0.288s] Level 1:colcon.colcon_core.package_identification:_identify(src/gong_manipulator_20206/gong_ws/src/user_interface) by extensions ['ignore', 'ignore_ament_install']
[0.288s] Level 1:colcon.colcon_core.package_identification:_identify(src/gong_manipulator_20206/gong_ws/src/user_interface) by extension 'ignore'
[0.288s] Level 1:colcon.colcon_core.package_identification:_identify(src/gong_manipulator_20206/gong_ws/src/user_interface) by extension 'ignore_ament_install'
[0.288s] Level 1:colcon.colcon_core.package_identification:_identify(src/gong_manipulator_20206/gong_ws/src/user_interface) by extensions ['colcon_pkg']
[0.288s] Level 1:colcon.colcon_core.package_identification:_identify(src/gong_manipulator_20206/gong_ws/src/user_interface) by extension 'colcon_pkg'
[0.288s] Level 1:colcon.colcon_core.package_identification:_identify(src/gong_manipulator_20206/gong_ws/src/user_interface) by extensions ['colcon_meta']
[0.288s] Level 1:colcon.colcon_core.package_identification:_identify(src/gong_manipulator_20206/gong_ws/src/user_interface) by extension 'colcon_meta'
[0.288s] Level 1:colcon.colcon_core.package_identification:_identify(src/gong_manipulator_20206/gong_ws/src/user_interface) by extensions ['ros']
[0.288s] Level 1:colcon.colcon_core.package_identification:_identify(src/gong_manipulator_20206/gong_ws/src/user_interface) by extension 'ros'
[0.288s] DEBUG:colcon.colcon_core.package_identification:Package 'src/gong_manipulator_20206/gong_ws/src/user_interface' with type 'ros.ament_cmake' and name 'user_interface'
[0.289s] Level 1:colcon.colcon_core.package_identification:_identify(src/user_interface) by extensions ['ignore', 'ignore_ament_install']
[0.289s] Level 1:colcon.colcon_core.package_identification:_identify(src/user_interface) by extension 'ignore'
[0.289s] Level 1:colcon.colcon_core.package_identification:_identify(src/user_interface) by extension 'ignore_ament_install'
[0.289s] Level 1:colcon.colcon_core.package_identification:_identify(src/user_interface) by extensions ['colcon_pkg']
[0.289s] Level 1:colcon.colcon_core.package_identification:_identify(src/user_interface) by extension 'colcon_pkg'
[0.289s] Level 1:colcon.colcon_core.package_identification:_identify(src/user_interface) by extensions ['colcon_meta']
[0.289s] Level 1:colcon.colcon_core.package_identification:_identify(src/user_interface) by extension 'colcon_meta'
[0.289s] Level 1:colcon.colcon_core.package_identification:_identify(src/user_interface) by extensions ['ros']
[0.289s] Level 1:colcon.colcon_core.package_identification:_identify(src/user_interface) by extension 'ros'
[0.289s] DEBUG:colcon.colcon_core.package_identification:Package 'src/user_interface' with type 'ros.ament_cmake' and name 'user_interface'
[0.290s] Level 1:colcon.colcon_core.package_identification:_identify(src/ver_basic) by extensions ['ignore', 'ignore_ament_install']
[0.290s] Level 1:colcon.colcon_core.package_identification:_identify(src/ver_basic) by extension 'ignore'
[0.290s] Level 1:colcon.colcon_core.package_identification:_identify(src/ver_basic) by extension 'ignore_ament_install'
[0.290s] Level 1:colcon.colcon_core.package_identification:_identify(src/ver_basic) by extensions ['colcon_pkg']
[0.290s] Level 1:colcon.colcon_core.package_identification:_identify(src/ver_basic) by extension 'colcon_pkg'
[0.290s] Level 1:colcon.colcon_core.package_identification:_identify(src/ver_basic) by extensions ['colcon_meta']
[0.290s] Level 1:colcon.colcon_core.package_identification:_identify(src/ver_basic) by extension 'colcon_meta'
[0.290s] Level 1:colcon.colcon_core.package_identification:_identify(src/ver_basic) by extensions ['ros']
[0.290s] Level 1:colcon.colcon_core.package_identification:_identify(src/ver_basic) by extension 'ros'
[0.290s] DEBUG:colcon.colcon_core.package_identification:Package 'src/ver_basic' with type 'ros.ament_python' and name 'ver_basic'
[0.290s] Level 1:colcon.colcon_core.package_discovery:discover_packages(recursive) using defaults
[0.290s] Level 1:colcon.colcon_core.package_discovery:discover_packages(ignore) discover
[0.290s] Level 1:colcon.colcon_core.package_discovery:discover_packages(ignore) using defaults
[0.291s] Level 1:colcon.colcon_core.package_discovery:discover_packages(path) discover
[0.291s] Level 1:colcon.colcon_core.package_discovery:discover_packages(path) using defaults
[0.313s] Level 1:colcon.colcon_core.package_discovery:discover_packages(prefix_path) check parameters
[0.313s] Level 1:colcon.colcon_core.package_discovery:discover_packages(prefix_path) discover
[0.315s] DEBUG:colcon.colcon_installed_package_information.package_discovery:Found 2 installed packages in /home/ver/Ros/ver_ws/install
[0.316s] DEBUG:colcon.colcon_installed_package_information.package_discovery:Found 287 installed packages in /opt/ros/jazzy
[0.317s] Level 1:colcon.colcon_core.package_discovery:discover_packages(prefix_path) using defaults
[0.372s] ERROR:colcon:colcon build: Duplicate package names not supported:
- user_interface:
  - src/gong_manipulator_20206/gong_ws/src/user_interface
  - src/user_interface
