[0.705s] Invoking command in '/home/ver/Ros/ver_ws/build/ver_basic': PYTHONPATH=/home/ver/Ros/ver_ws/build/ver_basic/prefix_override:/usr/lib/python3/dist-packages/colcon_core/task/python/colcon_distutils_commands:/home/ver/Ros/ver_ws/install/ver_basic/lib/python3.12/site-packages:${PYTHONPATH} /usr/bin/python3 -W ignore:setup.py install is deprecated -W ignore:easy_install command is deprecated setup.py develop --editable --build-directory /home/ver/Ros/ver_ws/build/ver_basic/build --no-deps symlink_data
[0.903s] running develop
[1.006s] running egg_info
[1.006s] creating ver_basic.egg-info
[1.020s] writing ver_basic.egg-info/PKG-INFO
[1.020s] writing dependency_links to ver_basic.egg-info/dependency_links.txt
[1.020s] writing entry points to ver_basic.egg-info/entry_points.txt
[1.020s] writing requirements to ver_basic.egg-info/requires.txt
[1.020s] writing top-level names to ver_basic.egg-info/top_level.txt
[1.021s] writing manifest file 'ver_basic.egg-info/SOURCES.txt'
[1.041s] reading manifest file 'ver_basic.egg-info/SOURCES.txt'
[1.042s] writing manifest file 'ver_basic.egg-info/SOURCES.txt'
[1.053s] running build_ext
[1.053s] Creating /home/ver/Ros/ver_ws/install/ver_basic/lib/python3.12/site-packages/ver-basic.egg-link (link to .)
[1.054s] Installing action_client script to /home/ver/Ros/ver_ws/install/ver_basic/lib/ver_basic
[1.054s] Installing action_server script to /home/ver/Ros/ver_ws/install/ver_basic/lib/ver_basic
[1.054s] Installing class_pub script to /home/ver/Ros/ver_ws/install/ver_basic/lib/ver_basic
[1.054s] Installing class_sub script to /home/ver/Ros/ver_ws/install/ver_basic/lib/ver_basic
[1.054s] Installing header_pub script to /home/ver/Ros/ver_ws/install/ver_basic/lib/ver_basic
[1.054s] Installing m2_sub script to /home/ver/Ros/ver_ws/install/ver_basic/lib/ver_basic
[1.054s] Installing mpub script to /home/ver/Ros/ver_ws/install/ver_basic/lib/ver_basic
[1.055s] Installing msub script to /home/ver/Ros/ver_ws/install/ver_basic/lib/ver_basic
[1.055s] Installing mt_sub script to /home/ver/Ros/ver_ws/install/ver_basic/lib/ver_basic
[1.055s] Installing mv_turtle script to /home/ver/Ros/ver_ws/install/ver_basic/lib/ver_basic
[1.055s] Installing my_param script to /home/ver/Ros/ver_ws/install/ver_basic/lib/ver_basic
[1.055s] Installing param_async script to /home/ver/Ros/ver_ws/install/ver_basic/lib/ver_basic
[1.055s] Installing qos_test_pub script to /home/ver/Ros/ver_ws/install/ver_basic/lib/ver_basic
[1.055s] Installing qos_test_sub script to /home/ver/Ros/ver_ws/install/ver_basic/lib/ver_basic
[1.055s] Installing service_client script to /home/ver/Ros/ver_ws/install/ver_basic/lib/ver_basic
[1.055s] Installing service_server script to /home/ver/Ros/ver_ws/install/ver_basic/lib/ver_basic
[1.055s] Installing service_thread_server script to /home/ver/Ros/ver_ws/install/ver_basic/lib/ver_basic
[1.055s] Installing simple_pub script to /home/ver/Ros/ver_ws/install/ver_basic/lib/ver_basic
[1.056s] Installing tpub script to /home/ver/Ros/ver_ws/install/ver_basic/lib/ver_basic
[1.056s] Installing user_int_pub script to /home/ver/Ros/ver_ws/install/ver_basic/lib/ver_basic
[1.056s] 
[1.056s] Installed /home/ver/Ros/ver_ws/build/ver_basic
[1.056s] running symlink_data
[1.056s] creating /home/ver/Ros/ver_ws/install/ver_basic/share/ament_index
[1.056s] creating /home/ver/Ros/ver_ws/install/ver_basic/share/ament_index/resource_index
[1.056s] creating /home/ver/Ros/ver_ws/install/ver_basic/share/ament_index/resource_index/packages
[1.056s] symbolically linking /home/ver/Ros/ver_ws/build/ver_basic/resource/ver_basic -> /home/ver/Ros/ver_ws/install/ver_basic/share/ament_index/resource_index/packages
[1.056s] symbolically linking /home/ver/Ros/ver_ws/build/ver_basic/package.xml -> /home/ver/Ros/ver_ws/install/ver_basic/share/ver_basic
[1.056s] creating /home/ver/Ros/ver_ws/install/ver_basic/share/ver_basic/launch
[1.056s] symbolically linking /home/ver/Ros/ver_ws/build/ver_basic/launch/mtsubpub.launch.py -> /home/ver/Ros/ver_ws/install/ver_basic/share/ver_basic/launch
[1.056s] symbolically linking /home/ver/Ros/ver_ws/build/ver_basic/launch/hello.launch.py -> /home/ver/Ros/ver_ws/install/ver_basic/share/ver_basic/launch
[1.057s] symbolically linking /home/ver/Ros/ver_ws/build/ver_basic/launch/param.launch.py -> /home/ver/Ros/ver_ws/install/ver_basic/share/ver_basic/launch
[1.080s] Invoked command in '/home/ver/Ros/ver_ws/build/ver_basic' returned '0': PYTHONPATH=/home/ver/Ros/ver_ws/build/ver_basic/prefix_override:/usr/lib/python3/dist-packages/colcon_core/task/python/colcon_distutils_commands:/home/ver/Ros/ver_ws/install/ver_basic/lib/python3.12/site-packages:${PYTHONPATH} /usr/bin/python3 -W ignore:setup.py install is deprecated -W ignore:easy_install command is deprecated setup.py develop --editable --build-directory /home/ver/Ros/ver_ws/build/ver_basic/build --no-deps symlink_data
