running develop
running egg_info
creating gong_basic.egg-info
writing gong_basic.egg-info/PKG-INFO
writing dependency_links to gong_basic.egg-info/dependency_links.txt
writing entry points to gong_basic.egg-info/entry_points.txt
writing requirements to gong_basic.egg-info/requires.txt
writing top-level names to gong_basic.egg-info/top_level.txt
writing manifest file 'gong_basic.egg-info/SOURCES.txt'
reading manifest file 'gong_basic.egg-info/SOURCES.txt'
writing manifest file 'gong_basic.egg-info/SOURCES.txt'
running build_ext
Creating /home/ver/Ros/ver_ws/install/gong_basic/lib/python3.12/site-packages/gong-basic.egg-link (link to .)
Installing action_client script to /home/ver/Ros/ver_ws/install/gong_basic/lib/gong_basic
Installing action_server script to /home/ver/Ros/ver_ws/install/gong_basic/lib/gong_basic
Installing action_thread_server script to /home/ver/Ros/ver_ws/install/gong_basic/lib/gong_basic
Installing class_pub script to /home/ver/Ros/ver_ws/install/gong_basic/lib/gong_basic
Installing class_sub script to /home/ver/Ros/ver_ws/install/gong_basic/lib/gong_basic
Installing header_pub script to /home/ver/Ros/ver_ws/install/gong_basic/lib/gong_basic
Installing m2sub script to /home/ver/Ros/ver_ws/install/gong_basic/lib/gong_basic
Installing mpub script to /home/ver/Ros/ver_ws/install/gong_basic/lib/gong_basic
Installing msub script to /home/ver/Ros/ver_ws/install/gong_basic/lib/gong_basic
Installing mtsub script to /home/ver/Ros/ver_ws/install/gong_basic/lib/gong_basic
Installing mv_turtle script to /home/ver/Ros/ver_ws/install/gong_basic/lib/gong_basic
Installing mv_turtle_ns script to /home/ver/Ros/ver_ws/install/gong_basic/lib/gong_basic
Installing my_param script to /home/ver/Ros/ver_ws/install/gong_basic/lib/gong_basic
Installing param_async script to /home/ver/Ros/ver_ws/install/gong_basic/lib/gong_basic
Installing qos_test_pub script to /home/ver/Ros/ver_ws/install/gong_basic/lib/gong_basic
Installing qos_test_sub script to /home/ver/Ros/ver_ws/install/gong_basic/lib/gong_basic
Installing service_client script to /home/ver/Ros/ver_ws/install/gong_basic/lib/gong_basic
Installing service_server script to /home/ver/Ros/ver_ws/install/gong_basic/lib/gong_basic
Installing service_thread_server script to /home/ver/Ros/ver_ws/install/gong_basic/lib/gong_basic
Installing simple_pub script to /home/ver/Ros/ver_ws/install/gong_basic/lib/gong_basic
Installing tpub script to /home/ver/Ros/ver_ws/install/gong_basic/lib/gong_basic
Installing user_int_pub script to /home/ver/Ros/ver_ws/install/gong_basic/lib/gong_basic

Installed /home/ver/Ros/ver_ws/build/gong_basic
running symlink_data
creating /home/ver/Ros/ver_ws/install/gong_basic/share/ament_index
creating /home/ver/Ros/ver_ws/install/gong_basic/share/ament_index/resource_index
creating /home/ver/Ros/ver_ws/install/gong_basic/share/ament_index/resource_index/packages
symbolically linking /home/ver/Ros/ver_ws/build/gong_basic/resource/gong_basic -> /home/ver/Ros/ver_ws/install/gong_basic/share/ament_index/resource_index/packages
symbolically linking /home/ver/Ros/ver_ws/build/gong_basic/package.xml -> /home/ver/Ros/ver_ws/install/gong_basic/share/gong_basic
creating /home/ver/Ros/ver_ws/install/gong_basic/share/gong_basic/launch
symbolically linking /home/ver/Ros/ver_ws/build/gong_basic/launch/mtsubpub.launch.py -> /home/ver/Ros/ver_ws/install/gong_basic/share/gong_basic/launch
symbolically linking /home/ver/Ros/ver_ws/build/gong_basic/launch/hello.launch.py -> /home/ver/Ros/ver_ws/install/gong_basic/share/gong_basic/launch
symbolically linking /home/ver/Ros/ver_ws/build/gong_basic/launch/param.launch.py -> /home/ver/Ros/ver_ws/install/gong_basic/share/gong_basic/launch
symbolically linking /home/ver/Ros/ver_ws/build/gong_basic/launch/two_turtle.launch.py -> /home/ver/Ros/ver_ws/install/gong_basic/share/gong_basic/launch
creating /home/ver/Ros/ver_ws/install/gong_basic/share/gong_basic/param
symbolically linking /home/ver/Ros/ver_ws/build/gong_basic/param/my_param2.yaml -> /home/ver/Ros/ver_ws/install/gong_basic/share/gong_basic/param
symbolically linking /home/ver/Ros/ver_ws/build/gong_basic/param/my_param.yaml -> /home/ver/Ros/ver_ws/install/gong_basic/share/gong_basic/param
symbolically linking /home/ver/Ros/ver_ws/build/gong_basic/param/turtlesim.yaml -> /home/ver/Ros/ver_ws/install/gong_basic/share/gong_basic/param
