[1.020s] Invoking command in '/home/ver/Ros/ver_ws/build/gong_basic': PYTHONPATH=/home/ver/Ros/ver_ws/build/gong_basic/prefix_override:/usr/lib/python3/dist-packages/colcon_core/task/python/colcon_distutils_commands:/home/ver/Ros/ver_ws/install/gong_basic/lib/python3.12/site-packages:/home/ver/Ros/ver_ws/install/user_interface/lib/python3.12/site-packages:/home/ver/Ros/ver_ws/build/ver_basic:/home/ver/Ros/ver_ws/install/ver_basic/lib/python3.12/site-packages:/opt/ros/jazzy/lib/python3.12/site-packages /usr/bin/python3 -W ignore:setup.py install is deprecated -W ignore:easy_install command is deprecated setup.py develop --editable --build-directory /home/ver/Ros/ver_ws/build/gong_basic/build --no-deps symlink_data
[1.215s] running develop
[1.322s] running egg_info
[1.322s] creating gong_basic.egg-info
[1.332s] writing gong_basic.egg-info/PKG-INFO
[1.332s] writing dependency_links to gong_basic.egg-info/dependency_links.txt
[1.332s] writing entry points to gong_basic.egg-info/entry_points.txt
[1.332s] writing requirements to gong_basic.egg-info/requires.txt
[1.332s] writing top-level names to gong_basic.egg-info/top_level.txt
[1.332s] writing manifest file 'gong_basic.egg-info/SOURCES.txt'
[1.354s] reading manifest file 'gong_basic.egg-info/SOURCES.txt'
[1.356s] writing manifest file 'gong_basic.egg-info/SOURCES.txt'
[1.366s] running build_ext
[1.366s] Creating /home/ver/Ros/ver_ws/install/gong_basic/lib/python3.12/site-packages/gong-basic.egg-link (link to .)
[1.367s] Installing action_client script to /home/ver/Ros/ver_ws/install/gong_basic/lib/gong_basic
[1.367s] Installing action_server script to /home/ver/Ros/ver_ws/install/gong_basic/lib/gong_basic
[1.367s] Installing action_thread_server script to /home/ver/Ros/ver_ws/install/gong_basic/lib/gong_basic
[1.367s] Installing class_pub script to /home/ver/Ros/ver_ws/install/gong_basic/lib/gong_basic
[1.367s] Installing class_sub script to /home/ver/Ros/ver_ws/install/gong_basic/lib/gong_basic
[1.367s] Installing header_pub script to /home/ver/Ros/ver_ws/install/gong_basic/lib/gong_basic
[1.368s] Installing m2sub script to /home/ver/Ros/ver_ws/install/gong_basic/lib/gong_basic
[1.368s] Installing mpub script to /home/ver/Ros/ver_ws/install/gong_basic/lib/gong_basic
[1.368s] Installing msub script to /home/ver/Ros/ver_ws/install/gong_basic/lib/gong_basic
[1.368s] Installing mtsub script to /home/ver/Ros/ver_ws/install/gong_basic/lib/gong_basic
[1.368s] Installing mv_turtle script to /home/ver/Ros/ver_ws/install/gong_basic/lib/gong_basic
[1.368s] Installing mv_turtle_ns script to /home/ver/Ros/ver_ws/install/gong_basic/lib/gong_basic
[1.368s] Installing my_param script to /home/ver/Ros/ver_ws/install/gong_basic/lib/gong_basic
[1.368s] Installing param_async script to /home/ver/Ros/ver_ws/install/gong_basic/lib/gong_basic
[1.368s] Installing qos_test_pub script to /home/ver/Ros/ver_ws/install/gong_basic/lib/gong_basic
[1.368s] Installing qos_test_sub script to /home/ver/Ros/ver_ws/install/gong_basic/lib/gong_basic
[1.368s] Installing service_client script to /home/ver/Ros/ver_ws/install/gong_basic/lib/gong_basic
[1.368s] Installing service_server script to /home/ver/Ros/ver_ws/install/gong_basic/lib/gong_basic
[1.368s] Installing service_thread_server script to /home/ver/Ros/ver_ws/install/gong_basic/lib/gong_basic
[1.368s] Installing simple_pub script to /home/ver/Ros/ver_ws/install/gong_basic/lib/gong_basic
[1.368s] Installing tpub script to /home/ver/Ros/ver_ws/install/gong_basic/lib/gong_basic
[1.368s] Installing user_int_pub script to /home/ver/Ros/ver_ws/install/gong_basic/lib/gong_basic
[1.368s] 
[1.369s] Installed /home/ver/Ros/ver_ws/build/gong_basic
[1.369s] running symlink_data
[1.369s] creating /home/ver/Ros/ver_ws/install/gong_basic/share/ament_index
[1.369s] creating /home/ver/Ros/ver_ws/install/gong_basic/share/ament_index/resource_index
[1.369s] creating /home/ver/Ros/ver_ws/install/gong_basic/share/ament_index/resource_index/packages
[1.369s] symbolically linking /home/ver/Ros/ver_ws/build/gong_basic/resource/gong_basic -> /home/ver/Ros/ver_ws/install/gong_basic/share/ament_index/resource_index/packages
[1.369s] symbolically linking /home/ver/Ros/ver_ws/build/gong_basic/package.xml -> /home/ver/Ros/ver_ws/install/gong_basic/share/gong_basic
[1.369s] creating /home/ver/Ros/ver_ws/install/gong_basic/share/gong_basic/launch
[1.369s] symbolically linking /home/ver/Ros/ver_ws/build/gong_basic/launch/mtsubpub.launch.py -> /home/ver/Ros/ver_ws/install/gong_basic/share/gong_basic/launch
[1.369s] symbolically linking /home/ver/Ros/ver_ws/build/gong_basic/launch/hello.launch.py -> /home/ver/Ros/ver_ws/install/gong_basic/share/gong_basic/launch
[1.369s] symbolically linking /home/ver/Ros/ver_ws/build/gong_basic/launch/param.launch.py -> /home/ver/Ros/ver_ws/install/gong_basic/share/gong_basic/launch
[1.370s] symbolically linking /home/ver/Ros/ver_ws/build/gong_basic/launch/two_turtle.launch.py -> /home/ver/Ros/ver_ws/install/gong_basic/share/gong_basic/launch
[1.370s] creating /home/ver/Ros/ver_ws/install/gong_basic/share/gong_basic/param
[1.370s] symbolically linking /home/ver/Ros/ver_ws/build/gong_basic/param/my_param2.yaml -> /home/ver/Ros/ver_ws/install/gong_basic/share/gong_basic/param
[1.370s] symbolically linking /home/ver/Ros/ver_ws/build/gong_basic/param/my_param.yaml -> /home/ver/Ros/ver_ws/install/gong_basic/share/gong_basic/param
[1.370s] symbolically linking /home/ver/Ros/ver_ws/build/gong_basic/param/turtlesim.yaml -> /home/ver/Ros/ver_ws/install/gong_basic/share/gong_basic/param
[1.391s] Invoked command in '/home/ver/Ros/ver_ws/build/gong_basic' returned '0': PYTHONPATH=/home/ver/Ros/ver_ws/build/gong_basic/prefix_override:/usr/lib/python3/dist-packages/colcon_core/task/python/colcon_distutils_commands:/home/ver/Ros/ver_ws/install/gong_basic/lib/python3.12/site-packages:/home/ver/Ros/ver_ws/install/user_interface/lib/python3.12/site-packages:/home/ver/Ros/ver_ws/build/ver_basic:/home/ver/Ros/ver_ws/install/ver_basic/lib/python3.12/site-packages:/opt/ros/jazzy/lib/python3.12/site-packages /usr/bin/python3 -W ignore:setup.py install is deprecated -W ignore:easy_install command is deprecated setup.py develop --editable --build-directory /home/ver/Ros/ver_ws/build/gong_basic/build --no-deps symlink_data
