[0.012s] Invoking command in '/home/ver/Ros/ver_ws/build/user_interface': CMAKE_PREFIX_PATH=${CMAKE_PREFIX_PATH}:/home/ver/Ros/ver_ws/install/gong_basic:/home/ver/Ros/ver_ws/install/ver_basic:/opt/ros/jazzy /usr/bin/cmake --build /home/ver/Ros/ver_ws/build/user_interface -- -j16 -l16
[0.083s] [  1%] Built target user_interface__rosidl_generator_type_description
[0.090s] [  3%] Built target user_interface__rs
[0.102s] [  5%] Built target user_interface__cpp
[0.106s] [ 25%] Built target user_interface__rosidl_generator_c
[0.106s] [ 25%] Built target ament_cmake_python_symlink_user_interface
[0.129s] [ 34%] Built target user_interface__rosidl_typesupport_introspection_c
[0.130s] [ 43%] Built target user_interface__rosidl_typesupport_c
[0.132s] [ 52%] Built target user_interface__rosidl_typesupport_cpp
[0.135s] [ 76%] Built target user_interface__rosidl_typesupport_fastrtps_c
[0.135s] [ 76%] Built target user_interface__rosidl_typesupport_fastrtps_cpp
[0.135s] [ 80%] Built target user_interface__rosidl_typesupport_introspection_cpp
[0.156s] [ 80%] Built target user_interface
[0.173s] [ 81%] Built target user_interface__py
[0.194s] [ 89%] Built target user_interface__rosidl_generator_py
[0.213s] [100%] Built target user_interface_s__rosidl_typesupport_fastrtps_c
[0.213s] [100%] Built target user_interface_s__rosidl_typesupport_c
[0.213s] [100%] Built target user_interface_s__rosidl_typesupport_introspection_c
[0.273s] running egg_info
[0.283s] writing user_interface.egg-info/PKG-INFO
[0.283s] writing dependency_links to user_interface.egg-info/dependency_links.txt
[0.283s] writing top-level names to user_interface.egg-info/top_level.txt
[0.314s] reading manifest file 'user_interface.egg-info/SOURCES.txt'
[0.315s] writing manifest file 'user_interface.egg-info/SOURCES.txt'
[0.333s] [100%] Built target ament_cmake_python_build_user_interface_egg
[0.341s] Invoked command in '/home/ver/Ros/ver_ws/build/user_interface' returned '0': CMAKE_PREFIX_PATH=${CMAKE_PREFIX_PATH}:/home/ver/Ros/ver_ws/install/gong_basic:/home/ver/Ros/ver_ws/install/ver_basic:/opt/ros/jazzy /usr/bin/cmake --build /home/ver/Ros/ver_ws/build/user_interface -- -j16 -l16
[0.349s] Invoking command in '/home/ver/Ros/ver_ws/build/user_interface': CMAKE_PREFIX_PATH=${CMAKE_PREFIX_PATH}:/home/ver/Ros/ver_ws/install/gong_basic:/home/ver/Ros/ver_ws/install/ver_basic:/opt/ros/jazzy /usr/bin/cmake --install /home/ver/Ros/ver_ws/build/user_interface
[0.354s] -- Install configuration: ""
[0.355s] -- Execute custom install script
[0.355s] -- Up-to-date symlink: /home/ver/Ros/ver_ws/install/user_interface/share/ament_index/resource_index/rosidl_interfaces/user_interface
[0.355s] -- Up-to-date symlink: /home/ver/Ros/ver_ws/install/user_interface/share/user_interface/msg/UserInt.json
[0.356s] -- Up-to-date symlink: /home/ver/Ros/ver_ws/install/user_interface/share/user_interface/srv/AddAndOdd.json
[0.356s] -- Up-to-date symlink: /home/ver/Ros/ver_ws/install/user_interface/share/user_interface/action/Fibonacci.json
[0.357s] -- Up-to-date symlink: /home/ver/Ros/ver_ws/install/user_interface/include/user_interface/user_interface/action/detail/fibonacci__functions.h
[0.357s] -- Up-to-date symlink: /home/ver/Ros/ver_ws/install/user_interface/include/user_interface/user_interface/action/detail/fibonacci__struct.h
[0.358s] -- Up-to-date symlink: /home/ver/Ros/ver_ws/install/user_interface/include/user_interface/user_interface/action/detail/fibonacci__type_support.h
[0.358s] -- Up-to-date symlink: /home/ver/Ros/ver_ws/install/user_interface/include/user_interface/user_interface/action/fibonacci.h
[0.358s] -- Up-to-date symlink: /home/ver/Ros/ver_ws/install/user_interface/include/user_interface/user_interface/msg/detail/user_int__functions.h
[0.358s] -- Up-to-date symlink: /home/ver/Ros/ver_ws/install/user_interface/include/user_interface/user_interface/msg/detail/user_int__struct.h
[0.359s] -- Up-to-date symlink: /home/ver/Ros/ver_ws/install/user_interface/include/user_interface/user_interface/msg/detail/user_int__type_support.h
[0.359s] -- Up-to-date symlink: /home/ver/Ros/ver_ws/install/user_interface/include/user_interface/user_interface/msg/rosidl_generator_c__visibility_control.h
[0.359s] -- Up-to-date symlink: /home/ver/Ros/ver_ws/install/user_interface/include/user_interface/user_interface/msg/user_int.h
[0.359s] -- Up-to-date symlink: /home/ver/Ros/ver_ws/install/user_interface/include/user_interface/user_interface/srv/add_and_odd.h
[0.359s] -- Up-to-date symlink: /home/ver/Ros/ver_ws/install/user_interface/include/user_interface/user_interface/srv/detail/add_and_odd__functions.h
[0.360s] -- Up-to-date symlink: /home/ver/Ros/ver_ws/install/user_interface/include/user_interface/user_interface/srv/detail/add_and_odd__struct.h
[0.360s] -- Up-to-date symlink: /home/ver/Ros/ver_ws/install/user_interface/include/user_interface/user_interface/srv/detail/add_and_odd__type_support.h
[0.360s] -- Up-to-date symlink: /home/ver/Ros/ver_ws/install/user_interface/share/user_interface/environment/library_path.sh
[0.360s] -- Up-to-date symlink: /home/ver/Ros/ver_ws/install/user_interface/share/user_interface/environment/library_path.dsv
[0.361s] -- Up-to-date symlink: /home/ver/Ros/ver_ws/install/user_interface/include/user_interface/user_interface/action/detail/fibonacci__rosidl_typesupport_fastrtps_c.h
[0.362s] -- Up-to-date symlink: /home/ver/Ros/ver_ws/install/user_interface/include/user_interface/user_interface/msg/detail/user_int__rosidl_typesupport_fastrtps_c.h
[0.362s] -- Up-to-date symlink: /home/ver/Ros/ver_ws/install/user_interface/include/user_interface/user_interface/msg/rosidl_typesupport_fastrtps_c__visibility_control.h
[0.362s] -- Up-to-date symlink: /home/ver/Ros/ver_ws/install/user_interface/include/user_interface/user_interface/srv/detail/add_and_odd__rosidl_typesupport_fastrtps_c.h
[0.364s] -- Up-to-date symlink: /home/ver/Ros/ver_ws/install/user_interface/include/user_interface/user_interface/action/detail/fibonacci__rosidl_typesupport_introspection_c.h
[0.364s] -- Up-to-date symlink: /home/ver/Ros/ver_ws/install/user_interface/include/user_interface/user_interface/msg/detail/user_int__rosidl_typesupport_introspection_c.h
[0.364s] -- Up-to-date symlink: /home/ver/Ros/ver_ws/install/user_interface/include/user_interface/user_interface/msg/rosidl_typesupport_introspection_c__visibility_control.h
[0.364s] -- Up-to-date symlink: /home/ver/Ros/ver_ws/install/user_interface/include/user_interface/user_interface/srv/detail/add_and_odd__rosidl_typesupport_introspection_c.h
[0.366s] -- Up-to-date symlink: /home/ver/Ros/ver_ws/install/user_interface/include/user_interface/user_interface/action/detail/fibonacci__builder.hpp
[0.366s] -- Up-to-date symlink: /home/ver/Ros/ver_ws/install/user_interface/include/user_interface/user_interface/action/detail/fibonacci__struct.hpp
[0.366s] -- Up-to-date symlink: /home/ver/Ros/ver_ws/install/user_interface/include/user_interface/user_interface/action/detail/fibonacci__traits.hpp
[0.367s] -- Up-to-date symlink: /home/ver/Ros/ver_ws/install/user_interface/include/user_interface/user_interface/action/detail/fibonacci__type_support.hpp
[0.367s] -- Up-to-date symlink: /home/ver/Ros/ver_ws/install/user_interface/include/user_interface/user_interface/action/fibonacci.hpp
[0.367s] -- Up-to-date symlink: /home/ver/Ros/ver_ws/install/user_interface/include/user_interface/user_interface/msg/detail/user_int__builder.hpp
[0.367s] -- Up-to-date symlink: /home/ver/Ros/ver_ws/install/user_interface/include/user_interface/user_interface/msg/detail/user_int__struct.hpp
[0.367s] -- Up-to-date symlink: /home/ver/Ros/ver_ws/install/user_interface/include/user_interface/user_interface/msg/detail/user_int__traits.hpp
[0.368s] -- Up-to-date symlink: /home/ver/Ros/ver_ws/install/user_interface/include/user_interface/user_interface/msg/detail/user_int__type_support.hpp
[0.368s] -- Up-to-date symlink: /home/ver/Ros/ver_ws/install/user_interface/include/user_interface/user_interface/msg/rosidl_generator_cpp__visibility_control.hpp
[0.368s] -- Up-to-date symlink: /home/ver/Ros/ver_ws/install/user_interface/include/user_interface/user_interface/msg/user_int.hpp
[0.368s] -- Up-to-date symlink: /home/ver/Ros/ver_ws/install/user_interface/include/user_interface/user_interface/srv/add_and_odd.hpp
[0.369s] -- Up-to-date symlink: /home/ver/Ros/ver_ws/install/user_interface/include/user_interface/user_interface/srv/detail/add_and_odd__builder.hpp
[0.370s] -- Up-to-date symlink: /home/ver/Ros/ver_ws/install/user_interface/include/user_interface/user_interface/srv/detail/add_and_odd__struct.hpp
[0.370s] -- Up-to-date symlink: /home/ver/Ros/ver_ws/install/user_interface/include/user_interface/user_interface/srv/detail/add_and_odd__traits.hpp
[0.370s] -- Up-to-date symlink: /home/ver/Ros/ver_ws/install/user_interface/include/user_interface/user_interface/srv/detail/add_and_odd__type_support.hpp
[0.373s] -- Up-to-date symlink: /home/ver/Ros/ver_ws/install/user_interface/include/user_interface/user_interface/action/detail/fibonacci__rosidl_typesupport_fastrtps_cpp.hpp
[0.373s] -- Up-to-date symlink: /home/ver/Ros/ver_ws/install/user_interface/include/user_interface/user_interface/msg/detail/user_int__rosidl_typesupport_fastrtps_cpp.hpp
[0.373s] -- Up-to-date symlink: /home/ver/Ros/ver_ws/install/user_interface/include/user_interface/user_interface/msg/rosidl_typesupport_fastrtps_cpp__visibility_control.h
[0.374s] -- Up-to-date symlink: /home/ver/Ros/ver_ws/install/user_interface/include/user_interface/user_interface/srv/detail/add_and_odd__rosidl_typesupport_fastrtps_cpp.hpp
[0.375s] -- Up-to-date symlink: /home/ver/Ros/ver_ws/install/user_interface/include/user_interface/user_interface/action/detail/fibonacci__rosidl_typesupport_introspection_cpp.hpp
[0.376s] -- Up-to-date symlink: /home/ver/Ros/ver_ws/install/user_interface/include/user_interface/user_interface/msg/detail/user_int__rosidl_typesupport_introspection_cpp.hpp
[0.376s] -- Up-to-date symlink: /home/ver/Ros/ver_ws/install/user_interface/include/user_interface/user_interface/srv/detail/add_and_odd__rosidl_typesupport_introspection_cpp.hpp
[0.376s] -- Up-to-date symlink: /home/ver/Ros/ver_ws/install/user_interface/share/user_interface/environment/pythonpath.sh
[0.377s] -- Up-to-date symlink: /home/ver/Ros/ver_ws/install/user_interface/share/user_interface/environment/pythonpath.dsv
[0.377s] -- Up-to-date symlink: /home/ver/Ros/ver_ws/install/user_interface/lib/python3.12/site-packages/user_interface-0.0.0-py3.12.egg-info/PKG-INFO
[0.377s] -- Up-to-date symlink: /home/ver/Ros/ver_ws/install/user_interface/lib/python3.12/site-packages/user_interface-0.0.0-py3.12.egg-info/SOURCES.txt
[0.378s] -- Up-to-date symlink: /home/ver/Ros/ver_ws/install/user_interface/lib/python3.12/site-packages/user_interface-0.0.0-py3.12.egg-info/dependency_links.txt
[0.378s] -- Up-to-date symlink: /home/ver/Ros/ver_ws/install/user_interface/lib/python3.12/site-packages/user_interface-0.0.0-py3.12.egg-info/top_level.txt
[0.379s] -- Up-to-date symlink: /home/ver/Ros/ver_ws/install/user_interface/lib/python3.12/site-packages/user_interface/__init__.py
[0.379s] -- Up-to-date symlink: /home/ver/Ros/ver_ws/install/user_interface/lib/python3.12/site-packages/user_interface/_user_interface_s.ep.rosidl_typesupport_c.c
[0.379s] -- Up-to-date symlink: /home/ver/Ros/ver_ws/install/user_interface/lib/python3.12/site-packages/user_interface/_user_interface_s.ep.rosidl_typesupport_fastrtps_c.c
[0.379s] -- Up-to-date symlink: /home/ver/Ros/ver_ws/install/user_interface/lib/python3.12/site-packages/user_interface/_user_interface_s.ep.rosidl_typesupport_introspection_c.c
[0.380s] -- Up-to-date symlink: /home/ver/Ros/ver_ws/install/user_interface/lib/python3.12/site-packages/user_interface/action/__init__.py
[0.380s] -- Up-to-date symlink: /home/ver/Ros/ver_ws/install/user_interface/lib/python3.12/site-packages/user_interface/action/_fibonacci.py
[0.380s] -- Up-to-date symlink: /home/ver/Ros/ver_ws/install/user_interface/lib/python3.12/site-packages/user_interface/action/_fibonacci_s.c
[0.380s] -- Up-to-date symlink: /home/ver/Ros/ver_ws/install/user_interface/lib/python3.12/site-packages/user_interface/msg/__init__.py
[0.381s] -- Up-to-date symlink: /home/ver/Ros/ver_ws/install/user_interface/lib/python3.12/site-packages/user_interface/msg/_user_int.py
[0.381s] -- Up-to-date symlink: /home/ver/Ros/ver_ws/install/user_interface/lib/python3.12/site-packages/user_interface/msg/_user_int_s.c
[0.381s] -- Up-to-date symlink: /home/ver/Ros/ver_ws/install/user_interface/lib/python3.12/site-packages/user_interface/srv/__init__.py
[0.382s] -- Up-to-date symlink: /home/ver/Ros/ver_ws/install/user_interface/lib/python3.12/site-packages/user_interface/srv/_add_and_odd.py
[0.382s] -- Up-to-date symlink: /home/ver/Ros/ver_ws/install/user_interface/lib/python3.12/site-packages/user_interface/srv/_add_and_odd_s.c
[0.382s] -- Up-to-date symlink: /home/ver/Ros/ver_ws/install/user_interface/lib/python3.12/site-packages/user_interface/user_interface_s__rosidl_typesupport_c.so
[0.382s] -- Up-to-date symlink: /home/ver/Ros/ver_ws/install/user_interface/lib/python3.12/site-packages/user_interface/user_interface_s__rosidl_typesupport_fastrtps_c.so
[0.383s] -- Up-to-date symlink: /home/ver/Ros/ver_ws/install/user_interface/lib/python3.12/site-packages/user_interface/user_interface_s__rosidl_typesupport_introspection_c.so
[0.383s] -- Up-to-date symlink: /home/ver/Ros/ver_ws/install/user_interface/lib/python3.12/site-packages/user_interface/user_interface_s__rosidl_typesupport_fastrtps_c.so
[0.383s] -- Up-to-date symlink: /home/ver/Ros/ver_ws/install/user_interface/lib/python3.12/site-packages/user_interface/user_interface_s__rosidl_typesupport_introspection_c.so
[0.384s] -- Up-to-date symlink: /home/ver/Ros/ver_ws/install/user_interface/lib/python3.12/site-packages/user_interface/user_interface_s__rosidl_typesupport_c.so
[0.385s] -- Up-to-date symlink: /home/ver/Ros/ver_ws/install/user_interface/share/ament_index/resource_index/rust_packages/user_interface
[0.387s] -- Up-to-date symlink: /home/ver/Ros/ver_ws/install/user_interface/share/user_interface/rust/Cargo.toml
[0.387s] -- Up-to-date symlink: /home/ver/Ros/ver_ws/install/user_interface/share/user_interface/rust/build.rs
[0.387s] -- Up-to-date symlink: /home/ver/Ros/ver_ws/install/user_interface/share/user_interface/rust/src/action.rs
[0.387s] -- Up-to-date symlink: /home/ver/Ros/ver_ws/install/user_interface/share/user_interface/rust/src/action/rmw.rs
[0.387s] -- Up-to-date symlink: /home/ver/Ros/ver_ws/install/user_interface/share/user_interface/rust/src/lib.rs
[0.388s] -- Up-to-date symlink: /home/ver/Ros/ver_ws/install/user_interface/share/user_interface/rust/src/msg.rs
[0.388s] -- Up-to-date symlink: /home/ver/Ros/ver_ws/install/user_interface/share/user_interface/rust/src/msg/rmw.rs
[0.388s] -- Up-to-date symlink: /home/ver/Ros/ver_ws/install/user_interface/share/user_interface/rust/src/srv.rs
[0.388s] -- Up-to-date symlink: /home/ver/Ros/ver_ws/install/user_interface/share/user_interface/rust/src/srv/rmw.rs
[0.389s] -- Up-to-date symlink: /home/ver/Ros/ver_ws/install/user_interface/share/user_interface/msg/UserInt.idl
[0.389s] -- Up-to-date symlink: /home/ver/Ros/ver_ws/install/user_interface/share/user_interface/srv/AddAndOdd.idl
[0.389s] -- Up-to-date symlink: /home/ver/Ros/ver_ws/install/user_interface/share/user_interface/action/Fibonacci.idl
[0.389s] -- Up-to-date symlink: /home/ver/Ros/ver_ws/install/user_interface/share/user_interface/msg/UserInt.msg
[0.389s] -- Up-to-date symlink: /home/ver/Ros/ver_ws/install/user_interface/share/user_interface/srv/AddAndOdd.srv
[0.390s] -- Up-to-date symlink: /home/ver/Ros/ver_ws/install/user_interface/share/user_interface/action/Fibonacci.action
[0.390s] -- Up-to-date symlink: /home/ver/Ros/ver_ws/install/user_interface/share/ament_index/resource_index/package_run_dependencies/user_interface
[0.390s] -- Up-to-date symlink: /home/ver/Ros/ver_ws/install/user_interface/share/ament_index/resource_index/parent_prefix_path/user_interface
[0.390s] -- Up-to-date symlink: /home/ver/Ros/ver_ws/install/user_interface/share/user_interface/environment/ament_prefix_path.sh
[0.390s] -- Up-to-date symlink: /home/ver/Ros/ver_ws/install/user_interface/share/user_interface/environment/ament_prefix_path.dsv
[0.391s] -- Up-to-date symlink: /home/ver/Ros/ver_ws/install/user_interface/share/user_interface/environment/path.sh
[0.391s] -- Up-to-date symlink: /home/ver/Ros/ver_ws/install/user_interface/share/user_interface/environment/path.dsv
[0.391s] -- Up-to-date symlink: /home/ver/Ros/ver_ws/install/user_interface/share/user_interface/local_setup.bash
[0.391s] -- Up-to-date symlink: /home/ver/Ros/ver_ws/install/user_interface/share/user_interface/local_setup.sh
[0.391s] -- Up-to-date symlink: /home/ver/Ros/ver_ws/install/user_interface/share/user_interface/local_setup.zsh
[0.392s] -- Up-to-date symlink: /home/ver/Ros/ver_ws/install/user_interface/share/user_interface/local_setup.dsv
[0.392s] -- Symlinking: /home/ver/Ros/ver_ws/install/user_interface/share/user_interface/package.dsv
[0.398s] -- Up-to-date symlink: /home/ver/Ros/ver_ws/install/user_interface/share/ament_index/resource_index/packages/user_interface
[0.398s] -- Up-to-date symlink: /home/ver/Ros/ver_ws/install/user_interface/share/user_interface/cmake/rosidl_cmake-extras.cmake
[0.398s] -- Up-to-date symlink: /home/ver/Ros/ver_ws/install/user_interface/share/user_interface/cmake/ament_cmake_export_dependencies-extras.cmake
[0.399s] -- Up-to-date symlink: /home/ver/Ros/ver_ws/install/user_interface/share/user_interface/cmake/ament_cmake_export_include_directories-extras.cmake
[0.399s] -- Up-to-date symlink: /home/ver/Ros/ver_ws/install/user_interface/share/user_interface/cmake/ament_cmake_export_libraries-extras.cmake
[0.399s] -- Up-to-date symlink: /home/ver/Ros/ver_ws/install/user_interface/share/user_interface/cmake/ament_cmake_export_targets-extras.cmake
[0.400s] -- Up-to-date symlink: /home/ver/Ros/ver_ws/install/user_interface/share/user_interface/cmake/rosidl_cmake_export_typesupport_targets-extras.cmake
[0.400s] -- Up-to-date symlink: /home/ver/Ros/ver_ws/install/user_interface/share/user_interface/cmake/rosidl_cmake_export_typesupport_libraries-extras.cmake
[0.401s] -- Up-to-date symlink: /home/ver/Ros/ver_ws/install/user_interface/share/user_interface/cmake/rosidl_cmake_aggregate_target-extras.cmake
[0.401s] -- Up-to-date symlink: /home/ver/Ros/ver_ws/install/user_interface/share/user_interface/cmake/user_interfaceConfig.cmake
[0.402s] -- Up-to-date symlink: /home/ver/Ros/ver_ws/install/user_interface/share/user_interface/cmake/user_interfaceConfig-version.cmake
[0.402s] -- Up-to-date symlink: /home/ver/Ros/ver_ws/install/user_interface/share/user_interface/package.xml
[0.403s] -- Up-to-date: /home/ver/Ros/ver_ws/install/user_interface/lib/libuser_interface__rosidl_generator_c.so
[0.404s] -- Up-to-date: /home/ver/Ros/ver_ws/install/user_interface/lib/libuser_interface__rosidl_typesupport_fastrtps_c.so
[0.404s] -- Up-to-date: /home/ver/Ros/ver_ws/install/user_interface/lib/libuser_interface__rosidl_typesupport_introspection_c.so
[0.405s] -- Up-to-date: /home/ver/Ros/ver_ws/install/user_interface/lib/libuser_interface__rosidl_typesupport_c.so
[0.406s] -- Up-to-date: /home/ver/Ros/ver_ws/install/user_interface/lib/libuser_interface__rosidl_typesupport_fastrtps_cpp.so
[0.407s] -- Up-to-date: /home/ver/Ros/ver_ws/install/user_interface/lib/libuser_interface__rosidl_typesupport_introspection_cpp.so
[0.408s] -- Up-to-date: /home/ver/Ros/ver_ws/install/user_interface/lib/libuser_interface__rosidl_typesupport_cpp.so
[0.437s] Listing '/home/ver/Ros/ver_ws/install/user_interface/lib/python3.12/site-packages/user_interface'...
[0.437s] Listing '/home/ver/Ros/ver_ws/install/user_interface/lib/python3.12/site-packages/user_interface/action'...
[0.437s] Listing '/home/ver/Ros/ver_ws/install/user_interface/lib/python3.12/site-packages/user_interface/msg'...
[0.437s] Listing '/home/ver/Ros/ver_ws/install/user_interface/lib/python3.12/site-packages/user_interface/srv'...
[0.442s] -- Up-to-date: /home/ver/Ros/ver_ws/install/user_interface/lib/libuser_interface__rosidl_generator_py.so
[0.442s] -- Up-to-date: /home/ver/Ros/ver_ws/install/user_interface/share/user_interface/cmake/export_user_interface__rosidl_generator_cExport.cmake
[0.442s] -- Up-to-date: /home/ver/Ros/ver_ws/install/user_interface/share/user_interface/cmake/export_user_interface__rosidl_generator_cExport-noconfig.cmake
[0.442s] -- Up-to-date: /home/ver/Ros/ver_ws/install/user_interface/share/user_interface/cmake/export_user_interface__rosidl_typesupport_fastrtps_cExport.cmake
[0.443s] -- Up-to-date: /home/ver/Ros/ver_ws/install/user_interface/share/user_interface/cmake/export_user_interface__rosidl_typesupport_fastrtps_cExport-noconfig.cmake
[0.443s] -- Up-to-date: /home/ver/Ros/ver_ws/install/user_interface/share/user_interface/cmake/user_interface__rosidl_typesupport_introspection_cExport.cmake
[0.443s] -- Up-to-date: /home/ver/Ros/ver_ws/install/user_interface/share/user_interface/cmake/user_interface__rosidl_typesupport_introspection_cExport-noconfig.cmake
[0.443s] -- Up-to-date: /home/ver/Ros/ver_ws/install/user_interface/share/user_interface/cmake/user_interface__rosidl_typesupport_cExport.cmake
[0.443s] -- Up-to-date: /home/ver/Ros/ver_ws/install/user_interface/share/user_interface/cmake/user_interface__rosidl_typesupport_cExport-noconfig.cmake
[0.444s] -- Up-to-date: /home/ver/Ros/ver_ws/install/user_interface/share/user_interface/cmake/export_user_interface__rosidl_generator_cppExport.cmake
[0.444s] -- Up-to-date: /home/ver/Ros/ver_ws/install/user_interface/share/user_interface/cmake/export_user_interface__rosidl_typesupport_fastrtps_cppExport.cmake
[0.444s] -- Up-to-date: /home/ver/Ros/ver_ws/install/user_interface/share/user_interface/cmake/export_user_interface__rosidl_typesupport_fastrtps_cppExport-noconfig.cmake
[0.445s] -- Up-to-date: /home/ver/Ros/ver_ws/install/user_interface/share/user_interface/cmake/user_interface__rosidl_typesupport_introspection_cppExport.cmake
[0.445s] -- Up-to-date: /home/ver/Ros/ver_ws/install/user_interface/share/user_interface/cmake/user_interface__rosidl_typesupport_introspection_cppExport-noconfig.cmake
[0.445s] -- Up-to-date: /home/ver/Ros/ver_ws/install/user_interface/share/user_interface/cmake/user_interface__rosidl_typesupport_cppExport.cmake
[0.445s] -- Up-to-date: /home/ver/Ros/ver_ws/install/user_interface/share/user_interface/cmake/user_interface__rosidl_typesupport_cppExport-noconfig.cmake
[0.446s] -- Up-to-date: /home/ver/Ros/ver_ws/install/user_interface/share/user_interface/cmake/export_user_interface__rosidl_generator_pyExport.cmake
[0.446s] -- Up-to-date: /home/ver/Ros/ver_ws/install/user_interface/share/user_interface/cmake/export_user_interface__rosidl_generator_pyExport-noconfig.cmake
[0.448s] Invoked command in '/home/ver/Ros/ver_ws/build/user_interface' returned '0': CMAKE_PREFIX_PATH=${CMAKE_PREFIX_PATH}:/home/ver/Ros/ver_ws/install/gong_basic:/home/ver/Ros/ver_ws/install/ver_basic:/opt/ros/jazzy /usr/bin/cmake --install /home/ver/Ros/ver_ws/build/user_interface
