running develop
running egg_info
creating tf2_basic.egg-info
writing tf2_basic.egg-info/PKG-INFO
writing dependency_links to tf2_basic.egg-info/dependency_links.txt
writing entry points to tf2_basic.egg-info/entry_points.txt
writing requirements to tf2_basic.egg-info/requires.txt
writing top-level names to tf2_basic.egg-info/top_level.txt
writing manifest file 'tf2_basic.egg-info/SOURCES.txt'
reading manifest file 'tf2_basic.egg-info/SOURCES.txt'
writing manifest file 'tf2_basic.egg-info/SOURCES.txt'
running build_ext
Creating /home/ver/Ros/ver_ws/install/tf2_basic/lib/python3.12/site-packages/tf2-basic.egg-link (link to .)
Installing static_turtle_tf2_broadcaster script to /home/ver/Ros/ver_ws/install/tf2_basic/lib/tf2_basic

Installed /home/ver/Ros/ver_ws/build/tf2_basic
running symlink_data
creating /home/ver/Ros/ver_ws/install/tf2_basic/share/ament_index
creating /home/ver/Ros/ver_ws/install/tf2_basic/share/ament_index/resource_index
creating /home/ver/Ros/ver_ws/install/tf2_basic/share/ament_index/resource_index/packages
symbolically linking /home/ver/Ros/ver_ws/build/tf2_basic/resource/tf2_basic -> /home/ver/Ros/ver_ws/install/tf2_basic/share/ament_index/resource_index/packages
symbolically linking /home/ver/Ros/ver_ws/build/tf2_basic/package.xml -> /home/ver/Ros/ver_ws/install/tf2_basic/share/tf2_basic
