[0.692s] Invoking command in '/home/ver/Ros/ver_ws/build/tf2_basic': PYTHONPATH=/home/ver/Ros/ver_ws/build/tf2_basic/prefix_override:/usr/lib/python3/dist-packages/colcon_core/task/python/colcon_distutils_commands:/home/ver/Ros/ver_ws/install/tf2_basic/lib/python3.12/site-packages:${PYTHONPATH} /usr/bin/python3 -W ignore:setup.py install is deprecated -W ignore:easy_install command is deprecated setup.py develop --editable --build-directory /home/ver/Ros/ver_ws/build/tf2_basic/build --no-deps symlink_data
[0.885s] running develop
[0.989s] running egg_info
[0.989s] creating tf2_basic.egg-info
[0.999s] writing tf2_basic.egg-info/PKG-INFO
[0.999s] writing dependency_links to tf2_basic.egg-info/dependency_links.txt
[0.999s] writing entry points to tf2_basic.egg-info/entry_points.txt
[0.999s] writing requirements to tf2_basic.egg-info/requires.txt
[0.999s] writing top-level names to tf2_basic.egg-info/top_level.txt
[0.999s] writing manifest file 'tf2_basic.egg-info/SOURCES.txt'
[1.020s] reading manifest file 'tf2_basic.egg-info/SOURCES.txt'
[1.020s] writing manifest file 'tf2_basic.egg-info/SOURCES.txt'
[1.031s] running build_ext
[1.031s] Creating /home/ver/Ros/ver_ws/install/tf2_basic/lib/python3.12/site-packages/tf2-basic.egg-link (link to .)
[1.032s] Installing static_turtle_tf2_broadcaster script to /home/ver/Ros/ver_ws/install/tf2_basic/lib/tf2_basic
[1.032s] 
[1.032s] Installed /home/ver/Ros/ver_ws/build/tf2_basic
[1.032s] running symlink_data
[1.032s] creating /home/ver/Ros/ver_ws/install/tf2_basic/share/ament_index
[1.033s] creating /home/ver/Ros/ver_ws/install/tf2_basic/share/ament_index/resource_index
[1.033s] creating /home/ver/Ros/ver_ws/install/tf2_basic/share/ament_index/resource_index/packages
[1.033s] symbolically linking /home/ver/Ros/ver_ws/build/tf2_basic/resource/tf2_basic -> /home/ver/Ros/ver_ws/install/tf2_basic/share/ament_index/resource_index/packages
[1.033s] symbolically linking /home/ver/Ros/ver_ws/build/tf2_basic/package.xml -> /home/ver/Ros/ver_ws/install/tf2_basic/share/tf2_basic
[1.057s] Invoked command in '/home/ver/Ros/ver_ws/build/tf2_basic' returned '0': PYTHONPATH=/home/ver/Ros/ver_ws/build/tf2_basic/prefix_override:/usr/lib/python3/dist-packages/colcon_core/task/python/colcon_distutils_commands:/home/ver/Ros/ver_ws/install/tf2_basic/lib/python3.12/site-packages:${PYTHONPATH} /usr/bin/python3 -W ignore:setup.py install is deprecated -W ignore:easy_install command is deprecated setup.py develop --editable --build-directory /home/ver/Ros/ver_ws/build/tf2_basic/build --no-deps symlink_data
