[0.016s] Invoking command in '/home/ver/Ros/ver_ws/build/user_interface': CMAKE_PREFIX_PATH=${CMAKE_PREFIX_PATH}:/home/ver/Ros/ver_ws/install/ver_basic:/opt/ros/jazzy /usr/bin/cmake --build /home/ver/Ros/ver_ws/build/user_interface -- -j16 -l16
[0.163s] -- Found ament_cmake: 2.5.6 (/opt/ros/jazzy/share/ament_cmake/cmake)
[0.163s] -- Override CMake install command with custom implementation using symlinks instead of copying resources
[0.164s] -- Found rosidl_default_generators: 1.6.1 (/opt/ros/jazzy/share/rosidl_default_generators/cmake)
[0.164s] -- Using all available rosidl_typesupport_c: rosidl_typesupport_fastrtps_c;rosidl_typesupport_introspection_c
[0.256s] -- Using all available rosidl_typesupport_cpp: rosidl_typesupport_fastrtps_cpp;rosidl_typesupport_introspection_cpp
[0.290s] -- Found rosidl_adapter: 4.6.9 (/opt/ros/jazzy/share/rosidl_adapter/cmake)
[0.294s] -- Found std_msgs: 5.3.8 (/opt/ros/jazzy/share/std_msgs/cmake)
[0.591s] -- Found ament_cmake_ros: 0.12.1 (/opt/ros/jazzy/share/ament_cmake_ros/cmake)
[0.693s] -- Using all available rosidl_typesupport_c: rosidl_typesupport_fastrtps_c;rosidl_typesupport_introspection_c
[0.821s] -- Using all available rosidl_typesupport_cpp: rosidl_typesupport_fastrtps_cpp;rosidl_typesupport_introspection_cpp
[0.823s] -- Found python_cmake_module: 0.11.1 (/opt/ros/jazzy/share/python_cmake_module/cmake)
[1.066s] -- Found Python3: /usr/bin/python3 (found version "3.12.3") found components: Interpreter Development NumPy Development.Module Development.Embed 
[1.113s] -- Found Python3: /usr/bin/python3 (found version "3.12.3") found components: Interpreter 
[1.116s] -- Found ament_lint_auto: 0.17.5 (/opt/ros/jazzy/share/ament_lint_auto/cmake)
[1.132s] -- Configuring done (1.1s)
[1.190s] -- Generating done (0.1s)
[1.203s] -- Build files have been written to: /home/ver/Ros/ver_ws/build/user_interface
[1.228s] [  1%] [34m[1mGenerating type hashes for ROS interfaces[0m
[1.228s] [  3%] [34m[1mGenerating Rust code for ROS interfaces[0m
[1.235s] [  3%] Built target ament_cmake_python_symlink_user_interface
[1.414s] running egg_info
[1.427s] writing user_interface.egg-info/PKG-INFO
[1.428s] writing dependency_links to user_interface.egg-info/dependency_links.txt
[1.428s] writing top-level names to user_interface.egg-info/top_level.txt
[1.433s] [  3%] Built target user_interface__rosidl_generator_type_description
[1.441s] [  5%] [34m[1mGenerating C code for ROS interfaces[0m
[1.449s] [  7%] [34m[1mGenerating C++ code for ROS interfaces[0m
[1.469s] reading manifest file 'user_interface.egg-info/SOURCES.txt'
[1.471s] writing manifest file 'user_interface.egg-info/SOURCES.txt'
[1.481s] [  7%] Built target user_interface__rs
[1.492s] [  7%] Built target ament_cmake_python_build_user_interface_egg
[1.784s] [  7%] Built target user_interface__cpp
[1.841s] [ 10%] [32mBuilding C object CMakeFiles/user_interface__rosidl_generator_c.dir/rosidl_generator_c/user_interface/msg/detail/user_int__description.c.o[0m
[1.842s] [ 10%] [32mBuilding C object CMakeFiles/user_interface__rosidl_generator_c.dir/rosidl_generator_c/user_interface/msg/detail/user_int__functions.c.o[0m
[1.842s] [ 12%] [32mBuilding C object CMakeFiles/user_interface__rosidl_generator_c.dir/rosidl_generator_c/user_interface/msg/detail/user_int__type_support.c.o[0m
[1.842s] [ 14%] [32mBuilding C object CMakeFiles/user_interface__rosidl_generator_c.dir/rosidl_generator_c/user_interface/srv/detail/add_and_odd__functions.c.o[0m
[1.845s] [ 16%] [32mBuilding C object CMakeFiles/user_interface__rosidl_generator_c.dir/rosidl_generator_c/user_interface/srv/detail/add_and_odd__description.c.o[0m
[1.845s] [ 18%] [32mBuilding C object CMakeFiles/user_interface__rosidl_generator_c.dir/rosidl_generator_c/user_interface/action/detail/fibonacci__functions.c.o[0m
[1.845s] [ 20%] [32mBuilding C object CMakeFiles/user_interface__rosidl_generator_c.dir/rosidl_generator_c/user_interface/action/detail/fibonacci__description.c.o[0m
[1.846s] [ 21%] [32mBuilding C object CMakeFiles/user_interface__rosidl_generator_c.dir/rosidl_generator_c/user_interface/srv/detail/add_and_odd__type_support.c.o[0m
[1.849s] [ 23%] [32mBuilding C object CMakeFiles/user_interface__rosidl_generator_c.dir/rosidl_generator_c/user_interface/action/detail/fibonacci__type_support.c.o[0m
[2.010s] [ 25%] [32m[1mLinking C shared library libuser_interface__rosidl_generator_c.so[0m
[2.079s] [ 25%] Built target user_interface__rosidl_generator_c
[2.085s] [ 29%] [34m[1mGenerating C type support for eProsima Fast-RTPS[0m
[2.085s] [ 29%] [34m[1mGenerating C++ type support dispatch for ROS interfaces[0m
[2.089s] [ 30%] [34m[1mGenerating C++ type support for eProsima Fast-RTPS[0m
[2.089s] [ 32%] [34m[1mGenerating C type support dispatch for ROS interfaces[0m
[2.092s] [ 34%] [34m[1mGenerating C++ introspection for ROS interfaces[0m
[2.093s] [ 36%] [34m[1mGenerating C introspection for ROS interfaces[0m
[2.388s] [ 38%] [32mBuilding CXX object CMakeFiles/user_interface__rosidl_typesupport_c.dir/rosidl_typesupport_c/user_interface/msg/user_int__type_support.cpp.o[0m
[2.389s] [ 40%] [32mBuilding CXX object CMakeFiles/user_interface__rosidl_typesupport_c.dir/rosidl_typesupport_c/user_interface/srv/add_and_odd__type_support.cpp.o[0m
[2.390s] [ 41%] [32mBuilding CXX object CMakeFiles/user_interface__rosidl_typesupport_c.dir/rosidl_typesupport_c/user_interface/action/fibonacci__type_support.cpp.o[0m
[2.391s] [ 43%] [32mBuilding CXX object CMakeFiles/user_interface__rosidl_typesupport_cpp.dir/rosidl_typesupport_cpp/user_interface/srv/add_and_odd__type_support.cpp.o[0m
[2.392s] [ 45%] [32mBuilding CXX object CMakeFiles/user_interface__rosidl_typesupport_cpp.dir/rosidl_typesupport_cpp/user_interface/msg/user_int__type_support.cpp.o[0m
[2.396s] [ 47%] [32mBuilding CXX object CMakeFiles/user_interface__rosidl_typesupport_cpp.dir/rosidl_typesupport_cpp/user_interface/action/fibonacci__type_support.cpp.o[0m
[2.451s] [ 49%] [32mBuilding CXX object CMakeFiles/user_interface__rosidl_typesupport_introspection_cpp.dir/rosidl_typesupport_introspection_cpp/user_interface/msg/detail/user_int__type_support.cpp.o[0m
[2.453s] [ 50%] [32mBuilding CXX object CMakeFiles/user_interface__rosidl_typesupport_introspection_cpp.dir/rosidl_typesupport_introspection_cpp/user_interface/action/detail/fibonacci__type_support.cpp.o[0m
[2.454s] [ 52%] [32mBuilding CXX object CMakeFiles/user_interface__rosidl_typesupport_introspection_cpp.dir/rosidl_typesupport_introspection_cpp/user_interface/srv/detail/add_and_odd__type_support.cpp.o[0m
[2.493s] [ 54%] [32m[1mLinking CXX shared library libuser_interface__rosidl_typesupport_c.so[0m
[2.493s] [ 56%] [32mBuilding C object CMakeFiles/user_interface__rosidl_typesupport_introspection_c.dir/rosidl_typesupport_introspection_c/user_interface/srv/detail/add_and_odd__type_support.c.o[0m
[2.494s] [ 60%] [32mBuilding C object CMakeFiles/user_interface__rosidl_typesupport_introspection_c.dir/rosidl_typesupport_introspection_c/user_interface/msg/detail/user_int__type_support.c.o[0m
[2.494s] [ 60%] [32mBuilding C object CMakeFiles/user_interface__rosidl_typesupport_introspection_c.dir/rosidl_typesupport_introspection_c/user_interface/action/detail/fibonacci__type_support.c.o[0m
[2.588s] [ 61%] [32m[1mLinking C shared library libuser_interface__rosidl_typesupport_introspection_c.so[0m
[2.624s] [ 61%] Built target user_interface__rosidl_typesupport_c
[2.681s] [ 65%] [32mBuilding CXX object CMakeFiles/user_interface__rosidl_typesupport_fastrtps_cpp.dir/rosidl_typesupport_fastrtps_cpp/user_interface/action/detail/dds_fastrtps/fibonacci__type_support.cpp.o[0m
[2.681s] [ 65%] [32mBuilding CXX object CMakeFiles/user_interface__rosidl_typesupport_fastrtps_cpp.dir/rosidl_typesupport_fastrtps_cpp/user_interface/srv/detail/dds_fastrtps/add_and_odd__type_support.cpp.o[0m
[2.681s] [ 67%] [32mBuilding CXX object CMakeFiles/user_interface__rosidl_typesupport_fastrtps_cpp.dir/rosidl_typesupport_fastrtps_cpp/user_interface/msg/detail/dds_fastrtps/user_int__type_support.cpp.o[0m
[2.700s] [ 67%] Built target user_interface__rosidl_typesupport_introspection_c
[2.735s] [ 69%] [32mBuilding CXX object CMakeFiles/user_interface__rosidl_typesupport_fastrtps_c.dir/rosidl_typesupport_fastrtps_c/user_interface/msg/detail/user_int__type_support_c.cpp.o[0m
[2.738s] [ 72%] [32mBuilding CXX object CMakeFiles/user_interface__rosidl_typesupport_fastrtps_c.dir/rosidl_typesupport_fastrtps_c/user_interface/srv/detail/add_and_odd__type_support_c.cpp.o[0m
[2.738s] [ 72%] [32mBuilding CXX object CMakeFiles/user_interface__rosidl_typesupport_fastrtps_c.dir/rosidl_typesupport_fastrtps_c/user_interface/action/detail/fibonacci__type_support_c.cpp.o[0m
[3.352s] [ 74%] [32m[1mLinking CXX shared library libuser_interface__rosidl_typesupport_cpp.so[0m
[3.401s] [ 76%] [32m[1mLinking CXX shared library libuser_interface__rosidl_typesupport_fastrtps_c.so[0m
[3.451s] [ 78%] [32m[1mLinking CXX shared library libuser_interface__rosidl_typesupport_introspection_cpp.so[0m
[3.480s] [ 78%] Built target user_interface__rosidl_typesupport_cpp
[3.518s] [ 78%] Built target user_interface__rosidl_typesupport_fastrtps_c
[3.567s] [ 78%] Built target user_interface__rosidl_typesupport_introspection_cpp
[3.693s] [ 80%] [32m[1mLinking CXX shared library libuser_interface__rosidl_typesupport_fastrtps_cpp.so[0m
[3.778s] [ 80%] Built target user_interface__rosidl_typesupport_fastrtps_cpp
[3.791s] [ 80%] Built target user_interface
[3.803s] [ 81%] [34m[1mGenerating Python code for ROS interfaces[0m
[4.316s] [ 81%] Built target user_interface__py
[4.333s] [ 87%] [32mBuilding C object CMakeFiles/user_interface__rosidl_generator_py.dir/rosidl_generator_py/user_interface/msg/_user_int_s.c.o[0m
[4.333s] [ 87%] [32mBuilding C object CMakeFiles/user_interface__rosidl_generator_py.dir/rosidl_generator_py/user_interface/action/_fibonacci_s.c.o[0m
[4.333s] [ 87%] [32mBuilding C object CMakeFiles/user_interface__rosidl_generator_py.dir/rosidl_generator_py/user_interface/srv/_add_and_odd_s.c.o[0m
[4.497s] [ 89%] [32m[1mLinking C shared library libuser_interface__rosidl_generator_py.so[0m
[4.555s] [ 89%] Built target user_interface__rosidl_generator_py
[4.571s] [ 92%] [32mBuilding C object CMakeFiles/user_interface_s__rosidl_typesupport_introspection_c.dir/rosidl_generator_py/user_interface/_user_interface_s.ep.rosidl_typesupport_introspection_c.c.o[0m
[4.571s] [ 92%] [32mBuilding C object CMakeFiles/user_interface_s__rosidl_typesupport_fastrtps_c.dir/rosidl_generator_py/user_interface/_user_interface_s.ep.rosidl_typesupport_fastrtps_c.c.o[0m
[4.576s] [ 94%] [32mBuilding C object CMakeFiles/user_interface_s__rosidl_typesupport_c.dir/rosidl_generator_py/user_interface/_user_interface_s.ep.rosidl_typesupport_c.c.o[0m
[4.660s] [ 96%] [32m[1mLinking C shared module rosidl_generator_py/user_interface/user_interface_s__rosidl_typesupport_introspection_c.so[0m
[4.661s] [ 98%] [32m[1mLinking C shared module rosidl_generator_py/user_interface/user_interface_s__rosidl_typesupport_fastrtps_c.so[0m
[4.661s] [100%] [32m[1mLinking C shared module rosidl_generator_py/user_interface/user_interface_s__rosidl_typesupport_c.so[0m
[4.745s] [100%] Built target user_interface_s__rosidl_typesupport_introspection_c
[4.746s] [100%] Built target user_interface_s__rosidl_typesupport_c
[4.746s] [100%] Built target user_interface_s__rosidl_typesupport_fastrtps_c
[4.753s] Invoked command in '/home/ver/Ros/ver_ws/build/user_interface' returned '0': CMAKE_PREFIX_PATH=${CMAKE_PREFIX_PATH}:/home/ver/Ros/ver_ws/install/ver_basic:/opt/ros/jazzy /usr/bin/cmake --build /home/ver/Ros/ver_ws/build/user_interface -- -j16 -l16
[4.759s] Invoking command in '/home/ver/Ros/ver_ws/build/user_interface': CMAKE_PREFIX_PATH=${CMAKE_PREFIX_PATH}:/home/ver/Ros/ver_ws/install/ver_basic:/opt/ros/jazzy /usr/bin/cmake --install /home/ver/Ros/ver_ws/build/user_interface
[4.763s] -- Install configuration: ""
[4.764s] -- Execute custom install script
[4.764s] -- Up-to-date symlink: /home/ver/Ros/ver_ws/install/user_interface/share/ament_index/resource_index/rosidl_interfaces/user_interface
[4.765s] -- Up-to-date symlink: /home/ver/Ros/ver_ws/install/user_interface/share/user_interface/msg/UserInt.json
[4.765s] -- Up-to-date symlink: /home/ver/Ros/ver_ws/install/user_interface/share/user_interface/srv/AddAndOdd.json
[4.765s] -- Up-to-date symlink: /home/ver/Ros/ver_ws/install/user_interface/share/user_interface/action/Fibonacci.json
[4.766s] -- Up-to-date symlink: /home/ver/Ros/ver_ws/install/user_interface/include/user_interface/user_interface/action/detail/fibonacci__functions.h
[4.767s] -- Up-to-date symlink: /home/ver/Ros/ver_ws/install/user_interface/include/user_interface/user_interface/action/detail/fibonacci__struct.h
[4.767s] -- Up-to-date symlink: /home/ver/Ros/ver_ws/install/user_interface/include/user_interface/user_interface/action/detail/fibonacci__type_support.h
[4.767s] -- Up-to-date symlink: /home/ver/Ros/ver_ws/install/user_interface/include/user_interface/user_interface/action/fibonacci.h
[4.767s] -- Up-to-date symlink: /home/ver/Ros/ver_ws/install/user_interface/include/user_interface/user_interface/msg/detail/user_int__functions.h
[4.767s] -- Up-to-date symlink: /home/ver/Ros/ver_ws/install/user_interface/include/user_interface/user_interface/msg/detail/user_int__struct.h
[4.767s] -- Up-to-date symlink: /home/ver/Ros/ver_ws/install/user_interface/include/user_interface/user_interface/msg/detail/user_int__type_support.h
[4.768s] -- Up-to-date symlink: /home/ver/Ros/ver_ws/install/user_interface/include/user_interface/user_interface/msg/rosidl_generator_c__visibility_control.h
[4.768s] -- Up-to-date symlink: /home/ver/Ros/ver_ws/install/user_interface/include/user_interface/user_interface/msg/user_int.h
[4.768s] -- Up-to-date symlink: /home/ver/Ros/ver_ws/install/user_interface/include/user_interface/user_interface/srv/add_and_odd.h
[4.768s] -- Up-to-date symlink: /home/ver/Ros/ver_ws/install/user_interface/include/user_interface/user_interface/srv/detail/add_and_odd__functions.h
[4.769s] -- Up-to-date symlink: /home/ver/Ros/ver_ws/install/user_interface/include/user_interface/user_interface/srv/detail/add_and_odd__struct.h
[4.769s] -- Up-to-date symlink: /home/ver/Ros/ver_ws/install/user_interface/include/user_interface/user_interface/srv/detail/add_and_odd__type_support.h
[4.769s] -- Up-to-date symlink: /home/ver/Ros/ver_ws/install/user_interface/share/user_interface/environment/library_path.sh
[4.769s] -- Up-to-date symlink: /home/ver/Ros/ver_ws/install/user_interface/share/user_interface/environment/library_path.dsv
[4.770s] -- Up-to-date symlink: /home/ver/Ros/ver_ws/install/user_interface/include/user_interface/user_interface/action/detail/fibonacci__rosidl_typesupport_fastrtps_c.h
[4.771s] -- Up-to-date symlink: /home/ver/Ros/ver_ws/install/user_interface/include/user_interface/user_interface/msg/detail/user_int__rosidl_typesupport_fastrtps_c.h
[4.771s] -- Up-to-date symlink: /home/ver/Ros/ver_ws/install/user_interface/include/user_interface/user_interface/msg/rosidl_typesupport_fastrtps_c__visibility_control.h
[4.771s] -- Up-to-date symlink: /home/ver/Ros/ver_ws/install/user_interface/include/user_interface/user_interface/srv/detail/add_and_odd__rosidl_typesupport_fastrtps_c.h
[4.772s] -- Up-to-date symlink: /home/ver/Ros/ver_ws/install/user_interface/include/user_interface/user_interface/action/detail/fibonacci__rosidl_typesupport_introspection_c.h
[4.773s] -- Up-to-date symlink: /home/ver/Ros/ver_ws/install/user_interface/include/user_interface/user_interface/msg/detail/user_int__rosidl_typesupport_introspection_c.h
[4.773s] -- Up-to-date symlink: /home/ver/Ros/ver_ws/install/user_interface/include/user_interface/user_interface/msg/rosidl_typesupport_introspection_c__visibility_control.h
[4.774s] -- Up-to-date symlink: /home/ver/Ros/ver_ws/install/user_interface/include/user_interface/user_interface/srv/detail/add_and_odd__rosidl_typesupport_introspection_c.h
[4.775s] -- Up-to-date symlink: /home/ver/Ros/ver_ws/install/user_interface/include/user_interface/user_interface/action/detail/fibonacci__builder.hpp
[4.775s] -- Up-to-date symlink: /home/ver/Ros/ver_ws/install/user_interface/include/user_interface/user_interface/action/detail/fibonacci__struct.hpp
[4.775s] -- Up-to-date symlink: /home/ver/Ros/ver_ws/install/user_interface/include/user_interface/user_interface/action/detail/fibonacci__traits.hpp
[4.776s] -- Up-to-date symlink: /home/ver/Ros/ver_ws/install/user_interface/include/user_interface/user_interface/action/detail/fibonacci__type_support.hpp
[4.776s] -- Up-to-date symlink: /home/ver/Ros/ver_ws/install/user_interface/include/user_interface/user_interface/action/fibonacci.hpp
[4.776s] -- Up-to-date symlink: /home/ver/Ros/ver_ws/install/user_interface/include/user_interface/user_interface/msg/detail/user_int__builder.hpp
[4.776s] -- Up-to-date symlink: /home/ver/Ros/ver_ws/install/user_interface/include/user_interface/user_interface/msg/detail/user_int__struct.hpp
[4.776s] -- Up-to-date symlink: /home/ver/Ros/ver_ws/install/user_interface/include/user_interface/user_interface/msg/detail/user_int__traits.hpp
[4.777s] -- Up-to-date symlink: /home/ver/Ros/ver_ws/install/user_interface/include/user_interface/user_interface/msg/detail/user_int__type_support.hpp
[4.777s] -- Up-to-date symlink: /home/ver/Ros/ver_ws/install/user_interface/include/user_interface/user_interface/msg/rosidl_generator_cpp__visibility_control.hpp
[4.777s] -- Up-to-date symlink: /home/ver/Ros/ver_ws/install/user_interface/include/user_interface/user_interface/msg/user_int.hpp
[4.777s] -- Up-to-date symlink: /home/ver/Ros/ver_ws/install/user_interface/include/user_interface/user_interface/srv/add_and_odd.hpp
[4.777s] -- Up-to-date symlink: /home/ver/Ros/ver_ws/install/user_interface/include/user_interface/user_interface/srv/detail/add_and_odd__builder.hpp
[4.777s] -- Up-to-date symlink: /home/ver/Ros/ver_ws/install/user_interface/include/user_interface/user_interface/srv/detail/add_and_odd__struct.hpp
[4.778s] -- Up-to-date symlink: /home/ver/Ros/ver_ws/install/user_interface/include/user_interface/user_interface/srv/detail/add_and_odd__traits.hpp
[4.778s] -- Up-to-date symlink: /home/ver/Ros/ver_ws/install/user_interface/include/user_interface/user_interface/srv/detail/add_and_odd__type_support.hpp
[4.780s] -- Up-to-date symlink: /home/ver/Ros/ver_ws/install/user_interface/include/user_interface/user_interface/action/detail/fibonacci__rosidl_typesupport_fastrtps_cpp.hpp
[4.780s] -- Up-to-date symlink: /home/ver/Ros/ver_ws/install/user_interface/include/user_interface/user_interface/msg/detail/user_int__rosidl_typesupport_fastrtps_cpp.hpp
[4.780s] -- Up-to-date symlink: /home/ver/Ros/ver_ws/install/user_interface/include/user_interface/user_interface/msg/rosidl_typesupport_fastrtps_cpp__visibility_control.h
[4.781s] -- Up-to-date symlink: /home/ver/Ros/ver_ws/install/user_interface/include/user_interface/user_interface/srv/detail/add_and_odd__rosidl_typesupport_fastrtps_cpp.hpp
[4.782s] -- Up-to-date symlink: /home/ver/Ros/ver_ws/install/user_interface/include/user_interface/user_interface/action/detail/fibonacci__rosidl_typesupport_introspection_cpp.hpp
[4.782s] -- Up-to-date symlink: /home/ver/Ros/ver_ws/install/user_interface/include/user_interface/user_interface/msg/detail/user_int__rosidl_typesupport_introspection_cpp.hpp
[4.782s] -- Up-to-date symlink: /home/ver/Ros/ver_ws/install/user_interface/include/user_interface/user_interface/srv/detail/add_and_odd__rosidl_typesupport_introspection_cpp.hpp
[4.782s] -- Up-to-date symlink: /home/ver/Ros/ver_ws/install/user_interface/share/user_interface/environment/pythonpath.sh
[4.782s] -- Up-to-date symlink: /home/ver/Ros/ver_ws/install/user_interface/share/user_interface/environment/pythonpath.dsv
[4.783s] -- Up-to-date symlink: /home/ver/Ros/ver_ws/install/user_interface/lib/python3.12/site-packages/user_interface-0.0.0-py3.12.egg-info/PKG-INFO
[4.783s] -- Up-to-date symlink: /home/ver/Ros/ver_ws/install/user_interface/lib/python3.12/site-packages/user_interface-0.0.0-py3.12.egg-info/SOURCES.txt
[4.783s] -- Up-to-date symlink: /home/ver/Ros/ver_ws/install/user_interface/lib/python3.12/site-packages/user_interface-0.0.0-py3.12.egg-info/dependency_links.txt
[4.783s] -- Up-to-date symlink: /home/ver/Ros/ver_ws/install/user_interface/lib/python3.12/site-packages/user_interface-0.0.0-py3.12.egg-info/top_level.txt
[4.784s] -- Up-to-date symlink: /home/ver/Ros/ver_ws/install/user_interface/lib/python3.12/site-packages/user_interface/__init__.py
[4.784s] -- Up-to-date symlink: /home/ver/Ros/ver_ws/install/user_interface/lib/python3.12/site-packages/user_interface/_user_interface_s.ep.rosidl_typesupport_c.c
[4.784s] -- Up-to-date symlink: /home/ver/Ros/ver_ws/install/user_interface/lib/python3.12/site-packages/user_interface/_user_interface_s.ep.rosidl_typesupport_fastrtps_c.c
[4.784s] -- Up-to-date symlink: /home/ver/Ros/ver_ws/install/user_interface/lib/python3.12/site-packages/user_interface/_user_interface_s.ep.rosidl_typesupport_introspection_c.c
[4.785s] -- Up-to-date symlink: /home/ver/Ros/ver_ws/install/user_interface/lib/python3.12/site-packages/user_interface/action/__init__.py
[4.785s] -- Up-to-date symlink: /home/ver/Ros/ver_ws/install/user_interface/lib/python3.12/site-packages/user_interface/action/_fibonacci.py
[4.785s] -- Up-to-date symlink: /home/ver/Ros/ver_ws/install/user_interface/lib/python3.12/site-packages/user_interface/action/_fibonacci_s.c
[4.785s] -- Up-to-date symlink: /home/ver/Ros/ver_ws/install/user_interface/lib/python3.12/site-packages/user_interface/msg/__init__.py
[4.785s] -- Up-to-date symlink: /home/ver/Ros/ver_ws/install/user_interface/lib/python3.12/site-packages/user_interface/msg/_user_int.py
[4.786s] -- Up-to-date symlink: /home/ver/Ros/ver_ws/install/user_interface/lib/python3.12/site-packages/user_interface/msg/_user_int_s.c
[4.786s] -- Up-to-date symlink: /home/ver/Ros/ver_ws/install/user_interface/lib/python3.12/site-packages/user_interface/srv/__init__.py
[4.786s] -- Up-to-date symlink: /home/ver/Ros/ver_ws/install/user_interface/lib/python3.12/site-packages/user_interface/srv/_add_and_odd.py
[4.786s] -- Up-to-date symlink: /home/ver/Ros/ver_ws/install/user_interface/lib/python3.12/site-packages/user_interface/srv/_add_and_odd_s.c
[4.786s] -- Up-to-date symlink: /home/ver/Ros/ver_ws/install/user_interface/lib/python3.12/site-packages/user_interface/user_interface_s__rosidl_typesupport_c.so
[4.786s] -- Up-to-date symlink: /home/ver/Ros/ver_ws/install/user_interface/lib/python3.12/site-packages/user_interface/user_interface_s__rosidl_typesupport_fastrtps_c.so
[4.787s] -- Up-to-date symlink: /home/ver/Ros/ver_ws/install/user_interface/lib/python3.12/site-packages/user_interface/user_interface_s__rosidl_typesupport_introspection_c.so
[4.787s] -- Up-to-date symlink: /home/ver/Ros/ver_ws/install/user_interface/lib/python3.12/site-packages/user_interface/user_interface_s__rosidl_typesupport_fastrtps_c.so
[4.787s] -- Up-to-date symlink: /home/ver/Ros/ver_ws/install/user_interface/lib/python3.12/site-packages/user_interface/user_interface_s__rosidl_typesupport_introspection_c.so
[4.787s] -- Up-to-date symlink: /home/ver/Ros/ver_ws/install/user_interface/lib/python3.12/site-packages/user_interface/user_interface_s__rosidl_typesupport_c.so
[4.787s] -- Up-to-date symlink: /home/ver/Ros/ver_ws/install/user_interface/share/ament_index/resource_index/rust_packages/user_interface
[4.788s] -- Up-to-date symlink: /home/ver/Ros/ver_ws/install/user_interface/share/user_interface/rust/Cargo.toml
[4.789s] -- Up-to-date symlink: /home/ver/Ros/ver_ws/install/user_interface/share/user_interface/rust/build.rs
[4.789s] -- Up-to-date symlink: /home/ver/Ros/ver_ws/install/user_interface/share/user_interface/rust/src/action.rs
[4.789s] -- Up-to-date symlink: /home/ver/Ros/ver_ws/install/user_interface/share/user_interface/rust/src/action/rmw.rs
[4.789s] -- Up-to-date symlink: /home/ver/Ros/ver_ws/install/user_interface/share/user_interface/rust/src/lib.rs
[4.789s] -- Up-to-date symlink: /home/ver/Ros/ver_ws/install/user_interface/share/user_interface/rust/src/msg.rs
[4.790s] -- Up-to-date symlink: /home/ver/Ros/ver_ws/install/user_interface/share/user_interface/rust/src/msg/rmw.rs
[4.790s] -- Up-to-date symlink: /home/ver/Ros/ver_ws/install/user_interface/share/user_interface/rust/src/srv.rs
[4.790s] -- Up-to-date symlink: /home/ver/Ros/ver_ws/install/user_interface/share/user_interface/rust/src/srv/rmw.rs
[4.790s] -- Up-to-date symlink: /home/ver/Ros/ver_ws/install/user_interface/share/user_interface/msg/UserInt.idl
[4.791s] -- Up-to-date symlink: /home/ver/Ros/ver_ws/install/user_interface/share/user_interface/srv/AddAndOdd.idl
[4.791s] -- Up-to-date symlink: /home/ver/Ros/ver_ws/install/user_interface/share/user_interface/action/Fibonacci.idl
[4.791s] -- Up-to-date symlink: /home/ver/Ros/ver_ws/install/user_interface/share/user_interface/msg/UserInt.msg
[4.791s] -- Up-to-date symlink: /home/ver/Ros/ver_ws/install/user_interface/share/user_interface/srv/AddAndOdd.srv
[4.791s] -- Up-to-date symlink: /home/ver/Ros/ver_ws/install/user_interface/share/user_interface/action/Fibonacci.action
[4.791s] -- Up-to-date symlink: /home/ver/Ros/ver_ws/install/user_interface/share/ament_index/resource_index/package_run_dependencies/user_interface
[4.792s] -- Up-to-date symlink: /home/ver/Ros/ver_ws/install/user_interface/share/ament_index/resource_index/parent_prefix_path/user_interface
[4.792s] -- Up-to-date symlink: /home/ver/Ros/ver_ws/install/user_interface/share/user_interface/environment/ament_prefix_path.sh
[4.792s] -- Up-to-date symlink: /home/ver/Ros/ver_ws/install/user_interface/share/user_interface/environment/ament_prefix_path.dsv
[4.792s] -- Up-to-date symlink: /home/ver/Ros/ver_ws/install/user_interface/share/user_interface/environment/path.sh
[4.793s] -- Up-to-date symlink: /home/ver/Ros/ver_ws/install/user_interface/share/user_interface/environment/path.dsv
[4.793s] -- Up-to-date symlink: /home/ver/Ros/ver_ws/install/user_interface/share/user_interface/local_setup.bash
[4.793s] -- Up-to-date symlink: /home/ver/Ros/ver_ws/install/user_interface/share/user_interface/local_setup.sh
[4.793s] -- Up-to-date symlink: /home/ver/Ros/ver_ws/install/user_interface/share/user_interface/local_setup.zsh
[4.793s] -- Up-to-date symlink: /home/ver/Ros/ver_ws/install/user_interface/share/user_interface/local_setup.dsv
[4.794s] -- Symlinking: /home/ver/Ros/ver_ws/install/user_interface/share/user_interface/package.dsv
[4.799s] -- Up-to-date symlink: /home/ver/Ros/ver_ws/install/user_interface/share/ament_index/resource_index/packages/user_interface
[4.800s] -- Up-to-date symlink: /home/ver/Ros/ver_ws/install/user_interface/share/user_interface/cmake/rosidl_cmake-extras.cmake
[4.800s] -- Up-to-date symlink: /home/ver/Ros/ver_ws/install/user_interface/share/user_interface/cmake/ament_cmake_export_dependencies-extras.cmake
[4.800s] -- Up-to-date symlink: /home/ver/Ros/ver_ws/install/user_interface/share/user_interface/cmake/ament_cmake_export_include_directories-extras.cmake
[4.801s] -- Up-to-date symlink: /home/ver/Ros/ver_ws/install/user_interface/share/user_interface/cmake/ament_cmake_export_libraries-extras.cmake
[4.801s] -- Up-to-date symlink: /home/ver/Ros/ver_ws/install/user_interface/share/user_interface/cmake/ament_cmake_export_targets-extras.cmake
[4.801s] -- Up-to-date symlink: /home/ver/Ros/ver_ws/install/user_interface/share/user_interface/cmake/rosidl_cmake_export_typesupport_targets-extras.cmake
[4.801s] -- Up-to-date symlink: /home/ver/Ros/ver_ws/install/user_interface/share/user_interface/cmake/rosidl_cmake_export_typesupport_libraries-extras.cmake
[4.802s] -- Up-to-date symlink: /home/ver/Ros/ver_ws/install/user_interface/share/user_interface/cmake/rosidl_cmake_aggregate_target-extras.cmake
[4.802s] -- Up-to-date symlink: /home/ver/Ros/ver_ws/install/user_interface/share/user_interface/cmake/user_interfaceConfig.cmake
[4.802s] -- Up-to-date symlink: /home/ver/Ros/ver_ws/install/user_interface/share/user_interface/cmake/user_interfaceConfig-version.cmake
[4.802s] -- Up-to-date symlink: /home/ver/Ros/ver_ws/install/user_interface/share/user_interface/package.xml
[4.803s] -- Installing: /home/ver/Ros/ver_ws/install/user_interface/lib/libuser_interface__rosidl_generator_c.so
[4.803s] -- Set non-toolchain portion of runtime path of "/home/ver/Ros/ver_ws/install/user_interface/lib/libuser_interface__rosidl_generator_c.so" to ""
[4.804s] -- Installing: /home/ver/Ros/ver_ws/install/user_interface/lib/libuser_interface__rosidl_typesupport_fastrtps_c.so
[4.804s] -- Set non-toolchain portion of runtime path of "/home/ver/Ros/ver_ws/install/user_interface/lib/libuser_interface__rosidl_typesupport_fastrtps_c.so" to ""
[4.805s] -- Installing: /home/ver/Ros/ver_ws/install/user_interface/lib/libuser_interface__rosidl_typesupport_introspection_c.so
[4.805s] -- Set non-toolchain portion of runtime path of "/home/ver/Ros/ver_ws/install/user_interface/lib/libuser_interface__rosidl_typesupport_introspection_c.so" to ""
[4.806s] -- Installing: /home/ver/Ros/ver_ws/install/user_interface/lib/libuser_interface__rosidl_typesupport_c.so
[4.806s] -- Set non-toolchain portion of runtime path of "/home/ver/Ros/ver_ws/install/user_interface/lib/libuser_interface__rosidl_typesupport_c.so" to ""
[4.806s] -- Installing: /home/ver/Ros/ver_ws/install/user_interface/lib/libuser_interface__rosidl_typesupport_fastrtps_cpp.so
[4.807s] -- Set non-toolchain portion of runtime path of "/home/ver/Ros/ver_ws/install/user_interface/lib/libuser_interface__rosidl_typesupport_fastrtps_cpp.so" to ""
[4.807s] -- Installing: /home/ver/Ros/ver_ws/install/user_interface/lib/libuser_interface__rosidl_typesupport_introspection_cpp.so
[4.808s] -- Set non-toolchain portion of runtime path of "/home/ver/Ros/ver_ws/install/user_interface/lib/libuser_interface__rosidl_typesupport_introspection_cpp.so" to ""
[4.808s] -- Installing: /home/ver/Ros/ver_ws/install/user_interface/lib/libuser_interface__rosidl_typesupport_cpp.so
[4.809s] -- Set non-toolchain portion of runtime path of "/home/ver/Ros/ver_ws/install/user_interface/lib/libuser_interface__rosidl_typesupport_cpp.so" to ""
[4.848s] Listing '/home/ver/Ros/ver_ws/install/user_interface/lib/python3.12/site-packages/user_interface'...
[4.848s] Compiling '/home/ver/Ros/ver_ws/install/user_interface/lib/python3.12/site-packages/user_interface/__init__.py'...
[4.848s] Listing '/home/ver/Ros/ver_ws/install/user_interface/lib/python3.12/site-packages/user_interface/action'...
[4.848s] Compiling '/home/ver/Ros/ver_ws/install/user_interface/lib/python3.12/site-packages/user_interface/action/__init__.py'...
[4.848s] Compiling '/home/ver/Ros/ver_ws/install/user_interface/lib/python3.12/site-packages/user_interface/action/_fibonacci.py'...
[4.848s] Listing '/home/ver/Ros/ver_ws/install/user_interface/lib/python3.12/site-packages/user_interface/msg'...
[4.848s] Compiling '/home/ver/Ros/ver_ws/install/user_interface/lib/python3.12/site-packages/user_interface/msg/__init__.py'...
[4.849s] Compiling '/home/ver/Ros/ver_ws/install/user_interface/lib/python3.12/site-packages/user_interface/msg/_user_int.py'...
[4.849s] Listing '/home/ver/Ros/ver_ws/install/user_interface/lib/python3.12/site-packages/user_interface/srv'...
[4.849s] Compiling '/home/ver/Ros/ver_ws/install/user_interface/lib/python3.12/site-packages/user_interface/srv/__init__.py'...
[4.849s] Compiling '/home/ver/Ros/ver_ws/install/user_interface/lib/python3.12/site-packages/user_interface/srv/_add_and_odd.py'...
[4.852s] -- Installing: /home/ver/Ros/ver_ws/install/user_interface/lib/libuser_interface__rosidl_generator_py.so
[4.853s] -- Set non-toolchain portion of runtime path of "/home/ver/Ros/ver_ws/install/user_interface/lib/libuser_interface__rosidl_generator_py.so" to ""
[4.853s] -- Old export file "/home/ver/Ros/ver_ws/install/user_interface/share/user_interface/cmake/export_user_interface__rosidl_generator_cExport.cmake" will be replaced.  Removing files [/home/ver/Ros/ver_ws/install/user_interface/share/user_interface/cmake/export_user_interface__rosidl_generator_cExport-noconfig.cmake].
[4.853s] -- Installing: /home/ver/Ros/ver_ws/install/user_interface/share/user_interface/cmake/export_user_interface__rosidl_generator_cExport.cmake
[4.853s] -- Installing: /home/ver/Ros/ver_ws/install/user_interface/share/user_interface/cmake/export_user_interface__rosidl_generator_cExport-noconfig.cmake
[4.854s] -- Old export file "/home/ver/Ros/ver_ws/install/user_interface/share/user_interface/cmake/export_user_interface__rosidl_typesupport_fastrtps_cExport.cmake" will be replaced.  Removing files [/home/ver/Ros/ver_ws/install/user_interface/share/user_interface/cmake/export_user_interface__rosidl_typesupport_fastrtps_cExport-noconfig.cmake].
[4.854s] -- Installing: /home/ver/Ros/ver_ws/install/user_interface/share/user_interface/cmake/export_user_interface__rosidl_typesupport_fastrtps_cExport.cmake
[4.854s] -- Installing: /home/ver/Ros/ver_ws/install/user_interface/share/user_interface/cmake/export_user_interface__rosidl_typesupport_fastrtps_cExport-noconfig.cmake
[4.854s] -- Old export file "/home/ver/Ros/ver_ws/install/user_interface/share/user_interface/cmake/user_interface__rosidl_typesupport_introspection_cExport.cmake" will be replaced.  Removing files [/home/ver/Ros/ver_ws/install/user_interface/share/user_interface/cmake/user_interface__rosidl_typesupport_introspection_cExport-noconfig.cmake].
[4.854s] -- Installing: /home/ver/Ros/ver_ws/install/user_interface/share/user_interface/cmake/user_interface__rosidl_typesupport_introspection_cExport.cmake
[4.854s] -- Installing: /home/ver/Ros/ver_ws/install/user_interface/share/user_interface/cmake/user_interface__rosidl_typesupport_introspection_cExport-noconfig.cmake
[4.855s] -- Old export file "/home/ver/Ros/ver_ws/install/user_interface/share/user_interface/cmake/user_interface__rosidl_typesupport_cExport.cmake" will be replaced.  Removing files [/home/ver/Ros/ver_ws/install/user_interface/share/user_interface/cmake/user_interface__rosidl_typesupport_cExport-noconfig.cmake].
[4.855s] -- Installing: /home/ver/Ros/ver_ws/install/user_interface/share/user_interface/cmake/user_interface__rosidl_typesupport_cExport.cmake
[4.855s] -- Installing: /home/ver/Ros/ver_ws/install/user_interface/share/user_interface/cmake/user_interface__rosidl_typesupport_cExport-noconfig.cmake
[4.855s] -- Installing: /home/ver/Ros/ver_ws/install/user_interface/share/user_interface/cmake/export_user_interface__rosidl_generator_cppExport.cmake
[4.855s] -- Old export file "/home/ver/Ros/ver_ws/install/user_interface/share/user_interface/cmake/export_user_interface__rosidl_typesupport_fastrtps_cppExport.cmake" will be replaced.  Removing files [/home/ver/Ros/ver_ws/install/user_interface/share/user_interface/cmake/export_user_interface__rosidl_typesupport_fastrtps_cppExport-noconfig.cmake].
[4.855s] -- Installing: /home/ver/Ros/ver_ws/install/user_interface/share/user_interface/cmake/export_user_interface__rosidl_typesupport_fastrtps_cppExport.cmake
[4.855s] -- Installing: /home/ver/Ros/ver_ws/install/user_interface/share/user_interface/cmake/export_user_interface__rosidl_typesupport_fastrtps_cppExport-noconfig.cmake
[4.856s] -- Old export file "/home/ver/Ros/ver_ws/install/user_interface/share/user_interface/cmake/user_interface__rosidl_typesupport_introspection_cppExport.cmake" will be replaced.  Removing files [/home/ver/Ros/ver_ws/install/user_interface/share/user_interface/cmake/user_interface__rosidl_typesupport_introspection_cppExport-noconfig.cmake].
[4.856s] -- Installing: /home/ver/Ros/ver_ws/install/user_interface/share/user_interface/cmake/user_interface__rosidl_typesupport_introspection_cppExport.cmake
[4.856s] -- Installing: /home/ver/Ros/ver_ws/install/user_interface/share/user_interface/cmake/user_interface__rosidl_typesupport_introspection_cppExport-noconfig.cmake
[4.856s] -- Old export file "/home/ver/Ros/ver_ws/install/user_interface/share/user_interface/cmake/user_interface__rosidl_typesupport_cppExport.cmake" will be replaced.  Removing files [/home/ver/Ros/ver_ws/install/user_interface/share/user_interface/cmake/user_interface__rosidl_typesupport_cppExport-noconfig.cmake].
[4.856s] -- Installing: /home/ver/Ros/ver_ws/install/user_interface/share/user_interface/cmake/user_interface__rosidl_typesupport_cppExport.cmake
[4.856s] -- Installing: /home/ver/Ros/ver_ws/install/user_interface/share/user_interface/cmake/user_interface__rosidl_typesupport_cppExport-noconfig.cmake
[4.856s] -- Up-to-date: /home/ver/Ros/ver_ws/install/user_interface/share/user_interface/cmake/export_user_interface__rosidl_generator_pyExport.cmake
[4.857s] -- Installing: /home/ver/Ros/ver_ws/install/user_interface/share/user_interface/cmake/export_user_interface__rosidl_generator_pyExport-noconfig.cmake
[4.858s] Invoked command in '/home/ver/Ros/ver_ws/build/user_interface' returned '0': CMAKE_PREFIX_PATH=${CMAKE_PREFIX_PATH}:/home/ver/Ros/ver_ws/install/ver_basic:/opt/ros/jazzy /usr/bin/cmake --install /home/ver/Ros/ver_ws/build/user_interface
