running develop
running egg_info
writing gong_basic.egg-info/PKG-INFO
writing dependency_links to gong_basic.egg-info/dependency_links.txt
writing entry points to gong_basic.egg-info/entry_points.txt
writing requirements to gong_basic.egg-info/requires.txt
writing top-level names to gong_basic.egg-info/top_level.txt
reading manifest file 'gong_basic.egg-info/SOURCES.txt'
writing manifest file 'gong_basic.egg-info/SOURCES.txt'
running build_ext
Creating /home/ver/Ros/ver_ws/install/gong_basic/lib/python3.12/site-packages/gong-basic.egg-link (link to .)
Installing action_client script to /home/ver/Ros/ver_ws/install/gong_basic/lib/gong_basic
Installing action_server script to /home/ver/Ros/ver_ws/install/gong_basic/lib/gong_basic
Installing action_thread_server script to /home/ver/Ros/ver_ws/install/gong_basic/lib/gong_basic
Installing class_pub script to /home/ver/Ros/ver_ws/install/gong_basic/lib/gong_basic
Installing class_sub script to /home/ver/Ros/ver_ws/install/gong_basic/lib/gong_basic
Installing header_pub script to /home/ver/Ros/ver_ws/install/gong_basic/lib/gong_basic
Installing m2sub script to /home/ver/Ros/ver_ws/install/gong_basic/lib/gong_basic
Installing mpub script to /home/ver/Ros/ver_ws/install/gong_basic/lib/gong_basic
Installing msub script to /home/ver/Ros/ver_ws/install/gong_basic/lib/gong_basic
Installing mtsub script to /home/ver/Ros/ver_ws/install/gong_basic/lib/gong_basic
Installing mv_turtle script to /home/ver/Ros/ver_ws/install/gong_basic/lib/gong_basic
Installing mv_turtle_ns script to /home/ver/Ros/ver_ws/install/gong_basic/lib/gong_basic
Installing my_param script to /home/ver/Ros/ver_ws/install/gong_basic/lib/gong_basic
Installing param_async script to /home/ver/Ros/ver_ws/install/gong_basic/lib/gong_basic
Installing qos_test_pub script to /home/ver/Ros/ver_ws/install/gong_basic/lib/gong_basic
Installing qos_test_sub script to /home/ver/Ros/ver_ws/install/gong_basic/lib/gong_basic
Installing service_client script to /home/ver/Ros/ver_ws/install/gong_basic/lib/gong_basic
Installing service_server script to /home/ver/Ros/ver_ws/install/gong_basic/lib/gong_basic
Installing service_thread_server script to /home/ver/Ros/ver_ws/install/gong_basic/lib/gong_basic
Installing simple_pub script to /home/ver/Ros/ver_ws/install/gong_basic/lib/gong_basic
Installing tpub script to /home/ver/Ros/ver_ws/install/gong_basic/lib/gong_basic
Installing user_int_pub script to /home/ver/Ros/ver_ws/install/gong_basic/lib/gong_basic

Installed /home/ver/Ros/ver_ws/build/gong_basic
running symlink_data
