[0.095s] DEBUG:colcon:Command line arguments: ['/usr/bin/colcon', 'build', '--packages-select', 'ver_basic', '--symlink-install']
[0.095s] DEBUG:colcon:Parsed command line arguments: Namespace(log_base=None, log_level=None, verb_name='build', build_base='build', install_base='install', merge_install=False, symlink_install=True, test_result_base=None, continue_on_error=False, executor='parallel', parallel_workers=16, event_handlers=None, ignore_user_meta=False, metas=['./colcon.meta'], base_paths=['.'], packages_ignore=None, packages_ignore_regex=None, paths=None, packages_up_to=None, packages_up_to_regex=None, packages_above=None, packages_above_and_dependencies=None, packages_above_depth=None, packages_select_by_dep=None, packages_skip_by_dep=None, packages_skip_up_to=None, packages_select_build_failed=False, packages_skip_build_finished=False, packages_select_test_failures=False, packages_skip_test_passed=False, packages_select=['ver_basic'], packages_skip=None, packages_select_regex=None, packages_skip_regex=None, packages_start=None, packages_end=None, allow_overriding=[], cmake_args=None, cmake_target=None, cmake_target_skip_unavailable=False, cmake_clean_cache=False, cmake_clean_first=False, cmake_force_configure=False, ament_cmake_args=None, catkin_cmake_args=None, catkin_skip_building_tests=False, mixin_files=None, mixin=None, verb_parser=<colcon_mixin.mixin.mixin_argument.MixinArgumentDecorator object at 0x763b1e83e150>, verb_extension=<colcon_core.verb.build.BuildVerb object at 0x763b1e99e780>, main=<bound method BuildVerb.main of <colcon_core.verb.build.BuildVerb object at 0x763b1e99e780>>, mixin_verb=('build',))
[0.120s] Level 1:colcon.colcon_core.package_discovery:discover_packages(colcon_meta) check parameters
[0.120s] Level 1:colcon.colcon_core.package_discovery:discover_packages(recursive) check parameters
[0.120s] Level 1:colcon.colcon_core.package_discovery:discover_packages(ignore) check parameters
[0.120s] Level 1:colcon.colcon_core.package_discovery:discover_packages(path) check parameters
[0.120s] Level 1:colcon.colcon_core.package_discovery:discover_packages(colcon_meta) discover
[0.120s] Level 1:colcon.colcon_core.package_discovery:discover_packages(recursive) discover
[0.120s] INFO:colcon.colcon_core.package_discovery:Crawling recursively for packages in '/home/ver/Ros/ver_ws'
[0.121s] Level 1:colcon.colcon_core.package_identification:_identify(.) by extensions ['ignore', 'ignore_ament_install']
[0.121s] Level 1:colcon.colcon_core.package_identification:_identify(.) by extension 'ignore'
[0.121s] Level 1:colcon.colcon_core.package_identification:_identify(.) by extension 'ignore_ament_install'
[0.121s] Level 1:colcon.colcon_core.package_identification:_identify(.) by extensions ['colcon_pkg']
[0.121s] Level 1:colcon.colcon_core.package_identification:_identify(.) by extension 'colcon_pkg'
[0.121s] Level 1:colcon.colcon_core.package_identification:_identify(.) by extensions ['colcon_meta']
[0.121s] Level 1:colcon.colcon_core.package_identification:_identify(.) by extension 'colcon_meta'
[0.121s] Level 1:colcon.colcon_core.package_identification:_identify(.) by extensions ['ros']
[0.121s] Level 1:colcon.colcon_core.package_identification:_identify(.) by extension 'ros'
[0.137s] Level 1:colcon.colcon_core.package_identification:_identify(.) by extensions ['cmake', 'python']
[0.137s] Level 1:colcon.colcon_core.package_identification:_identify(.) by extension 'cmake'
[0.137s] Level 1:colcon.colcon_core.package_identification:_identify(.) by extension 'python'
[0.137s] Level 1:colcon.colcon_core.package_identification:_identify(.) by extensions ['python_setup_py']
[0.137s] Level 1:colcon.colcon_core.package_identification:_identify(.) by extension 'python_setup_py'
[0.137s] Level 1:colcon.colcon_core.package_identification:_identify(build) by extensions ['ignore', 'ignore_ament_install']
[0.137s] Level 1:colcon.colcon_core.package_identification:_identify(build) by extension 'ignore'
[0.137s] Level 1:colcon.colcon_core.package_identification:_identify(build) ignored
[0.138s] Level 1:colcon.colcon_core.package_identification:_identify(install) by extensions ['ignore', 'ignore_ament_install']
[0.138s] Level 1:colcon.colcon_core.package_identification:_identify(install) by extension 'ignore'
[0.138s] Level 1:colcon.colcon_core.package_identification:_identify(install) ignored
[0.138s] Level 1:colcon.colcon_core.package_identification:_identify(log) by extensions ['ignore', 'ignore_ament_install']
[0.138s] Level 1:colcon.colcon_core.package_identification:_identify(log) by extension 'ignore'
[0.138s] Level 1:colcon.colcon_core.package_identification:_identify(log) ignored
[0.138s] Level 1:colcon.colcon_core.package_identification:_identify(src) by extensions ['ignore', 'ignore_ament_install']
[0.138s] Level 1:colcon.colcon_core.package_identification:_identify(src) by extension 'ignore'
[0.138s] Level 1:colcon.colcon_core.package_identification:_identify(src) by extension 'ignore_ament_install'
[0.138s] Level 1:colcon.colcon_core.package_identification:_identify(src) by extensions ['colcon_pkg']
[0.138s] Level 1:colcon.colcon_core.package_identification:_identify(src) by extension 'colcon_pkg'
[0.138s] Level 1:colcon.colcon_core.package_identification:_identify(src) by extensions ['colcon_meta']
[0.138s] Level 1:colcon.colcon_core.package_identification:_identify(src) by extension 'colcon_meta'
[0.138s] Level 1:colcon.colcon_core.package_identification:_identify(src) by extensions ['ros']
[0.138s] Level 1:colcon.colcon_core.package_identification:_identify(src) by extension 'ros'
[0.138s] Level 1:colcon.colcon_core.package_identification:_identify(src) by extensions ['cmake', 'python']
[0.138s] Level 1:colcon.colcon_core.package_identification:_identify(src) by extension 'cmake'
[0.138s] Level 1:colcon.colcon_core.package_identification:_identify(src) by extension 'python'
[0.138s] Level 1:colcon.colcon_core.package_identification:_identify(src) by extensions ['python_setup_py']
[0.138s] Level 1:colcon.colcon_core.package_identification:_identify(src) by extension 'python_setup_py'
[0.138s] Level 1:colcon.colcon_core.package_identification:_identify(src/build) by extensions ['ignore', 'ignore_ament_install']
[0.138s] Level 1:colcon.colcon_core.package_identification:_identify(src/build) by extension 'ignore'
[0.138s] Level 1:colcon.colcon_core.package_identification:_identify(src/build) by extension 'ignore_ament_install'
[0.138s] Level 1:colcon.colcon_core.package_identification:_identify(src/build) by extensions ['colcon_pkg']
[0.138s] Level 1:colcon.colcon_core.package_identification:_identify(src/build) by extension 'colcon_pkg'
[0.138s] Level 1:colcon.colcon_core.package_identification:_identify(src/build) by extensions ['colcon_meta']
[0.139s] Level 1:colcon.colcon_core.package_identification:_identify(src/build) by extension 'colcon_meta'
[0.139s] Level 1:colcon.colcon_core.package_identification:_identify(src/build) by extensions ['ros']
[0.139s] Level 1:colcon.colcon_core.package_identification:_identify(src/build) by extension 'ros'
[0.139s] Level 1:colcon.colcon_core.package_identification:_identify(src/build) by extensions ['cmake', 'python']
[0.139s] Level 1:colcon.colcon_core.package_identification:_identify(src/build) by extension 'cmake'
[0.139s] Level 1:colcon.colcon_core.package_identification:_identify(src/build) by extension 'python'
[0.139s] Level 1:colcon.colcon_core.package_identification:_identify(src/build) by extensions ['python_setup_py']
[0.139s] Level 1:colcon.colcon_core.package_identification:_identify(src/build) by extension 'python_setup_py'
[0.139s] Level 1:colcon.colcon_core.package_identification:_identify(src/user_interface) by extensions ['ignore', 'ignore_ament_install']
[0.139s] Level 1:colcon.colcon_core.package_identification:_identify(src/user_interface) by extension 'ignore'
[0.139s] Level 1:colcon.colcon_core.package_identification:_identify(src/user_interface) by extension 'ignore_ament_install'
[0.139s] Level 1:colcon.colcon_core.package_identification:_identify(src/user_interface) by extensions ['colcon_pkg']
[0.139s] Level 1:colcon.colcon_core.package_identification:_identify(src/user_interface) by extension 'colcon_pkg'
[0.139s] Level 1:colcon.colcon_core.package_identification:_identify(src/user_interface) by extensions ['colcon_meta']
[0.139s] Level 1:colcon.colcon_core.package_identification:_identify(src/user_interface) by extension 'colcon_meta'
[0.139s] Level 1:colcon.colcon_core.package_identification:_identify(src/user_interface) by extensions ['ros']
[0.139s] Level 1:colcon.colcon_core.package_identification:_identify(src/user_interface) by extension 'ros'
[0.141s] DEBUG:colcon.colcon_core.package_identification:Package 'src/user_interface' with type 'ros.ament_cmake' and name 'user_interface'
[0.141s] Level 1:colcon.colcon_core.package_identification:_identify(src/ver_basic) by extensions ['ignore', 'ignore_ament_install']
[0.141s] Level 1:colcon.colcon_core.package_identification:_identify(src/ver_basic) by extension 'ignore'
[0.141s] Level 1:colcon.colcon_core.package_identification:_identify(src/ver_basic) by extension 'ignore_ament_install'
[0.141s] Level 1:colcon.colcon_core.package_identification:_identify(src/ver_basic) by extensions ['colcon_pkg']
[0.141s] Level 1:colcon.colcon_core.package_identification:_identify(src/ver_basic) by extension 'colcon_pkg'
[0.141s] Level 1:colcon.colcon_core.package_identification:_identify(src/ver_basic) by extensions ['colcon_meta']
[0.141s] Level 1:colcon.colcon_core.package_identification:_identify(src/ver_basic) by extension 'colcon_meta'
[0.141s] Level 1:colcon.colcon_core.package_identification:_identify(src/ver_basic) by extensions ['ros']
[0.141s] Level 1:colcon.colcon_core.package_identification:_identify(src/ver_basic) by extension 'ros'
[0.141s] DEBUG:colcon.colcon_core.package_identification:Package 'src/ver_basic' with type 'ros.ament_python' and name 'ver_basic'
[0.141s] Level 1:colcon.colcon_core.package_discovery:discover_packages(recursive) using defaults
[0.141s] Level 1:colcon.colcon_core.package_discovery:discover_packages(ignore) discover
[0.141s] Level 1:colcon.colcon_core.package_discovery:discover_packages(ignore) using defaults
[0.142s] Level 1:colcon.colcon_core.package_discovery:discover_packages(path) discover
[0.142s] Level 1:colcon.colcon_core.package_discovery:discover_packages(path) using defaults
[0.152s] INFO:colcon.colcon_core.package_selection:Skipping not selected package 'user_interface' in 'src/user_interface'
[0.153s] Level 1:colcon.colcon_core.package_discovery:discover_packages(prefix_path) check parameters
[0.153s] Level 1:colcon.colcon_core.package_discovery:discover_packages(prefix_path) discover
[0.154s] DEBUG:colcon.colcon_installed_package_information.package_discovery:Found 2 installed packages in /home/ver/Ros/ver_ws/install
[0.154s] DEBUG:colcon.colcon_installed_package_information.package_discovery:Found 287 installed packages in /opt/ros/jazzy
[0.155s] Level 1:colcon.colcon_core.package_discovery:discover_packages(prefix_path) using defaults
[0.176s] Level 5:colcon.colcon_core.verb:set package 'ver_basic' build argument 'cmake_args' from command line to 'None'
[0.177s] Level 5:colcon.colcon_core.verb:set package 'ver_basic' build argument 'cmake_target' from command line to 'None'
[0.177s] Level 5:colcon.colcon_core.verb:set package 'ver_basic' build argument 'cmake_target_skip_unavailable' from command line to 'False'
[0.177s] Level 5:colcon.colcon_core.verb:set package 'ver_basic' build argument 'cmake_clean_cache' from command line to 'False'
[0.177s] Level 5:colcon.colcon_core.verb:set package 'ver_basic' build argument 'cmake_clean_first' from command line to 'False'
[0.177s] Level 5:colcon.colcon_core.verb:set package 'ver_basic' build argument 'cmake_force_configure' from command line to 'False'
[0.177s] Level 5:colcon.colcon_core.verb:set package 'ver_basic' build argument 'ament_cmake_args' from command line to 'None'
[0.177s] Level 5:colcon.colcon_core.verb:set package 'ver_basic' build argument 'catkin_cmake_args' from command line to 'None'
[0.177s] Level 5:colcon.colcon_core.verb:set package 'ver_basic' build argument 'catkin_skip_building_tests' from command line to 'False'
[0.177s] DEBUG:colcon.colcon_core.verb:Building package 'ver_basic' with the following arguments: {'ament_cmake_args': None, 'build_base': '/home/ver/Ros/ver_ws/build/ver_basic', 'catkin_cmake_args': None, 'catkin_skip_building_tests': False, 'cmake_args': None, 'cmake_clean_cache': False, 'cmake_clean_first': False, 'cmake_force_configure': False, 'cmake_target': None, 'cmake_target_skip_unavailable': False, 'install_base': '/home/ver/Ros/ver_ws/install/ver_basic', 'merge_install': False, 'path': '/home/ver/Ros/ver_ws/src/ver_basic', 'symlink_install': True, 'test_result_base': None}
[0.177s] INFO:colcon.colcon_core.executor:Executing jobs using 'parallel' executor
[0.177s] DEBUG:colcon.colcon_parallel_executor.executor.parallel:run_until_complete
[0.178s] INFO:colcon.colcon_ros.task.ament_python.build:Building ROS package in '/home/ver/Ros/ver_ws/src/ver_basic' with build type 'ament_python'
[0.178s] Level 1:colcon.colcon_core.shell:create_environment_hook('ver_basic', 'ament_prefix_path')
[0.179s] INFO:colcon.colcon_core.plugin_system:Skipping extension 'colcon_core.shell.bat': Not used on non-Windows systems
[0.180s] INFO:colcon.colcon_core.shell:Creating environment hook '/home/ver/Ros/ver_ws/install/ver_basic/share/ver_basic/hook/ament_prefix_path.ps1'
[0.180s] INFO:colcon.colcon_core.shell:Creating environment descriptor '/home/ver/Ros/ver_ws/install/ver_basic/share/ver_basic/hook/ament_prefix_path.dsv'
[0.180s] INFO:colcon.colcon_core.shell:Creating environment hook '/home/ver/Ros/ver_ws/install/ver_basic/share/ver_basic/hook/ament_prefix_path.sh'
[0.181s] INFO:colcon.colcon_core.shell:Skip shell extension 'powershell' for command environment: Not usable outside of PowerShell
[0.181s] DEBUG:colcon.colcon_core.shell:Skip shell extension 'dsv' for command environment
[0.326s] INFO:colcon.colcon_core.task.python.build:Building Python package in '/home/ver/Ros/ver_ws/src/ver_basic'
[0.327s] INFO:colcon.colcon_core.shell:Skip shell extension 'powershell' for command environment: Not usable outside of PowerShell
[0.327s] DEBUG:colcon.colcon_core.shell:Skip shell extension 'dsv' for command environment
[0.670s] DEBUG:colcon.colcon_core.task.python.build:Available setuptools commands: alias, saveopts, build, easy_install, dist_info, rotate, install_scripts, upload_docs, clean, bdist, upload, check, build_clib, install, symlink_data, init_catalog, install_data, compile_catalog, test, build_scripts, extract_messages, bdist_egg, bdist_dumb, sdist, update_catalog, build_ext, bdist_rpm, register, editable_wheel, install_headers, develop, install_egg_info, setopt, install_lib, egg_info, build_py
[0.890s] DEBUG:colcon.colcon_core.task.python.build:Available setuptools 'develop' options: --quiet, --no-find-links, --no-user-cfg, --index-url, --verbose, --dry-run, --user, --prefix, --install-dir, --editable, --help, --local-snapshots-ok, --egg-path, --allow-hosts, --force-installation-into-system-dir, --upgrade, --exclude-scripts, --zip-ok, --site-dirs, --always-unzip, --record, --always-copy, --no-deps, --version, --build-directory, --uninstall, --script-dir, --find-links, --install-layout, --optimize, --multi-version
[0.893s] DEBUG:colcon.colcon_core.event_handler.log_command:Invoking command in '/home/ver/Ros/ver_ws/build/ver_basic': PYTHONPATH=/home/ver/Ros/ver_ws/build/ver_basic/prefix_override:/usr/lib/python3/dist-packages/colcon_core/task/python/colcon_distutils_commands:/home/ver/Ros/ver_ws/install/ver_basic/lib/python3.12/site-packages:${PYTHONPATH} /usr/bin/python3 -W ignore:setup.py install is deprecated -W ignore:easy_install command is deprecated setup.py develop --editable --build-directory /home/ver/Ros/ver_ws/build/ver_basic/build --no-deps symlink_data
[1.261s] Level 1:colcon.colcon_core.shell:create_environment_hook('ver_basic', 'pythonpath_develop')
[1.261s] INFO:colcon.colcon_core.shell:Creating environment hook '/home/ver/Ros/ver_ws/build/ver_basic/share/ver_basic/hook/pythonpath_develop.ps1'
[1.262s] DEBUG:colcon.colcon_core.event_handler.log_command:Invoked command in '/home/ver/Ros/ver_ws/build/ver_basic' returned '0': PYTHONPATH=/home/ver/Ros/ver_ws/build/ver_basic/prefix_override:/usr/lib/python3/dist-packages/colcon_core/task/python/colcon_distutils_commands:/home/ver/Ros/ver_ws/install/ver_basic/lib/python3.12/site-packages:${PYTHONPATH} /usr/bin/python3 -W ignore:setup.py install is deprecated -W ignore:easy_install command is deprecated setup.py develop --editable --build-directory /home/ver/Ros/ver_ws/build/ver_basic/build --no-deps symlink_data
[1.262s] INFO:colcon.colcon_core.shell:Creating environment descriptor '/home/ver/Ros/ver_ws/build/ver_basic/share/ver_basic/hook/pythonpath_develop.dsv'
[1.262s] INFO:colcon.colcon_core.shell:Creating environment hook '/home/ver/Ros/ver_ws/build/ver_basic/share/ver_basic/hook/pythonpath_develop.sh'
[1.264s] Level 1:colcon.colcon_core.environment:checking '/home/ver/Ros/ver_ws/install/ver_basic' for CMake module files
[1.264s] Level 1:colcon.colcon_core.environment:checking '/home/ver/Ros/ver_ws/install/ver_basic' for CMake config files
[1.264s] Level 1:colcon.colcon_core.environment:checking '/home/ver/Ros/ver_ws/install/ver_basic/lib'
[1.264s] Level 1:colcon.colcon_core.environment:checking '/home/ver/Ros/ver_ws/install/ver_basic/bin'
[1.265s] Level 1:colcon.colcon_core.environment:checking '/home/ver/Ros/ver_ws/install/ver_basic/lib/pkgconfig/ver_basic.pc'
[1.265s] Level 1:colcon.colcon_core.environment:checking '/home/ver/Ros/ver_ws/install/ver_basic/lib/python3.12/site-packages'
[1.265s] Level 1:colcon.colcon_core.shell:create_environment_hook('ver_basic', 'pythonpath')
[1.265s] INFO:colcon.colcon_core.shell:Creating environment hook '/home/ver/Ros/ver_ws/install/ver_basic/share/ver_basic/hook/pythonpath.ps1'
[1.265s] INFO:colcon.colcon_core.shell:Creating environment descriptor '/home/ver/Ros/ver_ws/install/ver_basic/share/ver_basic/hook/pythonpath.dsv'
[1.265s] INFO:colcon.colcon_core.shell:Creating environment hook '/home/ver/Ros/ver_ws/install/ver_basic/share/ver_basic/hook/pythonpath.sh'
[1.266s] Level 1:colcon.colcon_core.environment:checking '/home/ver/Ros/ver_ws/install/ver_basic/bin'
[1.266s] Level 1:colcon.colcon_core.environment:create_environment_scripts_only(ver_basic)
[1.266s] INFO:colcon.colcon_core.shell:Creating package script '/home/ver/Ros/ver_ws/install/ver_basic/share/ver_basic/package.ps1'
[1.267s] INFO:colcon.colcon_core.shell:Creating package descriptor '/home/ver/Ros/ver_ws/install/ver_basic/share/ver_basic/package.dsv'
[1.267s] INFO:colcon.colcon_core.shell:Creating package script '/home/ver/Ros/ver_ws/install/ver_basic/share/ver_basic/package.sh'
[1.268s] INFO:colcon.colcon_core.shell:Creating package script '/home/ver/Ros/ver_ws/install/ver_basic/share/ver_basic/package.bash'
[1.268s] INFO:colcon.colcon_core.shell:Creating package script '/home/ver/Ros/ver_ws/install/ver_basic/share/ver_basic/package.zsh'
[1.268s] Level 1:colcon.colcon_core.environment:create_file_with_runtime_dependencies(/home/ver/Ros/ver_ws/install/ver_basic/share/colcon-core/packages/ver_basic)
[1.269s] DEBUG:colcon.colcon_parallel_executor.executor.parallel:closing loop
[1.269s] DEBUG:colcon.colcon_parallel_executor.executor.parallel:loop closed
[1.269s] DEBUG:colcon.colcon_parallel_executor.executor.parallel:run_until_complete finished with '0'
[1.269s] DEBUG:colcon.colcon_core.event_reactor:joining thread
[1.295s] INFO:colcon.colcon_core.plugin_system:Skipping extension 'colcon_notification.desktop_notification.notify_send': Could not find 'notify-send'
[1.295s] INFO:colcon.colcon_core.plugin_system:Skipping extension 'colcon_notification.desktop_notification.terminal_notifier': Not used on non-Darwin systems
[1.295s] INFO:colcon.colcon_core.plugin_system:Skipping extension 'colcon_notification.desktop_notification.win32': Not used on non-Windows systems
[1.296s] INFO:colcon.colcon_notification.desktop_notification:Sending desktop notification using 'notify2'
[1.296s] DEBUG:colcon.colcon_notification.desktop_notification.notify2:Failed to initialize notify2: org.freedesktop.DBus.Error.ServiceUnknown: The name org.freedesktop.Notifications was not provided by any .service files
[1.297s] DEBUG:colcon.colcon_core.event_reactor:joined thread
[1.297s] INFO:colcon.colcon_core.shell:Creating prefix script '/home/ver/Ros/ver_ws/install/local_setup.ps1'
[1.297s] INFO:colcon.colcon_core.shell:Creating prefix util module '/home/ver/Ros/ver_ws/install/_local_setup_util_ps1.py'
[1.298s] INFO:colcon.colcon_core.shell:Creating prefix chain script '/home/ver/Ros/ver_ws/install/setup.ps1'
[1.299s] INFO:colcon.colcon_core.shell:Creating prefix script '/home/ver/Ros/ver_ws/install/local_setup.sh'
[1.299s] INFO:colcon.colcon_core.shell:Creating prefix util module '/home/ver/Ros/ver_ws/install/_local_setup_util_sh.py'
[1.299s] INFO:colcon.colcon_core.shell:Creating prefix chain script '/home/ver/Ros/ver_ws/install/setup.sh'
[1.300s] INFO:colcon.colcon_core.shell:Creating prefix script '/home/ver/Ros/ver_ws/install/local_setup.bash'
[1.300s] INFO:colcon.colcon_core.shell:Creating prefix chain script '/home/ver/Ros/ver_ws/install/setup.bash'
[1.301s] INFO:colcon.colcon_core.shell:Creating prefix script '/home/ver/Ros/ver_ws/install/local_setup.zsh'
[1.301s] INFO:colcon.colcon_core.shell:Creating prefix chain script '/home/ver/Ros/ver_ws/install/setup.zsh'
