[0.010s] Invoking command in '/home/ver/Ros/ver_ws/build/user_interface': CMAKE_PREFIX_PATH=${CMAKE_PREFIX_PATH}:/home/ver/Ros/ver_ws/install/ver_basic:/opt/ros/jazzy /usr/bin/cmake --build /home/ver/Ros/ver_ws/build/user_interface -- -j16 -l16
[0.048s] -- Found ament_cmake: 2.5.6 (/opt/ros/jazzy/share/ament_cmake/cmake)
[0.131s] -- Override CMake install command with custom implementation using symlinks instead of copying resources
[0.143s] -- Found rosidl_default_generators: 1.6.1 (/opt/ros/jazzy/share/rosidl_default_generators/cmake)
[0.146s] -- Using all available rosidl_typesupport_c: rosidl_typesupport_fastrtps_c;rosidl_typesupport_introspection_c
[0.229s] -- Using all available rosidl_typesupport_cpp: rosidl_typesupport_fastrtps_cpp;rosidl_typesupport_introspection_cpp
[0.262s] -- Found rosidl_adapter: 4.6.9 (/opt/ros/jazzy/share/rosidl_adapter/cmake)
[0.266s] -- Found std_msgs: 5.3.8 (/opt/ros/jazzy/share/std_msgs/cmake)
[0.564s] -- Found ament_cmake_ros: 0.12.1 (/opt/ros/jazzy/share/ament_cmake_ros/cmake)
[0.671s] -- Using all available rosidl_typesupport_c: rosidl_typesupport_fastrtps_c;rosidl_typesupport_introspection_c
[0.790s] -- Using all available rosidl_typesupport_cpp: rosidl_typesupport_fastrtps_cpp;rosidl_typesupport_introspection_cpp
[0.792s] -- Found python_cmake_module: 0.11.1 (/opt/ros/jazzy/share/python_cmake_module/cmake)
[0.985s] -- Found Python3: /usr/bin/python3 (found version "3.12.3") found components: Interpreter Development NumPy Development.Module Development.Embed 
[1.031s] -- Found Python3: /usr/bin/python3 (found version "3.12.3") found components: Interpreter 
[1.033s] -- Found ament_lint_auto: 0.17.5 (/opt/ros/jazzy/share/ament_lint_auto/cmake)
[1.049s] -- Configuring done (1.0s)
[1.100s] -- Generating done (0.0s)
[1.111s] -- Build files have been written to: /home/ver/Ros/ver_ws/build/user_interface
[1.135s] [  3%] Built target user_interface__rosidl_generator_type_description
[1.135s] [  3%] Built target user_interface__rs
[1.142s] [  3%] Built target ament_cmake_python_symlink_user_interface
[1.149s] [  5%] Built target user_interface__cpp
[1.155s] [ 25%] Built target user_interface__rosidl_generator_c
[1.173s] [ 34%] Built target user_interface__rosidl_typesupport_introspection_c
[1.178s] [ 56%] Built target user_interface__rosidl_typesupport_c
[1.178s] [ 58%] Built target user_interface__rosidl_typesupport_fastrtps_c
[1.178s] [ 61%] Built target user_interface__rosidl_typesupport_fastrtps_cpp
[1.181s] [ 80%] Built target user_interface__rosidl_typesupport_cpp
[1.181s] [ 80%] Built target user_interface__rosidl_typesupport_introspection_cpp
[1.194s] [ 80%] Built target user_interface
[1.208s] [ 81%] Built target user_interface__py
[1.227s] [ 89%] Built target user_interface__rosidl_generator_py
[1.244s] [ 96%] Built target user_interface_s__rosidl_typesupport_c
[1.244s] [ 96%] Built target user_interface_s__rosidl_typesupport_fastrtps_c
[1.244s] [100%] Built target user_interface_s__rosidl_typesupport_introspection_c
[1.292s] running egg_info
[1.302s] writing user_interface.egg-info/PKG-INFO
[1.303s] writing dependency_links to user_interface.egg-info/dependency_links.txt
[1.303s] writing top-level names to user_interface.egg-info/top_level.txt
[1.334s] reading manifest file 'user_interface.egg-info/SOURCES.txt'
[1.335s] writing manifest file 'user_interface.egg-info/SOURCES.txt'
[1.353s] [100%] Built target ament_cmake_python_build_user_interface_egg
[1.361s] Invoked command in '/home/ver/Ros/ver_ws/build/user_interface' returned '0': CMAKE_PREFIX_PATH=${CMAKE_PREFIX_PATH}:/home/ver/Ros/ver_ws/install/ver_basic:/opt/ros/jazzy /usr/bin/cmake --build /home/ver/Ros/ver_ws/build/user_interface -- -j16 -l16
[1.367s] Invoking command in '/home/ver/Ros/ver_ws/build/user_interface': CMAKE_PREFIX_PATH=${CMAKE_PREFIX_PATH}:/home/ver/Ros/ver_ws/install/ver_basic:/opt/ros/jazzy /usr/bin/cmake --install /home/ver/Ros/ver_ws/build/user_interface
[1.372s] -- Install configuration: ""
[1.372s] -- Execute custom install script
[1.373s] -- Up-to-date symlink: /home/ver/Ros/ver_ws/install/user_interface/share/ament_index/resource_index/rosidl_interfaces/user_interface
[1.373s] -- Up-to-date symlink: /home/ver/Ros/ver_ws/install/user_interface/share/user_interface/msg/UserInt.json
[1.373s] -- Up-to-date symlink: /home/ver/Ros/ver_ws/install/user_interface/share/user_interface/srv/AddAndOdd.json
[1.374s] -- Up-to-date symlink: /home/ver/Ros/ver_ws/install/user_interface/share/user_interface/action/Fibonacci.json
[1.375s] -- Up-to-date symlink: /home/ver/Ros/ver_ws/install/user_interface/include/user_interface/user_interface/action/detail/fibonacci__functions.h
[1.375s] -- Up-to-date symlink: /home/ver/Ros/ver_ws/install/user_interface/include/user_interface/user_interface/action/detail/fibonacci__struct.h
[1.375s] -- Up-to-date symlink: /home/ver/Ros/ver_ws/install/user_interface/include/user_interface/user_interface/action/detail/fibonacci__type_support.h
[1.376s] -- Up-to-date symlink: /home/ver/Ros/ver_ws/install/user_interface/include/user_interface/user_interface/action/fibonacci.h
[1.376s] -- Up-to-date symlink: /home/ver/Ros/ver_ws/install/user_interface/include/user_interface/user_interface/msg/detail/user_int__functions.h
[1.376s] -- Up-to-date symlink: /home/ver/Ros/ver_ws/install/user_interface/include/user_interface/user_interface/msg/detail/user_int__struct.h
[1.376s] -- Up-to-date symlink: /home/ver/Ros/ver_ws/install/user_interface/include/user_interface/user_interface/msg/detail/user_int__type_support.h
[1.377s] -- Up-to-date symlink: /home/ver/Ros/ver_ws/install/user_interface/include/user_interface/user_interface/msg/rosidl_generator_c__visibility_control.h
[1.377s] -- Up-to-date symlink: /home/ver/Ros/ver_ws/install/user_interface/include/user_interface/user_interface/msg/user_int.h
[1.377s] -- Up-to-date symlink: /home/ver/Ros/ver_ws/install/user_interface/include/user_interface/user_interface/srv/add_and_odd.h
[1.377s] -- Up-to-date symlink: /home/ver/Ros/ver_ws/install/user_interface/include/user_interface/user_interface/srv/detail/add_and_odd__functions.h
[1.378s] -- Up-to-date symlink: /home/ver/Ros/ver_ws/install/user_interface/include/user_interface/user_interface/srv/detail/add_and_odd__struct.h
[1.378s] -- Up-to-date symlink: /home/ver/Ros/ver_ws/install/user_interface/include/user_interface/user_interface/srv/detail/add_and_odd__type_support.h
[1.378s] -- Up-to-date symlink: /home/ver/Ros/ver_ws/install/user_interface/share/user_interface/environment/library_path.sh
[1.379s] -- Up-to-date symlink: /home/ver/Ros/ver_ws/install/user_interface/share/user_interface/environment/library_path.dsv
[1.380s] -- Up-to-date symlink: /home/ver/Ros/ver_ws/install/user_interface/include/user_interface/user_interface/action/detail/fibonacci__rosidl_typesupport_fastrtps_c.h
[1.380s] -- Up-to-date symlink: /home/ver/Ros/ver_ws/install/user_interface/include/user_interface/user_interface/msg/detail/user_int__rosidl_typesupport_fastrtps_c.h
[1.380s] -- Up-to-date symlink: /home/ver/Ros/ver_ws/install/user_interface/include/user_interface/user_interface/msg/rosidl_typesupport_fastrtps_c__visibility_control.h
[1.381s] -- Up-to-date symlink: /home/ver/Ros/ver_ws/install/user_interface/include/user_interface/user_interface/srv/detail/add_and_odd__rosidl_typesupport_fastrtps_c.h
[1.382s] -- Up-to-date symlink: /home/ver/Ros/ver_ws/install/user_interface/include/user_interface/user_interface/action/detail/fibonacci__rosidl_typesupport_introspection_c.h
[1.382s] -- Up-to-date symlink: /home/ver/Ros/ver_ws/install/user_interface/include/user_interface/user_interface/msg/detail/user_int__rosidl_typesupport_introspection_c.h
[1.383s] -- Up-to-date symlink: /home/ver/Ros/ver_ws/install/user_interface/include/user_interface/user_interface/msg/rosidl_typesupport_introspection_c__visibility_control.h
[1.383s] -- Up-to-date symlink: /home/ver/Ros/ver_ws/install/user_interface/include/user_interface/user_interface/srv/detail/add_and_odd__rosidl_typesupport_introspection_c.h
[1.384s] -- Up-to-date symlink: /home/ver/Ros/ver_ws/install/user_interface/include/user_interface/user_interface/action/detail/fibonacci__builder.hpp
[1.384s] -- Up-to-date symlink: /home/ver/Ros/ver_ws/install/user_interface/include/user_interface/user_interface/action/detail/fibonacci__struct.hpp
[1.384s] -- Up-to-date symlink: /home/ver/Ros/ver_ws/install/user_interface/include/user_interface/user_interface/action/detail/fibonacci__traits.hpp
[1.385s] -- Up-to-date symlink: /home/ver/Ros/ver_ws/install/user_interface/include/user_interface/user_interface/action/detail/fibonacci__type_support.hpp
[1.385s] -- Up-to-date symlink: /home/ver/Ros/ver_ws/install/user_interface/include/user_interface/user_interface/action/fibonacci.hpp
[1.385s] -- Up-to-date symlink: /home/ver/Ros/ver_ws/install/user_interface/include/user_interface/user_interface/msg/detail/user_int__builder.hpp
[1.385s] -- Up-to-date symlink: /home/ver/Ros/ver_ws/install/user_interface/include/user_interface/user_interface/msg/detail/user_int__struct.hpp
[1.385s] -- Up-to-date symlink: /home/ver/Ros/ver_ws/install/user_interface/include/user_interface/user_interface/msg/detail/user_int__traits.hpp
[1.386s] -- Up-to-date symlink: /home/ver/Ros/ver_ws/install/user_interface/include/user_interface/user_interface/msg/detail/user_int__type_support.hpp
[1.386s] -- Up-to-date symlink: /home/ver/Ros/ver_ws/install/user_interface/include/user_interface/user_interface/msg/rosidl_generator_cpp__visibility_control.hpp
[1.386s] -- Up-to-date symlink: /home/ver/Ros/ver_ws/install/user_interface/include/user_interface/user_interface/msg/user_int.hpp
[1.386s] -- Up-to-date symlink: /home/ver/Ros/ver_ws/install/user_interface/include/user_interface/user_interface/srv/add_and_odd.hpp
[1.386s] -- Up-to-date symlink: /home/ver/Ros/ver_ws/install/user_interface/include/user_interface/user_interface/srv/detail/add_and_odd__builder.hpp
[1.387s] -- Up-to-date symlink: /home/ver/Ros/ver_ws/install/user_interface/include/user_interface/user_interface/srv/detail/add_and_odd__struct.hpp
[1.387s] -- Up-to-date symlink: /home/ver/Ros/ver_ws/install/user_interface/include/user_interface/user_interface/srv/detail/add_and_odd__traits.hpp
[1.387s] -- Up-to-date symlink: /home/ver/Ros/ver_ws/install/user_interface/include/user_interface/user_interface/srv/detail/add_and_odd__type_support.hpp
[1.389s] -- Up-to-date symlink: /home/ver/Ros/ver_ws/install/user_interface/include/user_interface/user_interface/action/detail/fibonacci__rosidl_typesupport_fastrtps_cpp.hpp
[1.389s] -- Up-to-date symlink: /home/ver/Ros/ver_ws/install/user_interface/include/user_interface/user_interface/msg/detail/user_int__rosidl_typesupport_fastrtps_cpp.hpp
[1.389s] -- Up-to-date symlink: /home/ver/Ros/ver_ws/install/user_interface/include/user_interface/user_interface/msg/rosidl_typesupport_fastrtps_cpp__visibility_control.h
[1.390s] -- Up-to-date symlink: /home/ver/Ros/ver_ws/install/user_interface/include/user_interface/user_interface/srv/detail/add_and_odd__rosidl_typesupport_fastrtps_cpp.hpp
[1.391s] -- Up-to-date symlink: /home/ver/Ros/ver_ws/install/user_interface/include/user_interface/user_interface/action/detail/fibonacci__rosidl_typesupport_introspection_cpp.hpp
[1.391s] -- Up-to-date symlink: /home/ver/Ros/ver_ws/install/user_interface/include/user_interface/user_interface/msg/detail/user_int__rosidl_typesupport_introspection_cpp.hpp
[1.392s] -- Up-to-date symlink: /home/ver/Ros/ver_ws/install/user_interface/include/user_interface/user_interface/srv/detail/add_and_odd__rosidl_typesupport_introspection_cpp.hpp
[1.392s] -- Up-to-date symlink: /home/ver/Ros/ver_ws/install/user_interface/share/user_interface/environment/pythonpath.sh
[1.392s] -- Up-to-date symlink: /home/ver/Ros/ver_ws/install/user_interface/share/user_interface/environment/pythonpath.dsv
[1.392s] -- Up-to-date symlink: /home/ver/Ros/ver_ws/install/user_interface/lib/python3.12/site-packages/user_interface-0.0.0-py3.12.egg-info/PKG-INFO
[1.393s] -- Up-to-date symlink: /home/ver/Ros/ver_ws/install/user_interface/lib/python3.12/site-packages/user_interface-0.0.0-py3.12.egg-info/SOURCES.txt
[1.393s] -- Up-to-date symlink: /home/ver/Ros/ver_ws/install/user_interface/lib/python3.12/site-packages/user_interface-0.0.0-py3.12.egg-info/dependency_links.txt
[1.393s] -- Up-to-date symlink: /home/ver/Ros/ver_ws/install/user_interface/lib/python3.12/site-packages/user_interface-0.0.0-py3.12.egg-info/top_level.txt
[1.394s] -- Up-to-date symlink: /home/ver/Ros/ver_ws/install/user_interface/lib/python3.12/site-packages/user_interface/__init__.py
[1.394s] -- Up-to-date symlink: /home/ver/Ros/ver_ws/install/user_interface/lib/python3.12/site-packages/user_interface/_user_interface_s.ep.rosidl_typesupport_c.c
[1.394s] -- Up-to-date symlink: /home/ver/Ros/ver_ws/install/user_interface/lib/python3.12/site-packages/user_interface/_user_interface_s.ep.rosidl_typesupport_fastrtps_c.c
[1.394s] -- Up-to-date symlink: /home/ver/Ros/ver_ws/install/user_interface/lib/python3.12/site-packages/user_interface/_user_interface_s.ep.rosidl_typesupport_introspection_c.c
[1.395s] -- Up-to-date symlink: /home/ver/Ros/ver_ws/install/user_interface/lib/python3.12/site-packages/user_interface/action/__init__.py
[1.395s] -- Up-to-date symlink: /home/ver/Ros/ver_ws/install/user_interface/lib/python3.12/site-packages/user_interface/action/_fibonacci.py
[1.395s] -- Up-to-date symlink: /home/ver/Ros/ver_ws/install/user_interface/lib/python3.12/site-packages/user_interface/action/_fibonacci_s.c
[1.395s] -- Up-to-date symlink: /home/ver/Ros/ver_ws/install/user_interface/lib/python3.12/site-packages/user_interface/msg/__init__.py
[1.396s] -- Up-to-date symlink: /home/ver/Ros/ver_ws/install/user_interface/lib/python3.12/site-packages/user_interface/msg/_user_int.py
[1.396s] -- Up-to-date symlink: /home/ver/Ros/ver_ws/install/user_interface/lib/python3.12/site-packages/user_interface/msg/_user_int_s.c
[1.396s] -- Up-to-date symlink: /home/ver/Ros/ver_ws/install/user_interface/lib/python3.12/site-packages/user_interface/srv/__init__.py
[1.396s] -- Up-to-date symlink: /home/ver/Ros/ver_ws/install/user_interface/lib/python3.12/site-packages/user_interface/srv/_add_and_odd.py
[1.396s] -- Up-to-date symlink: /home/ver/Ros/ver_ws/install/user_interface/lib/python3.12/site-packages/user_interface/srv/_add_and_odd_s.c
[1.397s] -- Up-to-date symlink: /home/ver/Ros/ver_ws/install/user_interface/lib/python3.12/site-packages/user_interface/user_interface_s__rosidl_typesupport_c.so
[1.397s] -- Up-to-date symlink: /home/ver/Ros/ver_ws/install/user_interface/lib/python3.12/site-packages/user_interface/user_interface_s__rosidl_typesupport_fastrtps_c.so
[1.397s] -- Up-to-date symlink: /home/ver/Ros/ver_ws/install/user_interface/lib/python3.12/site-packages/user_interface/user_interface_s__rosidl_typesupport_introspection_c.so
[1.397s] -- Up-to-date symlink: /home/ver/Ros/ver_ws/install/user_interface/lib/python3.12/site-packages/user_interface/user_interface_s__rosidl_typesupport_fastrtps_c.so
[1.397s] -- Up-to-date symlink: /home/ver/Ros/ver_ws/install/user_interface/lib/python3.12/site-packages/user_interface/user_interface_s__rosidl_typesupport_introspection_c.so
[1.398s] -- Up-to-date symlink: /home/ver/Ros/ver_ws/install/user_interface/lib/python3.12/site-packages/user_interface/user_interface_s__rosidl_typesupport_c.so
[1.398s] -- Up-to-date symlink: /home/ver/Ros/ver_ws/install/user_interface/share/ament_index/resource_index/rust_packages/user_interface
[1.399s] -- Up-to-date symlink: /home/ver/Ros/ver_ws/install/user_interface/share/user_interface/rust/Cargo.toml
[1.399s] -- Up-to-date symlink: /home/ver/Ros/ver_ws/install/user_interface/share/user_interface/rust/build.rs
[1.399s] -- Up-to-date symlink: /home/ver/Ros/ver_ws/install/user_interface/share/user_interface/rust/src/action.rs
[1.399s] -- Up-to-date symlink: /home/ver/Ros/ver_ws/install/user_interface/share/user_interface/rust/src/action/rmw.rs
[1.400s] -- Up-to-date symlink: /home/ver/Ros/ver_ws/install/user_interface/share/user_interface/rust/src/lib.rs
[1.400s] -- Up-to-date symlink: /home/ver/Ros/ver_ws/install/user_interface/share/user_interface/rust/src/msg.rs
[1.400s] -- Up-to-date symlink: /home/ver/Ros/ver_ws/install/user_interface/share/user_interface/rust/src/msg/rmw.rs
[1.400s] -- Up-to-date symlink: /home/ver/Ros/ver_ws/install/user_interface/share/user_interface/rust/src/srv.rs
[1.400s] -- Up-to-date symlink: /home/ver/Ros/ver_ws/install/user_interface/share/user_interface/rust/src/srv/rmw.rs
[1.401s] -- Up-to-date symlink: /home/ver/Ros/ver_ws/install/user_interface/share/user_interface/msg/UserInt.idl
[1.401s] -- Up-to-date symlink: /home/ver/Ros/ver_ws/install/user_interface/share/user_interface/srv/AddAndOdd.idl
[1.401s] -- Up-to-date symlink: /home/ver/Ros/ver_ws/install/user_interface/share/user_interface/action/Fibonacci.idl
[1.401s] -- Up-to-date symlink: /home/ver/Ros/ver_ws/install/user_interface/share/user_interface/msg/UserInt.msg
[1.402s] -- Up-to-date symlink: /home/ver/Ros/ver_ws/install/user_interface/share/user_interface/srv/AddAndOdd.srv
[1.402s] -- Up-to-date symlink: /home/ver/Ros/ver_ws/install/user_interface/share/user_interface/action/Fibonacci.action
[1.402s] -- Up-to-date symlink: /home/ver/Ros/ver_ws/install/user_interface/share/ament_index/resource_index/package_run_dependencies/user_interface
[1.402s] -- Up-to-date symlink: /home/ver/Ros/ver_ws/install/user_interface/share/ament_index/resource_index/parent_prefix_path/user_interface
[1.402s] -- Up-to-date symlink: /home/ver/Ros/ver_ws/install/user_interface/share/user_interface/environment/ament_prefix_path.sh
[1.403s] -- Up-to-date symlink: /home/ver/Ros/ver_ws/install/user_interface/share/user_interface/environment/ament_prefix_path.dsv
[1.403s] -- Up-to-date symlink: /home/ver/Ros/ver_ws/install/user_interface/share/user_interface/environment/path.sh
[1.403s] -- Up-to-date symlink: /home/ver/Ros/ver_ws/install/user_interface/share/user_interface/environment/path.dsv
[1.403s] -- Up-to-date symlink: /home/ver/Ros/ver_ws/install/user_interface/share/user_interface/local_setup.bash
[1.403s] -- Up-to-date symlink: /home/ver/Ros/ver_ws/install/user_interface/share/user_interface/local_setup.sh
[1.404s] -- Up-to-date symlink: /home/ver/Ros/ver_ws/install/user_interface/share/user_interface/local_setup.zsh
[1.404s] -- Up-to-date symlink: /home/ver/Ros/ver_ws/install/user_interface/share/user_interface/local_setup.dsv
[1.404s] -- Symlinking: /home/ver/Ros/ver_ws/install/user_interface/share/user_interface/package.dsv
[1.410s] -- Up-to-date symlink: /home/ver/Ros/ver_ws/install/user_interface/share/ament_index/resource_index/packages/user_interface
[1.411s] -- Up-to-date symlink: /home/ver/Ros/ver_ws/install/user_interface/share/user_interface/cmake/rosidl_cmake-extras.cmake
[1.411s] -- Up-to-date symlink: /home/ver/Ros/ver_ws/install/user_interface/share/user_interface/cmake/ament_cmake_export_dependencies-extras.cmake
[1.411s] -- Up-to-date symlink: /home/ver/Ros/ver_ws/install/user_interface/share/user_interface/cmake/ament_cmake_export_include_directories-extras.cmake
[1.412s] -- Up-to-date symlink: /home/ver/Ros/ver_ws/install/user_interface/share/user_interface/cmake/ament_cmake_export_libraries-extras.cmake
[1.412s] -- Up-to-date symlink: /home/ver/Ros/ver_ws/install/user_interface/share/user_interface/cmake/ament_cmake_export_targets-extras.cmake
[1.412s] -- Up-to-date symlink: /home/ver/Ros/ver_ws/install/user_interface/share/user_interface/cmake/rosidl_cmake_export_typesupport_targets-extras.cmake
[1.413s] -- Up-to-date symlink: /home/ver/Ros/ver_ws/install/user_interface/share/user_interface/cmake/rosidl_cmake_export_typesupport_libraries-extras.cmake
[1.413s] -- Up-to-date symlink: /home/ver/Ros/ver_ws/install/user_interface/share/user_interface/cmake/rosidl_cmake_aggregate_target-extras.cmake
[1.413s] -- Up-to-date symlink: /home/ver/Ros/ver_ws/install/user_interface/share/user_interface/cmake/user_interfaceConfig.cmake
[1.414s] -- Up-to-date symlink: /home/ver/Ros/ver_ws/install/user_interface/share/user_interface/cmake/user_interfaceConfig-version.cmake
[1.414s] -- Up-to-date symlink: /home/ver/Ros/ver_ws/install/user_interface/share/user_interface/package.xml
[1.415s] -- Up-to-date: /home/ver/Ros/ver_ws/install/user_interface/lib/libuser_interface__rosidl_generator_c.so
[1.415s] -- Up-to-date: /home/ver/Ros/ver_ws/install/user_interface/lib/libuser_interface__rosidl_typesupport_fastrtps_c.so
[1.416s] -- Up-to-date: /home/ver/Ros/ver_ws/install/user_interface/lib/libuser_interface__rosidl_typesupport_introspection_c.so
[1.417s] -- Up-to-date: /home/ver/Ros/ver_ws/install/user_interface/lib/libuser_interface__rosidl_typesupport_c.so
[1.417s] -- Up-to-date: /home/ver/Ros/ver_ws/install/user_interface/lib/libuser_interface__rosidl_typesupport_fastrtps_cpp.so
[1.418s] -- Up-to-date: /home/ver/Ros/ver_ws/install/user_interface/lib/libuser_interface__rosidl_typesupport_introspection_cpp.so
[1.419s] -- Up-to-date: /home/ver/Ros/ver_ws/install/user_interface/lib/libuser_interface__rosidl_typesupport_cpp.so
[1.446s] Listing '/home/ver/Ros/ver_ws/install/user_interface/lib/python3.12/site-packages/user_interface'...
[1.446s] Compiling '/home/ver/Ros/ver_ws/install/user_interface/lib/python3.12/site-packages/user_interface/__init__.py'...
[1.447s] Listing '/home/ver/Ros/ver_ws/install/user_interface/lib/python3.12/site-packages/user_interface/action'...
[1.447s] Listing '/home/ver/Ros/ver_ws/install/user_interface/lib/python3.12/site-packages/user_interface/msg'...
[1.447s] Listing '/home/ver/Ros/ver_ws/install/user_interface/lib/python3.12/site-packages/user_interface/srv'...
[1.451s] -- Up-to-date: /home/ver/Ros/ver_ws/install/user_interface/lib/libuser_interface__rosidl_generator_py.so
[1.451s] -- Up-to-date: /home/ver/Ros/ver_ws/install/user_interface/share/user_interface/cmake/export_user_interface__rosidl_generator_cExport.cmake
[1.451s] -- Up-to-date: /home/ver/Ros/ver_ws/install/user_interface/share/user_interface/cmake/export_user_interface__rosidl_generator_cExport-noconfig.cmake
[1.451s] -- Up-to-date: /home/ver/Ros/ver_ws/install/user_interface/share/user_interface/cmake/export_user_interface__rosidl_typesupport_fastrtps_cExport.cmake
[1.452s] -- Up-to-date: /home/ver/Ros/ver_ws/install/user_interface/share/user_interface/cmake/export_user_interface__rosidl_typesupport_fastrtps_cExport-noconfig.cmake
[1.452s] -- Up-to-date: /home/ver/Ros/ver_ws/install/user_interface/share/user_interface/cmake/user_interface__rosidl_typesupport_introspection_cExport.cmake
[1.452s] -- Up-to-date: /home/ver/Ros/ver_ws/install/user_interface/share/user_interface/cmake/user_interface__rosidl_typesupport_introspection_cExport-noconfig.cmake
[1.452s] -- Up-to-date: /home/ver/Ros/ver_ws/install/user_interface/share/user_interface/cmake/user_interface__rosidl_typesupport_cExport.cmake
[1.452s] -- Up-to-date: /home/ver/Ros/ver_ws/install/user_interface/share/user_interface/cmake/user_interface__rosidl_typesupport_cExport-noconfig.cmake
[1.452s] -- Up-to-date: /home/ver/Ros/ver_ws/install/user_interface/share/user_interface/cmake/export_user_interface__rosidl_generator_cppExport.cmake
[1.452s] -- Up-to-date: /home/ver/Ros/ver_ws/install/user_interface/share/user_interface/cmake/export_user_interface__rosidl_typesupport_fastrtps_cppExport.cmake
[1.453s] -- Up-to-date: /home/ver/Ros/ver_ws/install/user_interface/share/user_interface/cmake/export_user_interface__rosidl_typesupport_fastrtps_cppExport-noconfig.cmake
[1.453s] -- Up-to-date: /home/ver/Ros/ver_ws/install/user_interface/share/user_interface/cmake/user_interface__rosidl_typesupport_introspection_cppExport.cmake
[1.453s] -- Up-to-date: /home/ver/Ros/ver_ws/install/user_interface/share/user_interface/cmake/user_interface__rosidl_typesupport_introspection_cppExport-noconfig.cmake
[1.453s] -- Up-to-date: /home/ver/Ros/ver_ws/install/user_interface/share/user_interface/cmake/user_interface__rosidl_typesupport_cppExport.cmake
[1.453s] -- Up-to-date: /home/ver/Ros/ver_ws/install/user_interface/share/user_interface/cmake/user_interface__rosidl_typesupport_cppExport-noconfig.cmake
[1.453s] -- Up-to-date: /home/ver/Ros/ver_ws/install/user_interface/share/user_interface/cmake/export_user_interface__rosidl_generator_pyExport.cmake
[1.453s] -- Up-to-date: /home/ver/Ros/ver_ws/install/user_interface/share/user_interface/cmake/export_user_interface__rosidl_generator_pyExport-noconfig.cmake
[1.455s] Invoked command in '/home/ver/Ros/ver_ws/build/user_interface' returned '0': CMAKE_PREFIX_PATH=${CMAKE_PREFIX_PATH}:/home/ver/Ros/ver_ws/install/ver_basic:/opt/ros/jazzy /usr/bin/cmake --install /home/ver/Ros/ver_ws/build/user_interface
